[2022-12-04T15:52:02.823+0000] {manager.py:483} INFO - Processing files using up to 2 processes at a time 
[2022-12-04T15:52:02.880+0000] {manager.py:484} INFO - Process each file at most once every 30 seconds
[2022-12-04T15:52:02.880+0000] {manager.py:486} INFO - Checking for new files in /opt/airflow/dags every 300 seconds
[2022-12-04T15:52:02.908+0000] {manager.py:726} INFO - Searching for files in /opt/airflow/dags
[2022-12-04T15:52:03.067+0000] {manager.py:729} INFO - There are 39 files in /opt/airflow/dags
[2022-12-04T15:52:06.169+0000] {manager.py:851} INFO - 
================================================================================
DAG File Processing Stats

File Path                                                                                                           PID  Runtime      # DAGs    # Errors  Last Runtime    Last Run
----------------------------------------------------------------------------------------------------------------  -----  ---------  --------  ----------  --------------  ----------
/opt/airflow/dags/data_ingestion_gcp.py                                                                             110  1.11s             0           0
/home/airflow/.local/lib/python3.7/site-packages/airflow/example_dags/example_sla_dag.py                            112  0.89s             0           0
/home/airflow/.local/lib/python3.7/site-packages/airflow/example_dags/example_latest_only.py                                               0           0
/home/airflow/.local/lib/python3.7/site-packages/airflow/example_dags/example_sensors.py                                                   0           0
/home/airflow/.local/lib/python3.7/site-packages/airflow/example_dags/example_branch_datetime_operator.py                                  0           0
/home/airflow/.local/lib/python3.7/site-packages/airflow/example_dags/example_trigger_controller_dag.py                                    0           0
/home/airflow/.local/lib/python3.7/site-packages/airflow/example_dags/example_branch_python_dop_operator_3.py                              0           0
/home/airflow/.local/lib/python3.7/site-packages/airflow/example_dags/example_latest_only_with_trigger.py                                  0           0
/home/airflow/.local/lib/python3.7/site-packages/airflow/example_dags/example_short_circuit_operator.py                                    0           0
/home/airflow/.local/lib/python3.7/site-packages/airflow/example_dags/tutorial_taskflow_api_virtualenv.py                                  0           0
/home/airflow/.local/lib/python3.7/site-packages/airflow/example_dags/example_trigger_target_dag.py                                        0           0
/home/airflow/.local/lib/python3.7/site-packages/airflow/example_dags/example_subdag_operator.py                                           0           0
/home/airflow/.local/lib/python3.7/site-packages/airflow/example_dags/example_bash_operator.py                                             0           0
/home/airflow/.local/lib/python3.7/site-packages/airflow/example_dags/example_external_task_marker_dag.py                                  0           0
/home/airflow/.local/lib/python3.7/site-packages/airflow/example_dags/example_local_kubernetes_executor.py                                 0           0
/home/airflow/.local/lib/python3.7/site-packages/airflow/example_dags/example_nested_branch_dag.py                                         0           0
/home/airflow/.local/lib/python3.7/site-packages/airflow/example_dags/tutorial.py                                                          0           0
/home/airflow/.local/lib/python3.7/site-packages/airflow/example_dags/example_short_circuit_decorator.py                                   0           0
/home/airflow/.local/lib/python3.7/site-packages/airflow/example_dags/example_task_group_decorator.py                                      0           0
/home/airflow/.local/lib/python3.7/site-packages/airflow/example_dags/example_sensor_decorator.py                                          0           0
/home/airflow/.local/lib/python3.7/site-packages/airflow/example_dags/example_task_group.py                                                0           0
/home/airflow/.local/lib/python3.7/site-packages/airflow/example_dags/example_kubernetes_executor.py                                       0           0
/home/airflow/.local/lib/python3.7/site-packages/airflow/example_dags/example_branch_day_of_week_operator.py                               0           0
/home/airflow/.local/lib/python3.7/site-packages/airflow/example_dags/example_branch_operator_decorator.py                                 0           0
/home/airflow/.local/lib/python3.7/site-packages/airflow/example_dags/example_xcom.py                                                      0           0
/home/airflow/.local/lib/python3.7/site-packages/airflow/example_dags/example_datasets.py                                                  0           0
/home/airflow/.local/lib/python3.7/site-packages/airflow/example_dags/example_dag_decorator.py                                             0           0
/home/airflow/.local/lib/python3.7/site-packages/airflow/example_dags/tutorial_dag.py                                                      0           0
/home/airflow/.local/lib/python3.7/site-packages/airflow/example_dags/example_branch_operator.py                                           0           0
/home/airflow/.local/lib/python3.7/site-packages/airflow/example_dags/example_xcomargs.py                                                  0           0
/home/airflow/.local/lib/python3.7/site-packages/airflow/example_dags/example_passing_params_via_test_command.py                           0           0
/home/airflow/.local/lib/python3.7/site-packages/airflow/example_dags/tutorial_taskflow_api.py                                             0           0
/home/airflow/.local/lib/python3.7/site-packages/airflow/example_dags/example_branch_labels.py                                             0           0
/home/airflow/.local/lib/python3.7/site-packages/airflow/example_dags/example_complex.py                                                   0           0
/home/airflow/.local/lib/python3.7/site-packages/airflow/example_dags/example_skip_dag.py                                                  0           0
/home/airflow/.local/lib/python3.7/site-packages/airflow/example_dags/example_time_delta_sensor_async.py                                   0           0
/home/airflow/.local/lib/python3.7/site-packages/airflow/example_dags/example_python_operator.py                                           0           0
/home/airflow/.local/lib/python3.7/site-packages/airflow/example_dags/subdags/subdag.py                                                    0           0
/home/airflow/.local/lib/python3.7/site-packages/airflow/example_dags/plugins/workday.py                                                   0           0
================================================================================
[2022-12-04T15:52:37.017+0000] {manager.py:851} INFO - 
================================================================================
DAG File Processing Stats

File Path                                                                                                           PID  Runtime      # DAGs    # Errors  Last Runtime    Last Run
----------------------------------------------------------------------------------------------------------------  -----  ---------  --------  ----------  --------------  -------------------
/opt/airflow/dags/data_ingestion_gcp.py                                                                             110  32.11s            0           0
/home/airflow/.local/lib/python3.7/site-packages/airflow/example_dags/example_branch_python_dop_operator_3.py       127  5.09s             0           0
/home/airflow/.local/lib/python3.7/site-packages/airflow/example_dags/example_latest_only_with_trigger.py                                  0           0
/home/airflow/.local/lib/python3.7/site-packages/airflow/example_dags/example_short_circuit_operator.py                                    0           0
/home/airflow/.local/lib/python3.7/site-packages/airflow/example_dags/tutorial_taskflow_api_virtualenv.py                                  0           0
/home/airflow/.local/lib/python3.7/site-packages/airflow/example_dags/example_trigger_target_dag.py                                        0           0
/home/airflow/.local/lib/python3.7/site-packages/airflow/example_dags/example_subdag_operator.py                                           0           0
/home/airflow/.local/lib/python3.7/site-packages/airflow/example_dags/example_bash_operator.py                                             0           0
/home/airflow/.local/lib/python3.7/site-packages/airflow/example_dags/example_external_task_marker_dag.py                                  0           0
/home/airflow/.local/lib/python3.7/site-packages/airflow/example_dags/example_local_kubernetes_executor.py                                 0           0
/home/airflow/.local/lib/python3.7/site-packages/airflow/example_dags/example_nested_branch_dag.py                                         0           0
/home/airflow/.local/lib/python3.7/site-packages/airflow/example_dags/tutorial.py                                                          0           0
/home/airflow/.local/lib/python3.7/site-packages/airflow/example_dags/example_short_circuit_decorator.py                                   0           0
/home/airflow/.local/lib/python3.7/site-packages/airflow/example_dags/example_task_group_decorator.py                                      0           0
/home/airflow/.local/lib/python3.7/site-packages/airflow/example_dags/example_sensor_decorator.py                                          0           0
/home/airflow/.local/lib/python3.7/site-packages/airflow/example_dags/example_task_group.py                                                0           0
/home/airflow/.local/lib/python3.7/site-packages/airflow/example_dags/example_kubernetes_executor.py                                       0           0
/home/airflow/.local/lib/python3.7/site-packages/airflow/example_dags/example_branch_day_of_week_operator.py                               0           0
/home/airflow/.local/lib/python3.7/site-packages/airflow/example_dags/example_branch_operator_decorator.py                                 0           0
/home/airflow/.local/lib/python3.7/site-packages/airflow/example_dags/example_xcom.py                                                      0           0
/home/airflow/.local/lib/python3.7/site-packages/airflow/example_dags/example_datasets.py                                                  0           0
/home/airflow/.local/lib/python3.7/site-packages/airflow/example_dags/example_dag_decorator.py                                             0           0
/home/airflow/.local/lib/python3.7/site-packages/airflow/example_dags/tutorial_dag.py                                                      0           0
/home/airflow/.local/lib/python3.7/site-packages/airflow/example_dags/example_branch_operator.py                                           0           0
/home/airflow/.local/lib/python3.7/site-packages/airflow/example_dags/example_xcomargs.py                                                  0           0
/home/airflow/.local/lib/python3.7/site-packages/airflow/example_dags/example_passing_params_via_test_command.py                           0           0
/home/airflow/.local/lib/python3.7/site-packages/airflow/example_dags/tutorial_taskflow_api.py                                             0           0
/home/airflow/.local/lib/python3.7/site-packages/airflow/example_dags/example_branch_labels.py                                             0           0
/home/airflow/.local/lib/python3.7/site-packages/airflow/example_dags/example_complex.py                                                   0           0
/home/airflow/.local/lib/python3.7/site-packages/airflow/example_dags/example_skip_dag.py                                                  0           0
/home/airflow/.local/lib/python3.7/site-packages/airflow/example_dags/example_time_delta_sensor_async.py                                   0           0
/home/airflow/.local/lib/python3.7/site-packages/airflow/example_dags/example_python_operator.py                                           0           0
/home/airflow/.local/lib/python3.7/site-packages/airflow/example_dags/subdags/subdag.py                                                    0           0
/home/airflow/.local/lib/python3.7/site-packages/airflow/example_dags/plugins/workday.py                                                   0           0
/home/airflow/.local/lib/python3.7/site-packages/airflow/example_dags/example_sla_dag.py                                                   1           0  7.43s           2022-12-04T15:52:12
/home/airflow/.local/lib/python3.7/site-packages/airflow/example_dags/example_latest_only.py                                               1           0  5.44s           2022-12-04T15:52:17
/home/airflow/.local/lib/python3.7/site-packages/airflow/example_dags/example_sensors.py                                                   1           0  4.98s           2022-12-04T15:52:22
/home/airflow/.local/lib/python3.7/site-packages/airflow/example_dags/example_trigger_controller_dag.py                                    1           0  3.59s           2022-12-04T15:52:31
/home/airflow/.local/lib/python3.7/site-packages/airflow/example_dags/example_branch_datetime_operator.py                                  3           0  5.24s           2022-12-04T15:52:28
================================================================================
[2022-12-04T15:53:07.902+0000] {manager.py:851} INFO - 
================================================================================
DAG File Processing Stats

File Path                                                                                                           PID  Runtime      # DAGs    # Errors  Last Runtime    Last Run
----------------------------------------------------------------------------------------------------------------  -----  ---------  --------  ----------  --------------  -------------------
/opt/airflow/dags/data_ingestion_gcp.py                                                                                                    0           1  32.29s          2022-12-04T15:52:37
/home/airflow/.local/lib/python3.7/site-packages/airflow/example_dags/example_task_group.py                         160  1.92s             0           0
/home/airflow/.local/lib/python3.7/site-packages/airflow/example_dags/example_kubernetes_executor.py                161  0.09s             0           0
/home/airflow/.local/lib/python3.7/site-packages/airflow/example_dags/example_branch_day_of_week_operator.py                               0           0
/home/airflow/.local/lib/python3.7/site-packages/airflow/example_dags/example_branch_operator_decorator.py                                 0           0
/home/airflow/.local/lib/python3.7/site-packages/airflow/example_dags/example_xcom.py                                                      0           0
/home/airflow/.local/lib/python3.7/site-packages/airflow/example_dags/example_datasets.py                                                  0           0
/home/airflow/.local/lib/python3.7/site-packages/airflow/example_dags/example_dag_decorator.py                                             0           0
/home/airflow/.local/lib/python3.7/site-packages/airflow/example_dags/tutorial_dag.py                                                      0           0
/home/airflow/.local/lib/python3.7/site-packages/airflow/example_dags/example_branch_operator.py                                           0           0
/home/airflow/.local/lib/python3.7/site-packages/airflow/example_dags/example_xcomargs.py                                                  0           0
/home/airflow/.local/lib/python3.7/site-packages/airflow/example_dags/example_passing_params_via_test_command.py                           0           0
/home/airflow/.local/lib/python3.7/site-packages/airflow/example_dags/tutorial_taskflow_api.py                                             0           0
/home/airflow/.local/lib/python3.7/site-packages/airflow/example_dags/example_branch_labels.py                                             0           0
/home/airflow/.local/lib/python3.7/site-packages/airflow/example_dags/example_complex.py                                                   0           0
/home/airflow/.local/lib/python3.7/site-packages/airflow/example_dags/example_skip_dag.py                                                  0           0
/home/airflow/.local/lib/python3.7/site-packages/airflow/example_dags/example_time_delta_sensor_async.py                                   0           0
/home/airflow/.local/lib/python3.7/site-packages/airflow/example_dags/example_python_operator.py                                           0           0
/home/airflow/.local/lib/python3.7/site-packages/airflow/example_dags/subdags/subdag.py                                                    0           0
/home/airflow/.local/lib/python3.7/site-packages/airflow/example_dags/plugins/workday.py                                                   0           0
/home/airflow/.local/lib/python3.7/site-packages/airflow/example_dags/example_sla_dag.py                                                   1           0  7.43s           2022-12-04T15:52:12
/home/airflow/.local/lib/python3.7/site-packages/airflow/example_dags/example_latest_only.py                                               1           0  5.44s           2022-12-04T15:52:17
/home/airflow/.local/lib/python3.7/site-packages/airflow/example_dags/example_sensors.py                                                   1           0  4.98s           2022-12-04T15:52:22
/home/airflow/.local/lib/python3.7/site-packages/airflow/example_dags/example_trigger_controller_dag.py                                    1           0  3.59s           2022-12-04T15:52:31
/home/airflow/.local/lib/python3.7/site-packages/airflow/example_dags/example_branch_python_dop_operator_3.py                              1           0  5.28s           2022-12-04T15:52:37
/home/airflow/.local/lib/python3.7/site-packages/airflow/example_dags/example_latest_only_with_trigger.py                                  1           0  4.64s           2022-12-04T15:52:41
/home/airflow/.local/lib/python3.7/site-packages/airflow/example_dags/example_short_circuit_operator.py                                    1           0  4.58s           2022-12-04T15:52:41
/home/airflow/.local/lib/python3.7/site-packages/airflow/example_dags/tutorial_taskflow_api_virtualenv.py                                  1           0  4.13s           2022-12-04T15:52:45
/home/airflow/.local/lib/python3.7/site-packages/airflow/example_dags/example_trigger_target_dag.py                                        1           0  4.26s           2022-12-04T15:52:46
/home/airflow/.local/lib/python3.7/site-packages/airflow/example_dags/example_bash_operator.py                                             1           0  5.17s           2022-12-04T15:52:51
/home/airflow/.local/lib/python3.7/site-packages/airflow/example_dags/example_local_kubernetes_executor.py                                 1           0  4.19s           2022-12-04T15:52:55
/home/airflow/.local/lib/python3.7/site-packages/airflow/example_dags/example_nested_branch_dag.py                                         1           0  4.70s           2022-12-04T15:53:00
/home/airflow/.local/lib/python3.7/site-packages/airflow/example_dags/tutorial.py                                                          1           0  4.13s           2022-12-04T15:53:00
/home/airflow/.local/lib/python3.7/site-packages/airflow/example_dags/example_short_circuit_decorator.py                                   1           0  3.97s           2022-12-04T15:53:04
/home/airflow/.local/lib/python3.7/site-packages/airflow/example_dags/example_task_group_decorator.py                                      1           0  4.56s           2022-12-04T15:53:05
/home/airflow/.local/lib/python3.7/site-packages/airflow/example_dags/example_sensor_decorator.py                                          1           0  3.17s           2022-12-04T15:53:07
/home/airflow/.local/lib/python3.7/site-packages/airflow/example_dags/example_external_task_marker_dag.py                                  2           0  5.16s           2022-12-04T15:52:56
/home/airflow/.local/lib/python3.7/site-packages/airflow/example_dags/example_branch_datetime_operator.py                                  3           0  5.24s           2022-12-04T15:52:28
/home/airflow/.local/lib/python3.7/site-packages/airflow/example_dags/example_subdag_operator.py                                           3           0  5.08s           2022-12-04T15:52:51
================================================================================
[2022-12-04T15:53:38.398+0000] {manager.py:851} INFO - 
================================================================================
DAG File Processing Stats

File Path                                                                                                           PID  Runtime      # DAGs    # Errors  Last Runtime    Last Run
----------------------------------------------------------------------------------------------------------------  -----  ---------  --------  ----------  --------------  -------------------
/home/airflow/.local/lib/python3.7/site-packages/airflow/example_dags/subdags/subdag.py                                                    0           0  0.23s           2022-12-04T15:53:24
/home/airflow/.local/lib/python3.7/site-packages/airflow/example_dags/plugins/workday.py                                                   0           0  0.34s           2022-12-04T15:53:25
/opt/airflow/dags/data_ingestion_gcp.py                                                                                                    1           0  12.92s          2022-12-04T15:53:38
/home/airflow/.local/lib/python3.7/site-packages/airflow/example_dags/example_sla_dag.py                                                   1           0  1.20s           2022-12-04T15:53:26
/home/airflow/.local/lib/python3.7/site-packages/airflow/example_dags/example_latest_only.py                                               1           0  1.36s           2022-12-04T15:53:28
/home/airflow/.local/lib/python3.7/site-packages/airflow/example_dags/example_sensors.py                                                   1           0  0.71s           2022-12-04T15:53:28
/home/airflow/.local/lib/python3.7/site-packages/airflow/example_dags/example_trigger_controller_dag.py                                    1           0  0.58s           2022-12-04T15:53:30
/home/airflow/.local/lib/python3.7/site-packages/airflow/example_dags/example_branch_python_dop_operator_3.py                              1           0  0.75s           2022-12-04T15:53:31
/home/airflow/.local/lib/python3.7/site-packages/airflow/example_dags/example_latest_only_with_trigger.py                                  1           0  0.66s           2022-12-04T15:53:32
/home/airflow/.local/lib/python3.7/site-packages/airflow/example_dags/example_short_circuit_operator.py                                    1           0  0.54s           2022-12-04T15:53:32
/home/airflow/.local/lib/python3.7/site-packages/airflow/example_dags/tutorial_taskflow_api_virtualenv.py                                  1           0  0.39s           2022-12-04T15:53:33
/home/airflow/.local/lib/python3.7/site-packages/airflow/example_dags/example_trigger_target_dag.py                                        1           0  0.67s           2022-12-04T15:53:33
/home/airflow/.local/lib/python3.7/site-packages/airflow/example_dags/example_bash_operator.py                      212  1.83s             1           0  5.17s           2022-12-04T15:52:51
/home/airflow/.local/lib/python3.7/site-packages/airflow/example_dags/example_local_kubernetes_executor.py                                 1           0  4.19s           2022-12-04T15:52:55
/home/airflow/.local/lib/python3.7/site-packages/airflow/example_dags/example_nested_branch_dag.py                                         1           0  4.70s           2022-12-04T15:53:00
/home/airflow/.local/lib/python3.7/site-packages/airflow/example_dags/tutorial.py                                                          1           0  4.13s           2022-12-04T15:53:00
/home/airflow/.local/lib/python3.7/site-packages/airflow/example_dags/example_short_circuit_decorator.py                                   1           0  3.97s           2022-12-04T15:53:04
/home/airflow/.local/lib/python3.7/site-packages/airflow/example_dags/example_task_group_decorator.py                                      1           0  4.56s           2022-12-04T15:53:05
/home/airflow/.local/lib/python3.7/site-packages/airflow/example_dags/example_sensor_decorator.py                                          1           0  3.17s           2022-12-04T15:53:07
/home/airflow/.local/lib/python3.7/site-packages/airflow/example_dags/example_task_group.py                                                1           0  2.62s           2022-12-04T15:53:08
/home/airflow/.local/lib/python3.7/site-packages/airflow/example_dags/example_kubernetes_executor.py                                       1           0  1.86s           2022-12-04T15:53:09
/home/airflow/.local/lib/python3.7/site-packages/airflow/example_dags/example_branch_day_of_week_operator.py                               1           0  1.21s           2022-12-04T15:53:09
/home/airflow/.local/lib/python3.7/site-packages/airflow/example_dags/example_branch_operator_decorator.py                                 1           0  1.02s           2022-12-04T15:53:10
/home/airflow/.local/lib/python3.7/site-packages/airflow/example_dags/example_xcom.py                                                      1           0  0.99s           2022-12-04T15:53:10
/home/airflow/.local/lib/python3.7/site-packages/airflow/example_dags/example_dag_decorator.py                                             1           0  1.38s           2022-12-04T15:53:12
/home/airflow/.local/lib/python3.7/site-packages/airflow/example_dags/tutorial_dag.py                                                      1           0  0.92s           2022-12-04T15:53:13
/home/airflow/.local/lib/python3.7/site-packages/airflow/example_dags/example_branch_operator.py                                           1           0  1.08s           2022-12-04T15:53:13
/home/airflow/.local/lib/python3.7/site-packages/airflow/example_dags/example_passing_params_via_test_command.py                           1           0  3.96s           2022-12-04T15:53:18
/home/airflow/.local/lib/python3.7/site-packages/airflow/example_dags/tutorial_taskflow_api.py                                             1           0  3.87s           2022-12-04T15:53:19
/home/airflow/.local/lib/python3.7/site-packages/airflow/example_dags/example_branch_labels.py                                             1           0  3.42s           2022-12-04T15:53:21
/home/airflow/.local/lib/python3.7/site-packages/airflow/example_dags/example_complex.py                                                   1           0  3.61s           2022-12-04T15:53:23
/home/airflow/.local/lib/python3.7/site-packages/airflow/example_dags/example_skip_dag.py                                                  1           0  2.63s           2022-12-04T15:53:24
/home/airflow/.local/lib/python3.7/site-packages/airflow/example_dags/example_time_delta_sensor_async.py                                   1           0  1.53s           2022-12-04T15:53:24
/home/airflow/.local/lib/python3.7/site-packages/airflow/example_dags/example_python_operator.py                                           1           0  1.42s           2022-12-04T15:53:25
/home/airflow/.local/lib/python3.7/site-packages/airflow/example_dags/example_external_task_marker_dag.py           213  0.06s             2           0  5.16s           2022-12-04T15:52:56
/home/airflow/.local/lib/python3.7/site-packages/airflow/example_dags/example_xcomargs.py                                                  2           0  2.47s           2022-12-04T15:53:15
/home/airflow/.local/lib/python3.7/site-packages/airflow/example_dags/example_branch_datetime_operator.py                                  3           0  1.14s           2022-12-04T15:53:30
/home/airflow/.local/lib/python3.7/site-packages/airflow/example_dags/example_subdag_operator.py                                           3           0  2.33s           2022-12-04T15:53:36
/home/airflow/.local/lib/python3.7/site-packages/airflow/example_dags/example_datasets.py                                                  6           0  1.79s           2022-12-04T15:53:12
================================================================================
[2022-12-04T15:54:09.369+0000] {manager.py:851} INFO - 
================================================================================
DAG File Processing Stats

File Path                                                                                                           PID  Runtime      # DAGs    # Errors  Last Runtime    Last Run
----------------------------------------------------------------------------------------------------------------  -----  ---------  --------  ----------  --------------  -------------------
/home/airflow/.local/lib/python3.7/site-packages/airflow/example_dags/subdags/subdag.py                                                    0           0  0.70s           2022-12-04T15:53:56
/home/airflow/.local/lib/python3.7/site-packages/airflow/example_dags/plugins/workday.py                                                   0           0  0.44s           2022-12-04T15:53:56
/opt/airflow/dags/data_ingestion_gcp.py                                                                             263  1.03s             1           0  12.92s          2022-12-04T15:53:38
/home/airflow/.local/lib/python3.7/site-packages/airflow/example_dags/example_sla_dag.py                                                   1           0  1.44s           2022-12-04T15:53:58
/home/airflow/.local/lib/python3.7/site-packages/airflow/example_dags/example_latest_only.py                                               1           0  1.48s           2022-12-04T15:53:59
/home/airflow/.local/lib/python3.7/site-packages/airflow/example_dags/example_sensors.py                                                   1           0  1.10s           2022-12-04T15:54:00
/home/airflow/.local/lib/python3.7/site-packages/airflow/example_dags/example_trigger_controller_dag.py                                    1           0  1.34s           2022-12-04T15:54:02
/home/airflow/.local/lib/python3.7/site-packages/airflow/example_dags/example_branch_python_dop_operator_3.py                              1           0  1.09s           2022-12-04T15:54:03
/home/airflow/.local/lib/python3.7/site-packages/airflow/example_dags/example_latest_only_with_trigger.py                                  1           0  0.79s           2022-12-04T15:54:02
/home/airflow/.local/lib/python3.7/site-packages/airflow/example_dags/example_short_circuit_operator.py                                    1           0  0.91s           2022-12-04T15:54:03
/home/airflow/.local/lib/python3.7/site-packages/airflow/example_dags/tutorial_taskflow_api_virtualenv.py                                  1           0  0.88s           2022-12-04T15:54:04
/home/airflow/.local/lib/python3.7/site-packages/airflow/example_dags/example_trigger_target_dag.py                                        1           0  0.36s           2022-12-04T15:54:04
/home/airflow/.local/lib/python3.7/site-packages/airflow/example_dags/example_bash_operator.py                      265  0.01s             1           0  2.74s           2022-12-04T15:53:39
/home/airflow/.local/lib/python3.7/site-packages/airflow/example_dags/example_local_kubernetes_executor.py                                 1           0  2.76s           2022-12-04T15:53:41
/home/airflow/.local/lib/python3.7/site-packages/airflow/example_dags/example_nested_branch_dag.py                                         1           0  2.16s           2022-12-04T15:53:43
/home/airflow/.local/lib/python3.7/site-packages/airflow/example_dags/tutorial.py                                                          1           0  1.46s           2022-12-04T15:53:43
/home/airflow/.local/lib/python3.7/site-packages/airflow/example_dags/example_short_circuit_decorator.py                                   1           0  1.05s           2022-12-04T15:53:44
/home/airflow/.local/lib/python3.7/site-packages/airflow/example_dags/example_task_group_decorator.py                                      1           0  0.71s           2022-12-04T15:53:44
/home/airflow/.local/lib/python3.7/site-packages/airflow/example_dags/example_sensor_decorator.py                                          1           0  0.48s           2022-12-04T15:53:44
/home/airflow/.local/lib/python3.7/site-packages/airflow/example_dags/example_task_group.py                                                1           0  0.41s           2022-12-04T15:53:44
/home/airflow/.local/lib/python3.7/site-packages/airflow/example_dags/example_kubernetes_executor.py                                       1           0  0.38s           2022-12-04T15:53:45
/home/airflow/.local/lib/python3.7/site-packages/airflow/example_dags/example_branch_day_of_week_operator.py                               1           0  0.66s           2022-12-04T15:53:45
/home/airflow/.local/lib/python3.7/site-packages/airflow/example_dags/example_branch_operator_decorator.py                                 1           0  0.92s           2022-12-04T15:53:45
/home/airflow/.local/lib/python3.7/site-packages/airflow/example_dags/example_xcom.py                                                      1           0  0.84s           2022-12-04T15:53:46
/home/airflow/.local/lib/python3.7/site-packages/airflow/example_dags/example_dag_decorator.py                                             1           0  0.74s           2022-12-04T15:53:47
/home/airflow/.local/lib/python3.7/site-packages/airflow/example_dags/tutorial_dag.py                                                      1           0  0.41s           2022-12-04T15:53:47
/home/airflow/.local/lib/python3.7/site-packages/airflow/example_dags/example_branch_operator.py                                           1           0  0.41s           2022-12-04T15:53:47
/home/airflow/.local/lib/python3.7/site-packages/airflow/example_dags/example_passing_params_via_test_command.py                           1           0  0.46s           2022-12-04T15:53:48
/home/airflow/.local/lib/python3.7/site-packages/airflow/example_dags/tutorial_taskflow_api.py                                             1           0  0.23s           2022-12-04T15:53:49
/home/airflow/.local/lib/python3.7/site-packages/airflow/example_dags/example_branch_labels.py                                             1           0  0.50s           2022-12-04T15:53:52
/home/airflow/.local/lib/python3.7/site-packages/airflow/example_dags/example_complex.py                                                   1           0  1.12s           2022-12-04T15:53:54
/home/airflow/.local/lib/python3.7/site-packages/airflow/example_dags/example_skip_dag.py                                                  1           0  1.42s           2022-12-04T15:53:55
/home/airflow/.local/lib/python3.7/site-packages/airflow/example_dags/example_time_delta_sensor_async.py                                   1           0  1.86s           2022-12-04T15:53:57
/home/airflow/.local/lib/python3.7/site-packages/airflow/example_dags/example_python_operator.py                                           1           0  1.51s           2022-12-04T15:53:58
/home/airflow/.local/lib/python3.7/site-packages/airflow/example_dags/example_external_task_marker_dag.py                                  2           0  2.66s           2022-12-04T15:53:40
/home/airflow/.local/lib/python3.7/site-packages/airflow/example_dags/example_xcomargs.py                                                  2           0  0.45s           2022-12-04T15:53:48
/home/airflow/.local/lib/python3.7/site-packages/airflow/example_dags/example_branch_datetime_operator.py                                  3           0  1.43s           2022-12-04T15:54:02
/home/airflow/.local/lib/python3.7/site-packages/airflow/example_dags/example_subdag_operator.py                                           3           0  0.23s           2022-12-04T15:54:07
/home/airflow/.local/lib/python3.7/site-packages/airflow/example_dags/example_datasets.py                                                  6           0  0.88s           2022-12-04T15:53:46
================================================================================
[2022-12-04T15:54:30.511+0000] {manager.py:465} INFO - Exiting gracefully upon receiving signal 15
[2022-12-04T15:54:30.511+0000] {manager.py:465} INFO - Exiting gracefully upon receiving signal 15
[2022-12-04T15:54:33.045+0000] {manager.py:465} INFO - Exiting gracefully upon receiving signal 15
[2022-12-04 15:58:30,442] {manager.py:514} INFO - Processing files using up to 2 processes at a time 
[2022-12-04 15:58:30,442] {manager.py:515} INFO - Process each file at most once every 30 seconds
[2022-12-04 15:58:30,442] {manager.py:517} INFO - Checking for new files in /opt/airflow/dags every 300 seconds
[2022-12-04 15:58:30,443] {manager.py:663} INFO - Searching for files in /opt/airflow/dags
[2022-12-04 15:58:30,461] {manager.py:666} INFO - There are 1 files in /opt/airflow/dags
[2022-12-04 15:58:30,790] {manager.py:1065} INFO - Finding 'running' jobs without a recent heartbeat
[2022-12-04 15:58:30,812] {manager.py:1069} INFO - Failing jobs without heartbeat after 2022-12-04 15:53:30.812325+00:00
[2022-12-04 15:58:31,101] {manager.py:784} INFO - 
================================================================================
DAG File Processing Stats

File Path                                  PID  Runtime      # DAGs    # Errors  Last Runtime    Last Run
---------------------------------------  -----  ---------  --------  ----------  --------------  ----------
/opt/airflow/dags/data_ingestion_gcp.py     77  0.33s             0           0
================================================================================
[2022-12-04 15:58:41,146] {manager.py:1065} INFO - Finding 'running' jobs without a recent heartbeat
[2022-12-04 15:58:41,156] {manager.py:1069} INFO - Failing jobs without heartbeat after 2022-12-04 15:53:41.156268+00:00
[2022-12-04 15:58:51,302] {manager.py:1065} INFO - Finding 'running' jobs without a recent heartbeat
[2022-12-04 15:58:51,302] {manager.py:1069} INFO - Failing jobs without heartbeat after 2022-12-04 15:53:51.302852+00:00
[2022-12-04 15:59:01,423] {manager.py:1065} INFO - Finding 'running' jobs without a recent heartbeat
[2022-12-04 15:59:01,423] {manager.py:1069} INFO - Failing jobs without heartbeat after 2022-12-04 15:54:01.423837+00:00
[2022-12-04 15:59:01,519] {manager.py:784} INFO - 
================================================================================
DAG File Processing Stats

File Path                                PID    Runtime      # DAGs    # Errors  Last Runtime    Last Run
---------------------------------------  -----  ---------  --------  ----------  --------------  -------------------
/opt/airflow/dags/data_ingestion_gcp.py                           1           0  25.09s          2022-12-04T15:58:55
================================================================================
[2022-12-04 15:59:11,541] {manager.py:1065} INFO - Finding 'running' jobs without a recent heartbeat
[2022-12-04 15:59:11,541] {manager.py:1069} INFO - Failing jobs without heartbeat after 2022-12-04 15:54:11.541459+00:00
[2022-12-04 15:59:21,620] {manager.py:1065} INFO - Finding 'running' jobs without a recent heartbeat
[2022-12-04 15:59:21,620] {manager.py:1069} INFO - Failing jobs without heartbeat after 2022-12-04 15:54:21.620723+00:00
[2022-12-04 15:59:31,573] {manager.py:784} INFO - 
================================================================================
DAG File Processing Stats

File Path                                PID    Runtime      # DAGs    # Errors  Last Runtime    Last Run
---------------------------------------  -----  ---------  --------  ----------  --------------  -------------------
/opt/airflow/dags/data_ingestion_gcp.py                           1           0  3.53s           2022-12-04T15:59:29
================================================================================
[2022-12-04 15:59:32,075] {manager.py:1065} INFO - Finding 'running' jobs without a recent heartbeat
[2022-12-04 15:59:32,075] {manager.py:1069} INFO - Failing jobs without heartbeat after 2022-12-04 15:54:32.075468+00:00
[2022-12-04 15:59:42,112] {manager.py:1065} INFO - Finding 'running' jobs without a recent heartbeat
[2022-12-04 15:59:42,112] {manager.py:1069} INFO - Failing jobs without heartbeat after 2022-12-04 15:54:42.112830+00:00
[2022-12-04 15:59:52,187] {manager.py:1065} INFO - Finding 'running' jobs without a recent heartbeat
[2022-12-04 15:59:52,188] {manager.py:1069} INFO - Failing jobs without heartbeat after 2022-12-04 15:54:52.188396+00:00
[2022-12-04 16:00:01,660] {manager.py:784} INFO - 
================================================================================
DAG File Processing Stats

File Path                                  PID  Runtime      # DAGs    # Errors  Last Runtime    Last Run
---------------------------------------  -----  ---------  --------  ----------  --------------  -------------------
/opt/airflow/dags/data_ingestion_gcp.py    128  2.02s             1           0  3.53s           2022-12-04T15:59:29
================================================================================
[2022-12-04 16:00:02,238] {manager.py:1065} INFO - Finding 'running' jobs without a recent heartbeat
[2022-12-04 16:00:02,239] {manager.py:1069} INFO - Failing jobs without heartbeat after 2022-12-04 15:55:02.239076+00:00
[2022-12-04 16:00:12,715] {manager.py:1065} INFO - Finding 'running' jobs without a recent heartbeat
[2022-12-04 16:00:12,715] {manager.py:1069} INFO - Failing jobs without heartbeat after 2022-12-04 15:55:12.715755+00:00
[2022-12-04 16:00:12,751] {manager.py:1092} INFO - Detected zombie job: {'full_filepath': '/opt/airflow/dags/data_ingestion_gcp.py', 'msg': 'Detected <TaskInstance: data_ingestion_gcp.download_dataset_task scheduled__2022-12-03T00:00:00+00:00 [running]> as zombie', 'simple_task_instance': <airflow.models.taskinstance.SimpleTaskInstance object at 0x7f943fad7ad0>, 'is_failure_callback': True}
[2022-12-04 16:00:22,872] {manager.py:1065} INFO - Finding 'running' jobs without a recent heartbeat
[2022-12-04 16:00:22,873] {manager.py:1069} INFO - Failing jobs without heartbeat after 2022-12-04 15:55:22.873090+00:00
[2022-12-04 16:00:22,892] {manager.py:1092} INFO - Detected zombie job: {'full_filepath': '/opt/airflow/dags/data_ingestion_gcp.py', 'msg': 'Detected <TaskInstance: data_ingestion_gcp.download_dataset_task scheduled__2022-12-03T00:00:00+00:00 [running]> as zombie', 'simple_task_instance': <airflow.models.taskinstance.SimpleTaskInstance object at 0x7f943fad4190>, 'is_failure_callback': True}
[2022-12-04 16:00:31,739] {manager.py:784} INFO - 
================================================================================
DAG File Processing Stats

File Path                                PID    Runtime      # DAGs    # Errors  Last Runtime    Last Run
---------------------------------------  -----  ---------  --------  ----------  --------------  -------------------
/opt/airflow/dags/data_ingestion_gcp.py                           1           0  2.83s           2022-12-04T16:00:25
================================================================================
[2022-12-04 16:00:33,544] {manager.py:1065} INFO - Finding 'running' jobs without a recent heartbeat
[2022-12-04 16:00:33,545] {manager.py:1069} INFO - Failing jobs without heartbeat after 2022-12-04 15:55:33.545013+00:00
[2022-12-04 16:00:33,564] {manager.py:1092} INFO - Detected zombie job: {'full_filepath': '/opt/airflow/dags/data_ingestion_gcp.py', 'msg': 'Detected <TaskInstance: data_ingestion_gcp.download_dataset_task scheduled__2022-12-03T00:00:00+00:00 [running]> as zombie', 'simple_task_instance': <airflow.models.taskinstance.SimpleTaskInstance object at 0x7f943fad4290>, 'is_failure_callback': True}
[2022-12-04 16:00:43,766] {manager.py:1065} INFO - Finding 'running' jobs without a recent heartbeat
[2022-12-04 16:00:43,766] {manager.py:1069} INFO - Failing jobs without heartbeat after 2022-12-04 15:55:43.766660+00:00
[2022-12-04 16:00:43,780] {manager.py:1092} INFO - Detected zombie job: {'full_filepath': '/opt/airflow/dags/data_ingestion_gcp.py', 'msg': 'Detected <TaskInstance: data_ingestion_gcp.download_dataset_task scheduled__2022-12-03T00:00:00+00:00 [running]> as zombie', 'simple_task_instance': <airflow.models.taskinstance.SimpleTaskInstance object at 0x7f943fad4e10>, 'is_failure_callback': True}
[2022-12-04 16:00:53,819] {manager.py:1065} INFO - Finding 'running' jobs without a recent heartbeat
[2022-12-04 16:00:53,819] {manager.py:1069} INFO - Failing jobs without heartbeat after 2022-12-04 15:55:53.819849+00:00
[2022-12-04 16:00:53,838] {manager.py:1092} INFO - Detected zombie job: {'full_filepath': '/opt/airflow/dags/data_ingestion_gcp.py', 'msg': 'Detected <TaskInstance: data_ingestion_gcp.download_dataset_task scheduled__2022-12-03T00:00:00+00:00 [running]> as zombie', 'simple_task_instance': <airflow.models.taskinstance.SimpleTaskInstance object at 0x7f943fb77ad0>, 'is_failure_callback': True}
[2022-12-04 16:01:01,877] {manager.py:784} INFO - 
================================================================================
DAG File Processing Stats

File Path                                PID    Runtime      # DAGs    # Errors  Last Runtime    Last Run
---------------------------------------  -----  ---------  --------  ----------  --------------  -------------------
/opt/airflow/dags/data_ingestion_gcp.py                           1           0  2.24s           2022-12-04T16:00:56
================================================================================
[2022-12-04 16:01:03,882] {manager.py:1065} INFO - Finding 'running' jobs without a recent heartbeat
[2022-12-04 16:01:03,882] {manager.py:1069} INFO - Failing jobs without heartbeat after 2022-12-04 15:56:03.882628+00:00
[2022-12-04 16:01:03,928] {manager.py:1092} INFO - Detected zombie job: {'full_filepath': '/opt/airflow/dags/data_ingestion_gcp.py', 'msg': 'Detected <TaskInstance: data_ingestion_gcp.download_dataset_task scheduled__2022-12-03T00:00:00+00:00 [running]> as zombie', 'simple_task_instance': <airflow.models.taskinstance.SimpleTaskInstance object at 0x7f943fb77d10>, 'is_failure_callback': True}
[2022-12-04 16:01:14,160] {manager.py:1065} INFO - Finding 'running' jobs without a recent heartbeat
[2022-12-04 16:01:14,161] {manager.py:1069} INFO - Failing jobs without heartbeat after 2022-12-04 15:56:14.161070+00:00
[2022-12-04 16:01:14,176] {manager.py:1092} INFO - Detected zombie job: {'full_filepath': '/opt/airflow/dags/data_ingestion_gcp.py', 'msg': 'Detected <TaskInstance: data_ingestion_gcp.download_dataset_task scheduled__2022-12-03T00:00:00+00:00 [running]> as zombie', 'simple_task_instance': <airflow.models.taskinstance.SimpleTaskInstance object at 0x7f943fabcb90>, 'is_failure_callback': True}
[2022-12-04 16:01:24,506] {manager.py:1065} INFO - Finding 'running' jobs without a recent heartbeat
[2022-12-04 16:01:24,506] {manager.py:1069} INFO - Failing jobs without heartbeat after 2022-12-04 15:56:24.506739+00:00
[2022-12-04 16:01:24,526] {manager.py:1092} INFO - Detected zombie job: {'full_filepath': '/opt/airflow/dags/data_ingestion_gcp.py', 'msg': 'Detected <TaskInstance: data_ingestion_gcp.download_dataset_task scheduled__2022-12-03T00:00:00+00:00 [running]> as zombie', 'simple_task_instance': <airflow.models.taskinstance.SimpleTaskInstance object at 0x7f943fb6fa90>, 'is_failure_callback': True}
[2022-12-04 16:01:32,457] {manager.py:784} INFO - 
================================================================================
DAG File Processing Stats

File Path                                PID    Runtime      # DAGs    # Errors  Last Runtime    Last Run
---------------------------------------  -----  ---------  --------  ----------  --------------  -------------------
/opt/airflow/dags/data_ingestion_gcp.py                           1           0  1.89s           2022-12-04T16:01:26
================================================================================
[2022-12-04 16:01:34,663] {manager.py:1065} INFO - Finding 'running' jobs without a recent heartbeat
[2022-12-04 16:01:34,672] {manager.py:1069} INFO - Failing jobs without heartbeat after 2022-12-04 15:56:34.672587+00:00
[2022-12-04 16:01:34,909] {manager.py:1092} INFO - Detected zombie job: {'full_filepath': '/opt/airflow/dags/data_ingestion_gcp.py', 'msg': 'Detected <TaskInstance: data_ingestion_gcp.download_dataset_task scheduled__2022-12-03T00:00:00+00:00 [running]> as zombie', 'simple_task_instance': <airflow.models.taskinstance.SimpleTaskInstance object at 0x7f943fad4dd0>, 'is_failure_callback': True}
[2022-12-04 16:01:45,279] {manager.py:1065} INFO - Finding 'running' jobs without a recent heartbeat
[2022-12-04 16:01:45,322] {manager.py:1069} INFO - Failing jobs without heartbeat after 2022-12-04 15:56:45.322435+00:00
[2022-12-04 16:01:45,954] {manager.py:1092} INFO - Detected zombie job: {'full_filepath': '/opt/airflow/dags/data_ingestion_gcp.py', 'msg': 'Detected <TaskInstance: data_ingestion_gcp.download_dataset_task scheduled__2022-12-03T00:00:00+00:00 [running]> as zombie', 'simple_task_instance': <airflow.models.taskinstance.SimpleTaskInstance object at 0x7f943fb77d50>, 'is_failure_callback': True}
[2022-12-04 16:01:56,240] {manager.py:1065} INFO - Finding 'running' jobs without a recent heartbeat
[2022-12-04 16:01:56,242] {manager.py:1069} INFO - Failing jobs without heartbeat after 2022-12-04 15:56:56.242451+00:00
[2022-12-04 16:01:56,381] {manager.py:1092} INFO - Detected zombie job: {'full_filepath': '/opt/airflow/dags/data_ingestion_gcp.py', 'msg': 'Detected <TaskInstance: data_ingestion_gcp.download_dataset_task scheduled__2022-12-03T00:00:00+00:00 [running]> as zombie', 'simple_task_instance': <airflow.models.taskinstance.SimpleTaskInstance object at 0x7f943fae4d50>, 'is_failure_callback': True}
[2022-12-04 16:02:02,512] {manager.py:784} INFO - 
================================================================================
DAG File Processing Stats

File Path                                  PID  Runtime      # DAGs    # Errors  Last Runtime    Last Run
---------------------------------------  -----  ---------  --------  ----------  --------------  -------------------
/opt/airflow/dags/data_ingestion_gcp.py    209  27.54s            1           0  1.89s           2022-12-04T16:01:26
================================================================================
[2022-12-04 16:02:06,560] {manager.py:1065} INFO - Finding 'running' jobs without a recent heartbeat
[2022-12-04 16:02:06,564] {manager.py:1069} INFO - Failing jobs without heartbeat after 2022-12-04 15:57:06.564300+00:00
[2022-12-04 16:02:06,760] {manager.py:1092} INFO - Detected zombie job: {'full_filepath': '/opt/airflow/dags/data_ingestion_gcp.py', 'msg': 'Detected <TaskInstance: data_ingestion_gcp.download_dataset_task scheduled__2022-12-03T00:00:00+00:00 [running]> as zombie', 'simple_task_instance': <airflow.models.taskinstance.SimpleTaskInstance object at 0x7f943faddc90>, 'is_failure_callback': True}
[2022-12-04 16:02:16,874] {manager.py:1065} INFO - Finding 'running' jobs without a recent heartbeat
[2022-12-04 16:02:16,875] {manager.py:1069} INFO - Failing jobs without heartbeat after 2022-12-04 15:57:16.875022+00:00
[2022-12-04 16:02:16,950] {manager.py:1092} INFO - Detected zombie job: {'full_filepath': '/opt/airflow/dags/data_ingestion_gcp.py', 'msg': 'Detected <TaskInstance: data_ingestion_gcp.download_dataset_task scheduled__2022-12-03T00:00:00+00:00 [running]> as zombie', 'simple_task_instance': <airflow.models.taskinstance.SimpleTaskInstance object at 0x7f943fae4950>, 'is_failure_callback': True}
[2022-12-04 16:02:27,156] {manager.py:1065} INFO - Finding 'running' jobs without a recent heartbeat
[2022-12-04 16:02:27,157] {manager.py:1069} INFO - Failing jobs without heartbeat after 2022-12-04 15:57:27.157259+00:00
[2022-12-04 16:02:27,238] {manager.py:1092} INFO - Detected zombie job: {'full_filepath': '/opt/airflow/dags/data_ingestion_gcp.py', 'msg': 'Detected <TaskInstance: data_ingestion_gcp.download_dataset_task scheduled__2022-12-03T00:00:00+00:00 [running]> as zombie', 'simple_task_instance': <airflow.models.taskinstance.SimpleTaskInstance object at 0x7f943fb6fa10>, 'is_failure_callback': True}
[2022-12-04 16:02:33,250] {manager.py:784} INFO - 
================================================================================
DAG File Processing Stats

File Path                                PID    Runtime      # DAGs    # Errors  Last Runtime    Last Run
---------------------------------------  -----  ---------  --------  ----------  --------------  -------------------
/opt/airflow/dags/data_ingestion_gcp.py                           1           0  11.24s          2022-12-04T16:02:28
================================================================================
[2022-12-04 16:02:37,261] {manager.py:1065} INFO - Finding 'running' jobs without a recent heartbeat
[2022-12-04 16:02:37,262] {manager.py:1069} INFO - Failing jobs without heartbeat after 2022-12-04 15:57:37.262146+00:00
[2022-12-04 16:02:37,323] {manager.py:1092} INFO - Detected zombie job: {'full_filepath': '/opt/airflow/dags/data_ingestion_gcp.py', 'msg': 'Detected <TaskInstance: data_ingestion_gcp.download_dataset_task scheduled__2022-12-03T00:00:00+00:00 [running]> as zombie', 'simple_task_instance': <airflow.models.taskinstance.SimpleTaskInstance object at 0x7f943fb77710>, 'is_failure_callback': True}
[2022-12-04 16:02:47,434] {manager.py:1065} INFO - Finding 'running' jobs without a recent heartbeat
[2022-12-04 16:02:47,434] {manager.py:1069} INFO - Failing jobs without heartbeat after 2022-12-04 15:57:47.434726+00:00
[2022-12-04 16:02:47,453] {manager.py:1092} INFO - Detected zombie job: {'full_filepath': '/opt/airflow/dags/data_ingestion_gcp.py', 'msg': 'Detected <TaskInstance: data_ingestion_gcp.download_dataset_task scheduled__2022-12-03T00:00:00+00:00 [running]> as zombie', 'simple_task_instance': <airflow.models.taskinstance.SimpleTaskInstance object at 0x7f943fb77550>, 'is_failure_callback': True}
[2022-12-04 16:02:57,492] {manager.py:1065} INFO - Finding 'running' jobs without a recent heartbeat
[2022-12-04 16:02:57,493] {manager.py:1069} INFO - Failing jobs without heartbeat after 2022-12-04 15:57:57.493174+00:00
[2022-12-04 16:02:57,539] {manager.py:1092} INFO - Detected zombie job: {'full_filepath': '/opt/airflow/dags/data_ingestion_gcp.py', 'msg': 'Detected <TaskInstance: data_ingestion_gcp.download_dataset_task scheduled__2022-12-03T00:00:00+00:00 [running]> as zombie', 'simple_task_instance': <airflow.models.taskinstance.SimpleTaskInstance object at 0x7f943fb77650>, 'is_failure_callback': True}
[2022-12-04 16:03:03,753] {manager.py:784} INFO - 
================================================================================
DAG File Processing Stats

File Path                                PID    Runtime      # DAGs    # Errors  Last Runtime    Last Run
---------------------------------------  -----  ---------  --------  ----------  --------------  -------------------
/opt/airflow/dags/data_ingestion_gcp.py                           1           0  2.22s           2022-12-04T16:02:59
================================================================================
[2022-12-04 16:03:07,762] {manager.py:1065} INFO - Finding 'running' jobs without a recent heartbeat
[2022-12-04 16:03:07,763] {manager.py:1069} INFO - Failing jobs without heartbeat after 2022-12-04 15:58:07.762949+00:00
[2022-12-04 16:03:07,802] {manager.py:1092} INFO - Detected zombie job: {'full_filepath': '/opt/airflow/dags/data_ingestion_gcp.py', 'msg': 'Detected <TaskInstance: data_ingestion_gcp.download_dataset_task scheduled__2022-12-03T00:00:00+00:00 [running]> as zombie', 'simple_task_instance': <airflow.models.taskinstance.SimpleTaskInstance object at 0x7f943fb77550>, 'is_failure_callback': True}
[2022-12-04 16:03:17,863] {manager.py:1065} INFO - Finding 'running' jobs without a recent heartbeat
[2022-12-04 16:03:17,864] {manager.py:1069} INFO - Failing jobs without heartbeat after 2022-12-04 15:58:17.864586+00:00
[2022-12-04 16:03:17,883] {manager.py:1092} INFO - Detected zombie job: {'full_filepath': '/opt/airflow/dags/data_ingestion_gcp.py', 'msg': 'Detected <TaskInstance: data_ingestion_gcp.download_dataset_task scheduled__2022-12-03T00:00:00+00:00 [running]> as zombie', 'simple_task_instance': <airflow.models.taskinstance.SimpleTaskInstance object at 0x7f943fabcc50>, 'is_failure_callback': True}
[2022-12-04 16:03:27,913] {manager.py:1065} INFO - Finding 'running' jobs without a recent heartbeat
[2022-12-04 16:03:27,914] {manager.py:1069} INFO - Failing jobs without heartbeat after 2022-12-04 15:58:27.914297+00:00
[2022-12-04 16:03:27,981] {manager.py:1092} INFO - Detected zombie job: {'full_filepath': '/opt/airflow/dags/data_ingestion_gcp.py', 'msg': 'Detected <TaskInstance: data_ingestion_gcp.download_dataset_task scheduled__2022-12-03T00:00:00+00:00 [running]> as zombie', 'simple_task_instance': <airflow.models.taskinstance.SimpleTaskInstance object at 0x7f943fb6fa10>, 'is_failure_callback': True}
[2022-12-04 16:03:31,048] {manager.py:663} INFO - Searching for files in /opt/airflow/dags
[2022-12-04 16:03:31,050] {manager.py:666} INFO - There are 1 files in /opt/airflow/dags
[2022-12-04 16:03:34,015] {manager.py:784} INFO - 
================================================================================
DAG File Processing Stats

File Path                                PID    Runtime      # DAGs    # Errors  Last Runtime    Last Run
---------------------------------------  -----  ---------  --------  ----------  --------------  -------------------
/opt/airflow/dags/data_ingestion_gcp.py                           1           0  6.01s           2022-12-04T16:03:34
================================================================================
[2022-12-04 16:03:38,032] {manager.py:1065} INFO - Finding 'running' jobs without a recent heartbeat
[2022-12-04 16:03:38,032] {manager.py:1069} INFO - Failing jobs without heartbeat after 2022-12-04 15:58:38.032939+00:00
[2022-12-04 16:03:38,044] {manager.py:1092} INFO - Detected zombie job: {'full_filepath': '/opt/airflow/dags/data_ingestion_gcp.py', 'msg': 'Detected <TaskInstance: data_ingestion_gcp.download_dataset_task scheduled__2022-12-03T00:00:00+00:00 [running]> as zombie', 'simple_task_instance': <airflow.models.taskinstance.SimpleTaskInstance object at 0x7f943f9e2250>, 'is_failure_callback': True}
[2022-12-04 16:03:48,092] {manager.py:1065} INFO - Finding 'running' jobs without a recent heartbeat
[2022-12-04 16:03:48,093] {manager.py:1069} INFO - Failing jobs without heartbeat after 2022-12-04 15:58:48.093209+00:00
[2022-12-04 16:03:48,256] {manager.py:1092} INFO - Detected zombie job: {'full_filepath': '/opt/airflow/dags/data_ingestion_gcp.py', 'msg': 'Detected <TaskInstance: data_ingestion_gcp.download_dataset_task scheduled__2022-12-03T00:00:00+00:00 [running]> as zombie', 'simple_task_instance': <airflow.models.taskinstance.SimpleTaskInstance object at 0x7f943fb6f5d0>, 'is_failure_callback': True}
[2022-12-04 16:03:58,417] {manager.py:1065} INFO - Finding 'running' jobs without a recent heartbeat
[2022-12-04 16:03:58,417] {manager.py:1069} INFO - Failing jobs without heartbeat after 2022-12-04 15:58:58.417755+00:00
[2022-12-04 16:03:58,430] {manager.py:1092} INFO - Detected zombie job: {'full_filepath': '/opt/airflow/dags/data_ingestion_gcp.py', 'msg': 'Detected <TaskInstance: data_ingestion_gcp.download_dataset_task scheduled__2022-12-03T00:00:00+00:00 [running]> as zombie', 'simple_task_instance': <airflow.models.taskinstance.SimpleTaskInstance object at 0x7f943f9e2dd0>, 'is_failure_callback': True}
[2022-12-04 16:04:04,111] {manager.py:784} INFO - 
================================================================================
DAG File Processing Stats

File Path                                PID    Runtime      # DAGs    # Errors  Last Runtime    Last Run
---------------------------------------  -----  ---------  --------  ----------  --------------  -------------------
/opt/airflow/dags/data_ingestion_gcp.py                           1           0  1.66s           2022-12-04T16:04:00
================================================================================
[2022-12-04 16:04:04,147] {manager.py:495} INFO - Exiting gracefully upon receiving signal 15
[2022-12-04 16:50:08,518] {manager.py:514} INFO - Processing files using up to 2 processes at a time 
[2022-12-04 16:50:08,552] {manager.py:515} INFO - Process each file at most once every 30 seconds
[2022-12-04 16:50:08,552] {manager.py:517} INFO - Checking for new files in /opt/airflow/dags every 300 seconds
[2022-12-04 16:50:08,553] {manager.py:663} INFO - Searching for files in /opt/airflow/dags
[2022-12-04 16:50:08,557] {manager.py:666} INFO - There are 1 files in /opt/airflow/dags
[2022-12-04 16:50:09,411] {manager.py:1065} INFO - Finding 'running' jobs without a recent heartbeat
[2022-12-04 16:50:09,426] {manager.py:1069} INFO - Failing jobs without heartbeat after 2022-12-04 16:45:09.426024+00:00
[2022-12-04 16:50:10,427] {manager.py:1092} INFO - Detected zombie job: {'full_filepath': '/opt/airflow/dags/data_ingestion_gcp.py', 'msg': 'Detected <TaskInstance: data_ingestion_gcp.download_dataset_task scheduled__2022-12-03T00:00:00+00:00 [running]> as zombie', 'simple_task_instance': <airflow.models.taskinstance.SimpleTaskInstance object at 0x7fd0a0cd5490>, 'is_failure_callback': True}
[2022-12-04 16:50:10,633] {manager.py:784} INFO - 
================================================================================
DAG File Processing Stats

File Path                                  PID  Runtime      # DAGs    # Errors  Last Runtime    Last Run
---------------------------------------  -----  ---------  --------  ----------  --------------  ----------
/opt/airflow/dags/data_ingestion_gcp.py     79  1.22s             0           0
================================================================================
[2022-12-04 16:50:20,742] {manager.py:1065} INFO - Finding 'running' jobs without a recent heartbeat
[2022-12-04 16:50:20,742] {manager.py:1069} INFO - Failing jobs without heartbeat after 2022-12-04 16:45:20.742751+00:00
[2022-12-04 16:50:20,915] {manager.py:1092} INFO - Detected zombie job: {'full_filepath': '/opt/airflow/dags/data_ingestion_gcp.py', 'msg': 'Detected <TaskInstance: data_ingestion_gcp.download_dataset_task scheduled__2022-12-03T00:00:00+00:00 [running]> as zombie', 'simple_task_instance': <airflow.models.taskinstance.SimpleTaskInstance object at 0x7fd0a0d0de50>, 'is_failure_callback': True}
[2022-12-04 16:50:31,138] {manager.py:1065} INFO - Finding 'running' jobs without a recent heartbeat
[2022-12-04 16:50:31,148] {manager.py:1069} INFO - Failing jobs without heartbeat after 2022-12-04 16:45:31.147961+00:00
[2022-12-04 16:50:31,438] {manager.py:1092} INFO - Detected zombie job: {'full_filepath': '/opt/airflow/dags/data_ingestion_gcp.py', 'msg': 'Detected <TaskInstance: data_ingestion_gcp.download_dataset_task scheduled__2022-12-03T00:00:00+00:00 [running]> as zombie', 'simple_task_instance': <airflow.models.taskinstance.SimpleTaskInstance object at 0x7fd0a0d42750>, 'is_failure_callback': True}
[2022-12-04 16:50:40,806] {manager.py:784} INFO - 
================================================================================
DAG File Processing Stats

File Path                                PID    Runtime      # DAGs    # Errors  Last Runtime    Last Run
---------------------------------------  -----  ---------  --------  ----------  --------------  -------------------
/opt/airflow/dags/data_ingestion_gcp.py                           1           0  29.48s          2022-12-04T16:50:38
================================================================================
[2022-12-04 16:50:41,592] {manager.py:1065} INFO - Finding 'running' jobs without a recent heartbeat
[2022-12-04 16:50:41,592] {manager.py:1069} INFO - Failing jobs without heartbeat after 2022-12-04 16:45:41.592934+00:00
[2022-12-04 16:50:51,791] {manager.py:1065} INFO - Finding 'running' jobs without a recent heartbeat
[2022-12-04 16:50:51,791] {manager.py:1069} INFO - Failing jobs without heartbeat after 2022-12-04 16:45:51.791716+00:00
[2022-12-04 16:51:02,004] {manager.py:1065} INFO - Finding 'running' jobs without a recent heartbeat
[2022-12-04 16:51:02,012] {manager.py:1069} INFO - Failing jobs without heartbeat after 2022-12-04 16:46:02.012284+00:00
[2022-12-04 16:51:11,149] {manager.py:784} INFO - 
================================================================================
DAG File Processing Stats

File Path                                  PID  Runtime      # DAGs    # Errors  Last Runtime    Last Run
---------------------------------------  -----  ---------  --------  ----------  --------------  -------------------
/opt/airflow/dags/data_ingestion_gcp.py    108  2.07s             1           0  29.48s          2022-12-04T16:50:38
================================================================================
[2022-12-04 16:51:12,160] {manager.py:1065} INFO - Finding 'running' jobs without a recent heartbeat
[2022-12-04 16:51:12,161] {manager.py:1069} INFO - Failing jobs without heartbeat after 2022-12-04 16:46:12.161154+00:00
[2022-12-04 16:51:22,398] {manager.py:1065} INFO - Finding 'running' jobs without a recent heartbeat
[2022-12-04 16:51:22,399] {manager.py:1069} INFO - Failing jobs without heartbeat after 2022-12-04 16:46:22.399667+00:00
[2022-12-04 16:51:32,478] {manager.py:1065} INFO - Finding 'running' jobs without a recent heartbeat
[2022-12-04 16:51:32,488] {manager.py:1069} INFO - Failing jobs without heartbeat after 2022-12-04 16:46:32.488312+00:00
[2022-12-04 16:51:41,584] {manager.py:784} INFO - 
================================================================================
DAG File Processing Stats

File Path                                PID    Runtime      # DAGs    # Errors  Last Runtime    Last Run
---------------------------------------  -----  ---------  --------  ----------  --------------  -------------------
/opt/airflow/dags/data_ingestion_gcp.py                           1           0  9.96s           2022-12-04T16:51:19
================================================================================
[2022-12-04 16:51:42,585] {manager.py:1065} INFO - Finding 'running' jobs without a recent heartbeat
[2022-12-04 16:51:42,586] {manager.py:1069} INFO - Failing jobs without heartbeat after 2022-12-04 16:46:42.586296+00:00
[2022-12-04 16:51:52,676] {manager.py:1065} INFO - Finding 'running' jobs without a recent heartbeat
[2022-12-04 16:51:52,680] {manager.py:1069} INFO - Failing jobs without heartbeat after 2022-12-04 16:46:52.680338+00:00
[2022-12-04 16:52:02,895] {manager.py:1065} INFO - Finding 'running' jobs without a recent heartbeat
[2022-12-04 16:52:02,895] {manager.py:1069} INFO - Failing jobs without heartbeat after 2022-12-04 16:47:02.895526+00:00
[2022-12-04 16:52:02,959] {manager.py:1092} INFO - Detected zombie job: {'full_filepath': '/opt/airflow/dags/data_ingestion_gcp.py', 'msg': 'Detected <TaskInstance: data_ingestion_gcp.call_dataset_task scheduled__2022-12-03T00:00:00+00:00 [running]> as zombie', 'simple_task_instance': <airflow.models.taskinstance.SimpleTaskInstance object at 0x7fd0a0d1ab90>, 'is_failure_callback': True}
[2022-12-04 16:52:12,045] {manager.py:784} INFO - 
================================================================================
DAG File Processing Stats

File Path                                  PID  Runtime      # DAGs    # Errors  Last Runtime    Last Run
---------------------------------------  -----  ---------  --------  ----------  --------------  -------------------
/opt/airflow/dags/data_ingestion_gcp.py    131  9.07s             1           0  12.15s          2022-12-04T16:52:01
================================================================================
[2022-12-04 16:52:13,047] {manager.py:1065} INFO - Finding 'running' jobs without a recent heartbeat
[2022-12-04 16:52:13,048] {manager.py:1069} INFO - Failing jobs without heartbeat after 2022-12-04 16:47:13.048311+00:00
[2022-12-04 16:52:13,146] {manager.py:1092} INFO - Detected zombie job: {'full_filepath': '/opt/airflow/dags/data_ingestion_gcp.py', 'msg': 'Detected <TaskInstance: data_ingestion_gcp.call_dataset_task scheduled__2022-12-03T00:00:00+00:00 [running]> as zombie', 'simple_task_instance': <airflow.models.taskinstance.SimpleTaskInstance object at 0x7fd0a0d1af90>, 'is_failure_callback': True}
[2022-12-04 16:52:23,262] {manager.py:1065} INFO - Finding 'running' jobs without a recent heartbeat
[2022-12-04 16:52:23,263] {manager.py:1069} INFO - Failing jobs without heartbeat after 2022-12-04 16:47:23.263053+00:00
[2022-12-04 16:52:23,351] {manager.py:1092} INFO - Detected zombie job: {'full_filepath': '/opt/airflow/dags/data_ingestion_gcp.py', 'msg': 'Detected <TaskInstance: data_ingestion_gcp.call_dataset_task scheduled__2022-12-03T00:00:00+00:00 [running]> as zombie', 'simple_task_instance': <airflow.models.taskinstance.SimpleTaskInstance object at 0x7fd0a0d13350>, 'is_failure_callback': True}
[2022-12-04 16:52:33,484] {manager.py:1065} INFO - Finding 'running' jobs without a recent heartbeat
[2022-12-04 16:52:33,485] {manager.py:1069} INFO - Failing jobs without heartbeat after 2022-12-04 16:47:33.485825+00:00
[2022-12-04 16:52:33,639] {manager.py:1092} INFO - Detected zombie job: {'full_filepath': '/opt/airflow/dags/data_ingestion_gcp.py', 'msg': 'Detected <TaskInstance: data_ingestion_gcp.call_dataset_task scheduled__2022-12-03T00:00:00+00:00 [running]> as zombie', 'simple_task_instance': <airflow.models.taskinstance.SimpleTaskInstance object at 0x7fd0a10ee710>, 'is_failure_callback': True}
[2022-12-04 16:52:42,789] {manager.py:784} INFO - 
================================================================================
DAG File Processing Stats

File Path                                PID    Runtime      # DAGs    # Errors  Last Runtime    Last Run
---------------------------------------  -----  ---------  --------  ----------  --------------  -------------------
/opt/airflow/dags/data_ingestion_gcp.py                           1           0  7.31s           2022-12-04T16:52:40
================================================================================
[2022-12-04 16:52:43,792] {manager.py:1065} INFO - Finding 'running' jobs without a recent heartbeat
[2022-12-04 16:52:43,792] {manager.py:1069} INFO - Failing jobs without heartbeat after 2022-12-04 16:47:43.792523+00:00
[2022-12-04 16:52:43,817] {manager.py:1092} INFO - Detected zombie job: {'full_filepath': '/opt/airflow/dags/data_ingestion_gcp.py', 'msg': 'Detected <TaskInstance: data_ingestion_gcp.call_dataset_task scheduled__2022-12-03T00:00:00+00:00 [running]> as zombie', 'simple_task_instance': <airflow.models.taskinstance.SimpleTaskInstance object at 0x7fd0a0c83f10>, 'is_failure_callback': True}
[2022-12-04 16:52:53,872] {manager.py:1065} INFO - Finding 'running' jobs without a recent heartbeat
[2022-12-04 16:52:53,873] {manager.py:1069} INFO - Failing jobs without heartbeat after 2022-12-04 16:47:53.873222+00:00
[2022-12-04 16:52:53,971] {manager.py:1092} INFO - Detected zombie job: {'full_filepath': '/opt/airflow/dags/data_ingestion_gcp.py', 'msg': 'Detected <TaskInstance: data_ingestion_gcp.call_dataset_task scheduled__2022-12-03T00:00:00+00:00 [running]> as zombie', 'simple_task_instance': <airflow.models.taskinstance.SimpleTaskInstance object at 0x7fd0a10eead0>, 'is_failure_callback': True}
[2022-12-04 16:53:04,090] {manager.py:1065} INFO - Finding 'running' jobs without a recent heartbeat
[2022-12-04 16:53:04,091] {manager.py:1069} INFO - Failing jobs without heartbeat after 2022-12-04 16:48:04.091260+00:00
[2022-12-04 16:53:04,106] {manager.py:1092} INFO - Detected zombie job: {'full_filepath': '/opt/airflow/dags/data_ingestion_gcp.py', 'msg': 'Detected <TaskInstance: data_ingestion_gcp.call_dataset_task scheduled__2022-12-03T00:00:00+00:00 [running]> as zombie', 'simple_task_instance': <airflow.models.taskinstance.SimpleTaskInstance object at 0x7fd0a0cce790>, 'is_failure_callback': True}
[2022-12-04 16:53:12,936] {manager.py:784} INFO - 
================================================================================
DAG File Processing Stats

File Path                                PID    Runtime      # DAGs    # Errors  Last Runtime    Last Run
---------------------------------------  -----  ---------  --------  ----------  --------------  -------------------
/opt/airflow/dags/data_ingestion_gcp.py                           1           0  2.78s           2022-12-04T16:53:06
================================================================================
[2022-12-04 16:53:14,766] {manager.py:1065} INFO - Finding 'running' jobs without a recent heartbeat
[2022-12-04 16:53:14,766] {manager.py:1069} INFO - Failing jobs without heartbeat after 2022-12-04 16:48:14.766778+00:00
[2022-12-04 16:53:14,786] {manager.py:1092} INFO - Detected zombie job: {'full_filepath': '/opt/airflow/dags/data_ingestion_gcp.py', 'msg': 'Detected <TaskInstance: data_ingestion_gcp.call_dataset_task scheduled__2022-12-03T00:00:00+00:00 [running]> as zombie', 'simple_task_instance': <airflow.models.taskinstance.SimpleTaskInstance object at 0x7fd0a0d0d6d0>, 'is_failure_callback': True}
[2022-12-04 16:53:24,963] {manager.py:1065} INFO - Finding 'running' jobs without a recent heartbeat
[2022-12-04 16:53:24,964] {manager.py:1069} INFO - Failing jobs without heartbeat after 2022-12-04 16:48:24.964402+00:00
[2022-12-04 16:53:25,007] {manager.py:1092} INFO - Detected zombie job: {'full_filepath': '/opt/airflow/dags/data_ingestion_gcp.py', 'msg': 'Detected <TaskInstance: data_ingestion_gcp.call_dataset_task scheduled__2022-12-03T00:00:00+00:00 [running]> as zombie', 'simple_task_instance': <airflow.models.taskinstance.SimpleTaskInstance object at 0x7fd0a0ce1910>, 'is_failure_callback': True}
[2022-12-04 16:53:35,108] {manager.py:1065} INFO - Finding 'running' jobs without a recent heartbeat
[2022-12-04 16:53:35,109] {manager.py:1069} INFO - Failing jobs without heartbeat after 2022-12-04 16:48:35.108972+00:00
[2022-12-04 16:53:35,128] {manager.py:1092} INFO - Detected zombie job: {'full_filepath': '/opt/airflow/dags/data_ingestion_gcp.py', 'msg': 'Detected <TaskInstance: data_ingestion_gcp.call_dataset_task scheduled__2022-12-03T00:00:00+00:00 [running]> as zombie', 'simple_task_instance': <airflow.models.taskinstance.SimpleTaskInstance object at 0x7fd0a0cdb690>, 'is_failure_callback': True}
[2022-12-04 16:53:43,303] {manager.py:784} INFO - 
================================================================================
DAG File Processing Stats

File Path                                PID    Runtime      # DAGs    # Errors  Last Runtime    Last Run
---------------------------------------  -----  ---------  --------  ----------  --------------  -------------------
/opt/airflow/dags/data_ingestion_gcp.py                           1           0  1.62s           2022-12-04T16:53:36
================================================================================
[2022-12-04 16:53:45,307] {manager.py:1065} INFO - Finding 'running' jobs without a recent heartbeat
[2022-12-04 16:53:45,307] {manager.py:1069} INFO - Failing jobs without heartbeat after 2022-12-04 16:48:45.307519+00:00
[2022-12-04 16:53:45,338] {manager.py:1092} INFO - Detected zombie job: {'full_filepath': '/opt/airflow/dags/data_ingestion_gcp.py', 'msg': 'Detected <TaskInstance: data_ingestion_gcp.call_dataset_task scheduled__2022-12-03T00:00:00+00:00 [running]> as zombie', 'simple_task_instance': <airflow.models.taskinstance.SimpleTaskInstance object at 0x7fd0a10f0190>, 'is_failure_callback': True}
[2022-12-04 16:53:55,824] {manager.py:1065} INFO - Finding 'running' jobs without a recent heartbeat
[2022-12-04 16:53:55,825] {manager.py:1069} INFO - Failing jobs without heartbeat after 2022-12-04 16:48:55.825398+00:00
[2022-12-04 16:53:55,839] {manager.py:1092} INFO - Detected zombie job: {'full_filepath': '/opt/airflow/dags/data_ingestion_gcp.py', 'msg': 'Detected <TaskInstance: data_ingestion_gcp.call_dataset_task scheduled__2022-12-03T00:00:00+00:00 [running]> as zombie', 'simple_task_instance': <airflow.models.taskinstance.SimpleTaskInstance object at 0x7fd0a0d0d6d0>, 'is_failure_callback': True}
[2022-12-04 16:54:06,094] {manager.py:1065} INFO - Finding 'running' jobs without a recent heartbeat
[2022-12-04 16:54:06,095] {manager.py:1069} INFO - Failing jobs without heartbeat after 2022-12-04 16:49:06.095115+00:00
[2022-12-04 16:54:06,135] {manager.py:1092} INFO - Detected zombie job: {'full_filepath': '/opt/airflow/dags/data_ingestion_gcp.py', 'msg': 'Detected <TaskInstance: data_ingestion_gcp.call_dataset_task scheduled__2022-12-03T00:00:00+00:00 [running]> as zombie', 'simple_task_instance': <airflow.models.taskinstance.SimpleTaskInstance object at 0x7fd0a0d13890>, 'is_failure_callback': True}
[2022-12-04 16:54:13,906] {manager.py:784} INFO - 
================================================================================
DAG File Processing Stats

File Path                                PID    Runtime      # DAGs    # Errors  Last Runtime    Last Run
---------------------------------------  -----  ---------  --------  ----------  --------------  -------------------
/opt/airflow/dags/data_ingestion_gcp.py                           1           0  3.75s           2022-12-04T16:54:09
================================================================================
[2022-12-04 16:54:16,251] {manager.py:1065} INFO - Finding 'running' jobs without a recent heartbeat
[2022-12-04 16:54:16,251] {manager.py:1069} INFO - Failing jobs without heartbeat after 2022-12-04 16:49:16.251921+00:00
[2022-12-04 16:54:16,269] {manager.py:1092} INFO - Detected zombie job: {'full_filepath': '/opt/airflow/dags/data_ingestion_gcp.py', 'msg': 'Detected <TaskInstance: data_ingestion_gcp.call_dataset_task scheduled__2022-12-03T00:00:00+00:00 [running]> as zombie', 'simple_task_instance': <airflow.models.taskinstance.SimpleTaskInstance object at 0x7fd0a0d0d510>, 'is_failure_callback': True}
[2022-12-04 16:54:26,942] {manager.py:1065} INFO - Finding 'running' jobs without a recent heartbeat
[2022-12-04 16:54:26,942] {manager.py:1069} INFO - Failing jobs without heartbeat after 2022-12-04 16:49:26.942741+00:00
[2022-12-04 16:54:26,955] {manager.py:1092} INFO - Detected zombie job: {'full_filepath': '/opt/airflow/dags/data_ingestion_gcp.py', 'msg': 'Detected <TaskInstance: data_ingestion_gcp.call_dataset_task scheduled__2022-12-03T00:00:00+00:00 [running]> as zombie', 'simple_task_instance': <airflow.models.taskinstance.SimpleTaskInstance object at 0x7fd0a0d1ac50>, 'is_failure_callback': True}
[2022-12-04 16:54:36,995] {manager.py:1065} INFO - Finding 'running' jobs without a recent heartbeat
[2022-12-04 16:54:36,996] {manager.py:1069} INFO - Failing jobs without heartbeat after 2022-12-04 16:49:36.996439+00:00
[2022-12-04 16:54:37,047] {manager.py:1092} INFO - Detected zombie job: {'full_filepath': '/opt/airflow/dags/data_ingestion_gcp.py', 'msg': 'Detected <TaskInstance: data_ingestion_gcp.call_dataset_task scheduled__2022-12-03T00:00:00+00:00 [running]> as zombie', 'simple_task_instance': <airflow.models.taskinstance.SimpleTaskInstance object at 0x7fd0a0d13890>, 'is_failure_callback': True}
[2022-12-04 16:54:44,131] {manager.py:784} INFO - 
================================================================================
DAG File Processing Stats

File Path                                PID    Runtime      # DAGs    # Errors  Last Runtime    Last Run
---------------------------------------  -----  ---------  --------  ----------  --------------  -------------------
/opt/airflow/dags/data_ingestion_gcp.py                           1           0  4.76s           2022-12-04T16:54:41
================================================================================
[2022-12-04 16:54:47,138] {manager.py:1065} INFO - Finding 'running' jobs without a recent heartbeat
[2022-12-04 16:54:47,139] {manager.py:1069} INFO - Failing jobs without heartbeat after 2022-12-04 16:49:47.139062+00:00
[2022-12-04 16:54:47,159] {manager.py:1092} INFO - Detected zombie job: {'full_filepath': '/opt/airflow/dags/data_ingestion_gcp.py', 'msg': 'Detected <TaskInstance: data_ingestion_gcp.call_dataset_task scheduled__2022-12-03T00:00:00+00:00 [running]> as zombie', 'simple_task_instance': <airflow.models.taskinstance.SimpleTaskInstance object at 0x7fd0a0c83490>, 'is_failure_callback': True}
[2022-12-04 16:54:57,207] {manager.py:1065} INFO - Finding 'running' jobs without a recent heartbeat
[2022-12-04 16:54:57,208] {manager.py:1069} INFO - Failing jobs without heartbeat after 2022-12-04 16:49:57.208846+00:00
[2022-12-04 16:54:57,259] {manager.py:1092} INFO - Detected zombie job: {'full_filepath': '/opt/airflow/dags/data_ingestion_gcp.py', 'msg': 'Detected <TaskInstance: data_ingestion_gcp.call_dataset_task scheduled__2022-12-03T00:00:00+00:00 [running]> as zombie', 'simple_task_instance': <airflow.models.taskinstance.SimpleTaskInstance object at 0x7fd0a0d13fd0>, 'is_failure_callback': True}
[2022-12-04 16:55:07,321] {manager.py:1065} INFO - Finding 'running' jobs without a recent heartbeat
[2022-12-04 16:55:07,321] {manager.py:1069} INFO - Failing jobs without heartbeat after 2022-12-04 16:50:07.321595+00:00
[2022-12-04 16:55:07,338] {manager.py:1092} INFO - Detected zombie job: {'full_filepath': '/opt/airflow/dags/data_ingestion_gcp.py', 'msg': 'Detected <TaskInstance: data_ingestion_gcp.call_dataset_task scheduled__2022-12-03T00:00:00+00:00 [running]> as zombie', 'simple_task_instance': <airflow.models.taskinstance.SimpleTaskInstance object at 0x7fd0a0cd5e50>, 'is_failure_callback': True}
[2022-12-04 16:55:08,898] {manager.py:663} INFO - Searching for files in /opt/airflow/dags
[2022-12-04 16:55:08,900] {manager.py:666} INFO - There are 1 files in /opt/airflow/dags
[2022-12-04 16:55:14,369] {manager.py:784} INFO - 
================================================================================
DAG File Processing Stats

File Path                                PID    Runtime      # DAGs    # Errors  Last Runtime    Last Run
---------------------------------------  -----  ---------  --------  ----------  --------------  -------------------
/opt/airflow/dags/data_ingestion_gcp.py                           1           0  1.56s           2022-12-04T16:55:08
================================================================================
[2022-12-04 16:55:17,375] {manager.py:1065} INFO - Finding 'running' jobs without a recent heartbeat
[2022-12-04 16:55:17,376] {manager.py:1069} INFO - Failing jobs without heartbeat after 2022-12-04 16:50:17.376323+00:00
[2022-12-04 16:55:17,395] {manager.py:1092} INFO - Detected zombie job: {'full_filepath': '/opt/airflow/dags/data_ingestion_gcp.py', 'msg': 'Detected <TaskInstance: data_ingestion_gcp.call_dataset_task scheduled__2022-12-03T00:00:00+00:00 [running]> as zombie', 'simple_task_instance': <airflow.models.taskinstance.SimpleTaskInstance object at 0x7fd0a0cd5dd0>, 'is_failure_callback': True}
[2022-12-04 16:55:27,431] {manager.py:1065} INFO - Finding 'running' jobs without a recent heartbeat
[2022-12-04 16:55:27,432] {manager.py:1069} INFO - Failing jobs without heartbeat after 2022-12-04 16:50:27.432709+00:00
[2022-12-04 16:55:27,491] {manager.py:1092} INFO - Detected zombie job: {'full_filepath': '/opt/airflow/dags/data_ingestion_gcp.py', 'msg': 'Detected <TaskInstance: data_ingestion_gcp.call_dataset_task scheduled__2022-12-03T00:00:00+00:00 [running]> as zombie', 'simple_task_instance': <airflow.models.taskinstance.SimpleTaskInstance object at 0x7fd0a0cd5590>, 'is_failure_callback': True}
[2022-12-04 16:55:37,693] {manager.py:1065} INFO - Finding 'running' jobs without a recent heartbeat
[2022-12-04 16:55:37,694] {manager.py:1069} INFO - Failing jobs without heartbeat after 2022-12-04 16:50:37.694250+00:00
[2022-12-04 16:55:37,707] {manager.py:1092} INFO - Detected zombie job: {'full_filepath': '/opt/airflow/dags/data_ingestion_gcp.py', 'msg': 'Detected <TaskInstance: data_ingestion_gcp.call_dataset_task scheduled__2022-12-03T00:00:00+00:00 [running]> as zombie', 'simple_task_instance': <airflow.models.taskinstance.SimpleTaskInstance object at 0x7fd0a0cd5f10>, 'is_failure_callback': True}
[2022-12-04 16:55:44,454] {manager.py:784} INFO - 
================================================================================
DAG File Processing Stats

File Path                                PID    Runtime      # DAGs    # Errors  Last Runtime    Last Run
---------------------------------------  -----  ---------  --------  ----------  --------------  -------------------
/opt/airflow/dags/data_ingestion_gcp.py                           1           0  1.84s           2022-12-04T16:55:39
================================================================================
[2022-12-04 16:55:48,470] {manager.py:1065} INFO - Finding 'running' jobs without a recent heartbeat
[2022-12-04 16:55:48,470] {manager.py:1069} INFO - Failing jobs without heartbeat after 2022-12-04 16:50:48.470944+00:00
[2022-12-04 16:55:48,489] {manager.py:1092} INFO - Detected zombie job: {'full_filepath': '/opt/airflow/dags/data_ingestion_gcp.py', 'msg': 'Detected <TaskInstance: data_ingestion_gcp.call_dataset_task scheduled__2022-12-03T00:00:00+00:00 [running]> as zombie', 'simple_task_instance': <airflow.models.taskinstance.SimpleTaskInstance object at 0x7fd0a0d13fd0>, 'is_failure_callback': True}
[2022-12-04 16:55:58,507] {manager.py:1065} INFO - Finding 'running' jobs without a recent heartbeat
[2022-12-04 16:55:58,507] {manager.py:1069} INFO - Failing jobs without heartbeat after 2022-12-04 16:50:58.507750+00:00
[2022-12-04 16:55:58,526] {manager.py:1092} INFO - Detected zombie job: {'full_filepath': '/opt/airflow/dags/data_ingestion_gcp.py', 'msg': 'Detected <TaskInstance: data_ingestion_gcp.call_dataset_task scheduled__2022-12-03T00:00:00+00:00 [running]> as zombie', 'simple_task_instance': <airflow.models.taskinstance.SimpleTaskInstance object at 0x7fd0a0d13450>, 'is_failure_callback': True}
[2022-12-04 16:56:08,610] {manager.py:1065} INFO - Finding 'running' jobs without a recent heartbeat
[2022-12-04 16:56:08,611] {manager.py:1069} INFO - Failing jobs without heartbeat after 2022-12-04 16:51:08.611070+00:00
[2022-12-04 16:56:08,631] {manager.py:1092} INFO - Detected zombie job: {'full_filepath': '/opt/airflow/dags/data_ingestion_gcp.py', 'msg': 'Detected <TaskInstance: data_ingestion_gcp.call_dataset_task scheduled__2022-12-03T00:00:00+00:00 [running]> as zombie', 'simple_task_instance': <airflow.models.taskinstance.SimpleTaskInstance object at 0x7fd0a0d13910>, 'is_failure_callback': True}
[2022-12-04 16:56:14,658] {manager.py:784} INFO - 
================================================================================
DAG File Processing Stats

File Path                                PID    Runtime      # DAGs    # Errors  Last Runtime    Last Run
---------------------------------------  -----  ---------  --------  ----------  --------------  -------------------
/opt/airflow/dags/data_ingestion_gcp.py                           1           0  3.09s           2022-12-04T16:56:11
================================================================================
[2022-12-04 16:56:18,670] {manager.py:1065} INFO - Finding 'running' jobs without a recent heartbeat
[2022-12-04 16:56:18,670] {manager.py:1069} INFO - Failing jobs without heartbeat after 2022-12-04 16:51:18.670897+00:00
[2022-12-04 16:56:18,688] {manager.py:1092} INFO - Detected zombie job: {'full_filepath': '/opt/airflow/dags/data_ingestion_gcp.py', 'msg': 'Detected <TaskInstance: data_ingestion_gcp.call_dataset_task scheduled__2022-12-03T00:00:00+00:00 [running]> as zombie', 'simple_task_instance': <airflow.models.taskinstance.SimpleTaskInstance object at 0x7fd0a0c80d50>, 'is_failure_callback': True}
[2022-12-04 16:56:28,762] {manager.py:1065} INFO - Finding 'running' jobs without a recent heartbeat
[2022-12-04 16:56:28,763] {manager.py:1069} INFO - Failing jobs without heartbeat after 2022-12-04 16:51:28.763161+00:00
[2022-12-04 16:56:28,780] {manager.py:1092} INFO - Detected zombie job: {'full_filepath': '/opt/airflow/dags/data_ingestion_gcp.py', 'msg': 'Detected <TaskInstance: data_ingestion_gcp.call_dataset_task scheduled__2022-12-03T00:00:00+00:00 [running]> as zombie', 'simple_task_instance': <airflow.models.taskinstance.SimpleTaskInstance object at 0x7fd0a0d1af50>, 'is_failure_callback': True}
[2022-12-04 16:56:39,104] {manager.py:1065} INFO - Finding 'running' jobs without a recent heartbeat
[2022-12-04 16:56:39,105] {manager.py:1069} INFO - Failing jobs without heartbeat after 2022-12-04 16:51:39.105553+00:00
[2022-12-04 16:56:39,126] {manager.py:1092} INFO - Detected zombie job: {'full_filepath': '/opt/airflow/dags/data_ingestion_gcp.py', 'msg': 'Detected <TaskInstance: data_ingestion_gcp.call_dataset_task scheduled__2022-12-03T00:00:00+00:00 [running]> as zombie', 'simple_task_instance': <airflow.models.taskinstance.SimpleTaskInstance object at 0x7fd0a0d0d810>, 'is_failure_callback': True}
[2022-12-04 16:56:44,985] {manager.py:784} INFO - 
================================================================================
DAG File Processing Stats

File Path                                PID    Runtime      # DAGs    # Errors  Last Runtime    Last Run
---------------------------------------  -----  ---------  --------  ----------  --------------  -------------------
/opt/airflow/dags/data_ingestion_gcp.py                           1           0  1.84s           2022-12-04T16:56:40
================================================================================
[2022-12-04 16:56:49,615] {manager.py:1065} INFO - Finding 'running' jobs without a recent heartbeat
[2022-12-04 16:56:49,616] {manager.py:1069} INFO - Failing jobs without heartbeat after 2022-12-04 16:51:49.616306+00:00
[2022-12-04 16:56:49,636] {manager.py:1092} INFO - Detected zombie job: {'full_filepath': '/opt/airflow/dags/data_ingestion_gcp.py', 'msg': 'Detected <TaskInstance: data_ingestion_gcp.call_dataset_task scheduled__2022-12-03T00:00:00+00:00 [running]> as zombie', 'simple_task_instance': <airflow.models.taskinstance.SimpleTaskInstance object at 0x7fd0a0d1ac90>, 'is_failure_callback': True}
[2022-12-04 16:56:59,684] {manager.py:1065} INFO - Finding 'running' jobs without a recent heartbeat
[2022-12-04 16:56:59,685] {manager.py:1069} INFO - Failing jobs without heartbeat after 2022-12-04 16:51:59.685043+00:00
[2022-12-04 16:56:59,702] {manager.py:1092} INFO - Detected zombie job: {'full_filepath': '/opt/airflow/dags/data_ingestion_gcp.py', 'msg': 'Detected <TaskInstance: data_ingestion_gcp.call_dataset_task scheduled__2022-12-03T00:00:00+00:00 [running]> as zombie', 'simple_task_instance': <airflow.models.taskinstance.SimpleTaskInstance object at 0x7fd0a0d0d0d0>, 'is_failure_callback': True}
[2022-12-04 16:57:09,923] {manager.py:1065} INFO - Finding 'running' jobs without a recent heartbeat
[2022-12-04 16:57:09,924] {manager.py:1069} INFO - Failing jobs without heartbeat after 2022-12-04 16:52:09.924419+00:00
[2022-12-04 16:57:09,938] {manager.py:1092} INFO - Detected zombie job: {'full_filepath': '/opt/airflow/dags/data_ingestion_gcp.py', 'msg': 'Detected <TaskInstance: data_ingestion_gcp.call_dataset_task scheduled__2022-12-03T00:00:00+00:00 [running]> as zombie', 'simple_task_instance': <airflow.models.taskinstance.SimpleTaskInstance object at 0x7fd0a0cdb950>, 'is_failure_callback': True}
[2022-12-04 16:57:15,290] {manager.py:784} INFO - 
================================================================================
DAG File Processing Stats

File Path                                PID    Runtime      # DAGs    # Errors  Last Runtime    Last Run
---------------------------------------  -----  ---------  --------  ----------  --------------  -------------------
/opt/airflow/dags/data_ingestion_gcp.py                           1           0  1.34s           2022-12-04T16:57:11
================================================================================
[2022-12-04 16:57:19,973] {manager.py:1065} INFO - Finding 'running' jobs without a recent heartbeat
[2022-12-04 16:57:19,974] {manager.py:1069} INFO - Failing jobs without heartbeat after 2022-12-04 16:52:19.974100+00:00
[2022-12-04 16:57:20,005] {manager.py:1092} INFO - Detected zombie job: {'full_filepath': '/opt/airflow/dags/data_ingestion_gcp.py', 'msg': 'Detected <TaskInstance: data_ingestion_gcp.call_dataset_task scheduled__2022-12-03T00:00:00+00:00 [running]> as zombie', 'simple_task_instance': <airflow.models.taskinstance.SimpleTaskInstance object at 0x7fd0a0d1ac50>, 'is_failure_callback': True}
[2022-12-04 16:57:30,322] {manager.py:1065} INFO - Finding 'running' jobs without a recent heartbeat
[2022-12-04 16:57:30,323] {manager.py:1069} INFO - Failing jobs without heartbeat after 2022-12-04 16:52:30.323499+00:00
[2022-12-04 16:57:30,371] {manager.py:1092} INFO - Detected zombie job: {'full_filepath': '/opt/airflow/dags/data_ingestion_gcp.py', 'msg': 'Detected <TaskInstance: data_ingestion_gcp.call_dataset_task scheduled__2022-12-03T00:00:00+00:00 [running]> as zombie', 'simple_task_instance': <airflow.models.taskinstance.SimpleTaskInstance object at 0x7fd0a0cd5750>, 'is_failure_callback': True}
[2022-12-04 16:57:40,421] {manager.py:1065} INFO - Finding 'running' jobs without a recent heartbeat
[2022-12-04 16:57:40,422] {manager.py:1069} INFO - Failing jobs without heartbeat after 2022-12-04 16:52:40.422492+00:00
[2022-12-04 16:57:40,440] {manager.py:1092} INFO - Detected zombie job: {'full_filepath': '/opt/airflow/dags/data_ingestion_gcp.py', 'msg': 'Detected <TaskInstance: data_ingestion_gcp.call_dataset_task scheduled__2022-12-03T00:00:00+00:00 [running]> as zombie', 'simple_task_instance': <airflow.models.taskinstance.SimpleTaskInstance object at 0x7fd0a0d13450>, 'is_failure_callback': True}
[2022-12-04 16:57:45,477] {manager.py:784} INFO - 
================================================================================
DAG File Processing Stats

File Path                                PID    Runtime      # DAGs    # Errors  Last Runtime    Last Run
---------------------------------------  -----  ---------  --------  ----------  --------------  -------------------
/opt/airflow/dags/data_ingestion_gcp.py                           1           0  1.80s           2022-12-04T16:57:42
================================================================================
[2022-12-04 16:57:48,102] {manager.py:495} INFO - Exiting gracefully upon receiving signal 15
