[2022-12-04T15:52:46.366+0000] {processor.py:153} INFO - Started process (PID=141) to work on /home/airflow/.local/lib/python3.7/site-packages/airflow/example_dags/example_subdag_operator.py
[2022-12-04T15:52:46.368+0000] {processor.py:743} INFO - Processing file /home/airflow/.local/lib/python3.7/site-packages/airflow/example_dags/example_subdag_operator.py for tasks to queue
[2022-12-04T15:52:46.369+0000] {logging_mixin.py:137} INFO - [2022-12-04T15:52:46.369+0000] {dagbag.py:538} INFO - Filling up the DagBag from /home/airflow/.local/lib/python3.7/site-packages/airflow/example_dags/example_subdag_operator.py
[2022-12-04T15:52:47.557+0000] {processor.py:753} INFO - DAG(s) dict_keys(['example_subdag_operator.section-1', 'example_subdag_operator.section-2', 'example_subdag_operator']) retrieved from /home/airflow/.local/lib/python3.7/site-packages/airflow/example_dags/example_subdag_operator.py
[2022-12-04T15:52:48.893+0000] {logging_mixin.py:137} INFO - [2022-12-04T15:52:48.893+0000] {dag.py:2676} INFO - Sync 3 DAGs
[2022-12-04T15:52:49.789+0000] {logging_mixin.py:137} INFO - [2022-12-04T15:52:49.788+0000] {dag.py:3427} INFO - Setting next_dagrun for example_subdag_operator to 2022-01-01T00:00:00+00:00, run_after=2022-01-01T00:00:00+00:00
[2022-12-04T15:52:49.942+0000] {logging_mixin.py:137} INFO - [2022-12-04T15:52:49.941+0000] {dag.py:3427} INFO - Setting next_dagrun for example_subdag_operator.section-1 to None, run_after=None
[2022-12-04T15:52:49.982+0000] {logging_mixin.py:137} INFO - [2022-12-04T15:52:49.982+0000] {dag.py:3427} INFO - Setting next_dagrun for example_subdag_operator.section-2 to None, run_after=None
[2022-12-04T15:52:50.203+0000] {logging_mixin.py:137} INFO - [2022-12-04T15:52:50.203+0000] {dag.py:2676} INFO - Sync 2 DAGs
[2022-12-04T15:52:50.441+0000] {logging_mixin.py:137} INFO - [2022-12-04T15:52:50.441+0000] {dag.py:3427} INFO - Setting next_dagrun for example_subdag_operator.section-1 to None, run_after=None
[2022-12-04T15:52:50.465+0000] {logging_mixin.py:137} INFO - [2022-12-04T15:52:50.464+0000] {dag.py:3427} INFO - Setting next_dagrun for example_subdag_operator.section-2 to None, run_after=None
[2022-12-04T15:52:50.817+0000] {processor.py:175} INFO - Processing /home/airflow/.local/lib/python3.7/site-packages/airflow/example_dags/example_subdag_operator.py took 4.596 seconds
[2022-12-04T15:53:34.246+0000] {processor.py:153} INFO - Started process (PID=211) to work on /home/airflow/.local/lib/python3.7/site-packages/airflow/example_dags/example_subdag_operator.py
[2022-12-04T15:53:34.261+0000] {processor.py:743} INFO - Processing file /home/airflow/.local/lib/python3.7/site-packages/airflow/example_dags/example_subdag_operator.py for tasks to queue
[2022-12-04T15:53:34.273+0000] {logging_mixin.py:137} INFO - [2022-12-04T15:53:34.273+0000] {dagbag.py:538} INFO - Filling up the DagBag from /home/airflow/.local/lib/python3.7/site-packages/airflow/example_dags/example_subdag_operator.py
[2022-12-04T15:53:34.705+0000] {processor.py:753} INFO - DAG(s) dict_keys(['example_subdag_operator.section-1', 'example_subdag_operator.section-2', 'example_subdag_operator']) retrieved from /home/airflow/.local/lib/python3.7/site-packages/airflow/example_dags/example_subdag_operator.py
[2022-12-04T15:53:35.489+0000] {logging_mixin.py:137} INFO - [2022-12-04T15:53:35.488+0000] {dag.py:2676} INFO - Sync 3 DAGs
[2022-12-04T15:53:35.877+0000] {logging_mixin.py:137} INFO - [2022-12-04T15:53:35.877+0000] {dag.py:3427} INFO - Setting next_dagrun for example_subdag_operator to 2022-01-01T00:00:00+00:00, run_after=2022-01-01T00:00:00+00:00
[2022-12-04T15:53:35.922+0000] {logging_mixin.py:137} INFO - [2022-12-04T15:53:35.922+0000] {dag.py:3427} INFO - Setting next_dagrun for example_subdag_operator.section-1 to None, run_after=None
[2022-12-04T15:53:35.941+0000] {logging_mixin.py:137} INFO - [2022-12-04T15:53:35.941+0000] {dag.py:3427} INFO - Setting next_dagrun for example_subdag_operator.section-2 to None, run_after=None
[2022-12-04T15:53:36.055+0000] {logging_mixin.py:137} INFO - [2022-12-04T15:53:36.055+0000] {dag.py:2676} INFO - Sync 2 DAGs
[2022-12-04T15:53:36.137+0000] {logging_mixin.py:137} INFO - [2022-12-04T15:53:36.136+0000] {dag.py:3427} INFO - Setting next_dagrun for example_subdag_operator.section-1 to None, run_after=None
[2022-12-04T15:53:36.138+0000] {logging_mixin.py:137} INFO - [2022-12-04T15:53:36.137+0000] {dag.py:3427} INFO - Setting next_dagrun for example_subdag_operator.section-2 to None, run_after=None
[2022-12-04T15:53:36.308+0000] {processor.py:175} INFO - Processing /home/airflow/.local/lib/python3.7/site-packages/airflow/example_dags/example_subdag_operator.py took 2.118 seconds
[2022-12-04T15:54:07.184+0000] {processor.py:153} INFO - Started process (PID=262) to work on /home/airflow/.local/lib/python3.7/site-packages/airflow/example_dags/example_subdag_operator.py
[2022-12-04T15:54:07.186+0000] {processor.py:743} INFO - Processing file /home/airflow/.local/lib/python3.7/site-packages/airflow/example_dags/example_subdag_operator.py for tasks to queue
[2022-12-04T15:54:07.187+0000] {logging_mixin.py:137} INFO - [2022-12-04T15:54:07.187+0000] {dagbag.py:538} INFO - Filling up the DagBag from /home/airflow/.local/lib/python3.7/site-packages/airflow/example_dags/example_subdag_operator.py
[2022-12-04T15:54:07.245+0000] {processor.py:753} INFO - DAG(s) dict_keys(['example_subdag_operator.section-1', 'example_subdag_operator.section-2', 'example_subdag_operator']) retrieved from /home/airflow/.local/lib/python3.7/site-packages/airflow/example_dags/example_subdag_operator.py
[2022-12-04T15:54:07.292+0000] {logging_mixin.py:137} INFO - [2022-12-04T15:54:07.291+0000] {dag.py:2676} INFO - Sync 3 DAGs
[2022-12-04T15:54:07.336+0000] {logging_mixin.py:137} INFO - [2022-12-04T15:54:07.336+0000] {dag.py:3427} INFO - Setting next_dagrun for example_subdag_operator to 2022-01-01T00:00:00+00:00, run_after=2022-01-01T00:00:00+00:00
[2022-12-04T15:54:07.342+0000] {logging_mixin.py:137} INFO - [2022-12-04T15:54:07.342+0000] {dag.py:3427} INFO - Setting next_dagrun for example_subdag_operator.section-1 to None, run_after=None
[2022-12-04T15:54:07.344+0000] {logging_mixin.py:137} INFO - [2022-12-04T15:54:07.344+0000] {dag.py:3427} INFO - Setting next_dagrun for example_subdag_operator.section-2 to None, run_after=None
[2022-12-04T15:54:07.355+0000] {logging_mixin.py:137} INFO - [2022-12-04T15:54:07.355+0000] {dag.py:2676} INFO - Sync 2 DAGs
[2022-12-04T15:54:07.366+0000] {logging_mixin.py:137} INFO - [2022-12-04T15:54:07.365+0000] {dag.py:3427} INFO - Setting next_dagrun for example_subdag_operator.section-1 to None, run_after=None
[2022-12-04T15:54:07.366+0000] {logging_mixin.py:137} INFO - [2022-12-04T15:54:07.366+0000] {dag.py:3427} INFO - Setting next_dagrun for example_subdag_operator.section-2 to None, run_after=None
[2022-12-04T15:54:07.386+0000] {processor.py:175} INFO - Processing /home/airflow/.local/lib/python3.7/site-packages/airflow/example_dags/example_subdag_operator.py took 0.208 seconds
