[2022-12-04T15:52:51.871+0000] {processor.py:153} INFO - Started process (PID=144) to work on /home/airflow/.local/lib/python3.7/site-packages/airflow/example_dags/example_local_kubernetes_executor.py
[2022-12-04T15:52:51.905+0000] {processor.py:743} INFO - Processing file /home/airflow/.local/lib/python3.7/site-packages/airflow/example_dags/example_local_kubernetes_executor.py for tasks to queue
[2022-12-04T15:52:51.913+0000] {logging_mixin.py:137} INFO - [2022-12-04T15:52:51.913+0000] {dagbag.py:538} INFO - Filling up the DagBag from /home/airflow/.local/lib/python3.7/site-packages/airflow/example_dags/example_local_kubernetes_executor.py
[2022-12-04T15:52:52.647+0000] {processor.py:753} INFO - DAG(s) dict_keys(['example_local_kubernetes_executor']) retrieved from /home/airflow/.local/lib/python3.7/site-packages/airflow/example_dags/example_local_kubernetes_executor.py
[2022-12-04T15:52:53.931+0000] {logging_mixin.py:137} INFO - [2022-12-04T15:52:53.930+0000] {dag.py:2676} INFO - Sync 1 DAGs
[2022-12-04T15:52:54.901+0000] {logging_mixin.py:137} INFO - [2022-12-04T15:52:54.901+0000] {dag.py:3427} INFO - Setting next_dagrun for example_local_kubernetes_executor to None, run_after=None
[2022-12-04T15:52:55.577+0000] {processor.py:175} INFO - Processing /home/airflow/.local/lib/python3.7/site-packages/airflow/example_dags/example_local_kubernetes_executor.py took 3.799 seconds
[2022-12-04T15:53:39.441+0000] {processor.py:153} INFO - Started process (PID=216) to work on /home/airflow/.local/lib/python3.7/site-packages/airflow/example_dags/example_local_kubernetes_executor.py
[2022-12-04T15:53:39.462+0000] {processor.py:743} INFO - Processing file /home/airflow/.local/lib/python3.7/site-packages/airflow/example_dags/example_local_kubernetes_executor.py for tasks to queue
[2022-12-04T15:53:39.473+0000] {logging_mixin.py:137} INFO - [2022-12-04T15:53:39.473+0000] {dagbag.py:538} INFO - Filling up the DagBag from /home/airflow/.local/lib/python3.7/site-packages/airflow/example_dags/example_local_kubernetes_executor.py
[2022-12-04T15:53:40.027+0000] {processor.py:753} INFO - DAG(s) dict_keys(['example_local_kubernetes_executor']) retrieved from /home/airflow/.local/lib/python3.7/site-packages/airflow/example_dags/example_local_kubernetes_executor.py
[2022-12-04T15:53:41.041+0000] {logging_mixin.py:137} INFO - [2022-12-04T15:53:41.041+0000] {dag.py:2676} INFO - Sync 1 DAGs
[2022-12-04T15:53:41.526+0000] {logging_mixin.py:137} INFO - [2022-12-04T15:53:41.524+0000] {dag.py:3427} INFO - Setting next_dagrun for example_local_kubernetes_executor to None, run_after=None
[2022-12-04T15:53:41.873+0000] {processor.py:175} INFO - Processing /home/airflow/.local/lib/python3.7/site-packages/airflow/example_dags/example_local_kubernetes_executor.py took 2.493 seconds
[2022-12-04T15:54:12.176+0000] {processor.py:153} INFO - Started process (PID=268) to work on /home/airflow/.local/lib/python3.7/site-packages/airflow/example_dags/example_local_kubernetes_executor.py
[2022-12-04T15:54:12.179+0000] {processor.py:743} INFO - Processing file /home/airflow/.local/lib/python3.7/site-packages/airflow/example_dags/example_local_kubernetes_executor.py for tasks to queue
[2022-12-04T15:54:12.183+0000] {logging_mixin.py:137} INFO - [2022-12-04T15:54:12.182+0000] {dagbag.py:538} INFO - Filling up the DagBag from /home/airflow/.local/lib/python3.7/site-packages/airflow/example_dags/example_local_kubernetes_executor.py
[2022-12-04T15:54:12.281+0000] {processor.py:753} INFO - DAG(s) dict_keys(['example_local_kubernetes_executor']) retrieved from /home/airflow/.local/lib/python3.7/site-packages/airflow/example_dags/example_local_kubernetes_executor.py
[2022-12-04T15:54:12.394+0000] {logging_mixin.py:137} INFO - [2022-12-04T15:54:12.393+0000] {dag.py:2676} INFO - Sync 1 DAGs
[2022-12-04T15:54:12.475+0000] {logging_mixin.py:137} INFO - [2022-12-04T15:54:12.474+0000] {dag.py:3427} INFO - Setting next_dagrun for example_local_kubernetes_executor to None, run_after=None
[2022-12-04T15:54:12.515+0000] {processor.py:175} INFO - Processing /home/airflow/.local/lib/python3.7/site-packages/airflow/example_dags/example_local_kubernetes_executor.py took 0.350 seconds
