[2022-12-04T15:53:24.258+0000] {processor.py:153} INFO - Started process (PID=187) to work on /home/airflow/.local/lib/python3.7/site-packages/airflow/example_dags/example_python_operator.py
[2022-12-04T15:53:24.275+0000] {processor.py:743} INFO - Processing file /home/airflow/.local/lib/python3.7/site-packages/airflow/example_dags/example_python_operator.py for tasks to queue
[2022-12-04T15:53:24.293+0000] {logging_mixin.py:137} INFO - [2022-12-04T15:53:24.293+0000] {dagbag.py:538} INFO - Filling up the DagBag from /home/airflow/.local/lib/python3.7/site-packages/airflow/example_dags/example_python_operator.py
[2022-12-04T15:53:24.498+0000] {logging_mixin.py:137} INFO - [2022-12-04T15:53:24.498+0000] {taskmixin.py:205} WARNING - Dependency <Task(_PythonDecoratedOperator): print_the_context>, log_sql_query already registered for DAG: example_python_operator
[2022-12-04T15:53:24.508+0000] {logging_mixin.py:137} INFO - [2022-12-04T15:53:24.508+0000] {taskmixin.py:205} WARNING - Dependency <Task(_PythonDecoratedOperator): log_sql_query>, print_the_context already registered for DAG: example_python_operator
[2022-12-04T15:53:24.513+0000] {logging_mixin.py:137} INFO - [2022-12-04T15:53:24.513+0000] {taskmixin.py:205} WARNING - Dependency <Task(_PythonDecoratedOperator): print_the_context>, log_sql_query already registered for DAG: example_python_operator
[2022-12-04T15:53:24.524+0000] {logging_mixin.py:137} INFO - [2022-12-04T15:53:24.521+0000] {taskmixin.py:205} WARNING - Dependency <Task(_PythonDecoratedOperator): log_sql_query>, print_the_context already registered for DAG: example_python_operator
[2022-12-04T15:53:24.526+0000] {logging_mixin.py:137} INFO - [2022-12-04T15:53:24.526+0000] {taskmixin.py:205} WARNING - Dependency <Task(_PythonDecoratedOperator): print_the_context>, log_sql_query already registered for DAG: example_python_operator
[2022-12-04T15:53:24.533+0000] {logging_mixin.py:137} INFO - [2022-12-04T15:53:24.532+0000] {taskmixin.py:205} WARNING - Dependency <Task(_PythonDecoratedOperator): log_sql_query>, print_the_context already registered for DAG: example_python_operator
[2022-12-04T15:53:24.543+0000] {logging_mixin.py:137} INFO - [2022-12-04T15:53:24.543+0000] {taskmixin.py:205} WARNING - Dependency <Task(_PythonDecoratedOperator): print_the_context>, log_sql_query already registered for DAG: example_python_operator
[2022-12-04T15:53:24.552+0000] {logging_mixin.py:137} INFO - [2022-12-04T15:53:24.552+0000] {taskmixin.py:205} WARNING - Dependency <Task(_PythonDecoratedOperator): log_sql_query>, print_the_context already registered for DAG: example_python_operator
[2022-12-04T15:53:24.575+0000] {processor.py:753} INFO - DAG(s) dict_keys(['example_python_operator']) retrieved from /home/airflow/.local/lib/python3.7/site-packages/airflow/example_dags/example_python_operator.py
[2022-12-04T15:53:25.161+0000] {logging_mixin.py:137} INFO - [2022-12-04T15:53:25.161+0000] {dag.py:2676} INFO - Sync 1 DAGs
[2022-12-04T15:53:25.354+0000] {logging_mixin.py:137} INFO - [2022-12-04T15:53:25.353+0000] {dag.py:3427} INFO - Setting next_dagrun for example_python_operator to None, run_after=None
[2022-12-04T15:53:25.521+0000] {processor.py:175} INFO - Processing /home/airflow/.local/lib/python3.7/site-packages/airflow/example_dags/example_python_operator.py took 1.300 seconds
[2022-12-04T15:53:57.078+0000] {processor.py:153} INFO - Started process (PID=248) to work on /home/airflow/.local/lib/python3.7/site-packages/airflow/example_dags/example_python_operator.py
[2022-12-04T15:53:57.093+0000] {processor.py:743} INFO - Processing file /home/airflow/.local/lib/python3.7/site-packages/airflow/example_dags/example_python_operator.py for tasks to queue
[2022-12-04T15:53:57.094+0000] {logging_mixin.py:137} INFO - [2022-12-04T15:53:57.094+0000] {dagbag.py:538} INFO - Filling up the DagBag from /home/airflow/.local/lib/python3.7/site-packages/airflow/example_dags/example_python_operator.py
[2022-12-04T15:53:57.280+0000] {logging_mixin.py:137} INFO - [2022-12-04T15:53:57.279+0000] {taskmixin.py:205} WARNING - Dependency <Task(_PythonDecoratedOperator): print_the_context>, log_sql_query already registered for DAG: example_python_operator
[2022-12-04T15:53:57.293+0000] {logging_mixin.py:137} INFO - [2022-12-04T15:53:57.292+0000] {taskmixin.py:205} WARNING - Dependency <Task(_PythonDecoratedOperator): log_sql_query>, print_the_context already registered for DAG: example_python_operator
[2022-12-04T15:53:57.294+0000] {logging_mixin.py:137} INFO - [2022-12-04T15:53:57.294+0000] {taskmixin.py:205} WARNING - Dependency <Task(_PythonDecoratedOperator): print_the_context>, log_sql_query already registered for DAG: example_python_operator
[2022-12-04T15:53:57.295+0000] {logging_mixin.py:137} INFO - [2022-12-04T15:53:57.295+0000] {taskmixin.py:205} WARNING - Dependency <Task(_PythonDecoratedOperator): log_sql_query>, print_the_context already registered for DAG: example_python_operator
[2022-12-04T15:53:57.297+0000] {logging_mixin.py:137} INFO - [2022-12-04T15:53:57.296+0000] {taskmixin.py:205} WARNING - Dependency <Task(_PythonDecoratedOperator): print_the_context>, log_sql_query already registered for DAG: example_python_operator
[2022-12-04T15:53:57.308+0000] {logging_mixin.py:137} INFO - [2022-12-04T15:53:57.308+0000] {taskmixin.py:205} WARNING - Dependency <Task(_PythonDecoratedOperator): log_sql_query>, print_the_context already registered for DAG: example_python_operator
[2022-12-04T15:53:57.310+0000] {logging_mixin.py:137} INFO - [2022-12-04T15:53:57.310+0000] {taskmixin.py:205} WARNING - Dependency <Task(_PythonDecoratedOperator): print_the_context>, log_sql_query already registered for DAG: example_python_operator
[2022-12-04T15:53:57.311+0000] {logging_mixin.py:137} INFO - [2022-12-04T15:53:57.311+0000] {taskmixin.py:205} WARNING - Dependency <Task(_PythonDecoratedOperator): log_sql_query>, print_the_context already registered for DAG: example_python_operator
[2022-12-04T15:53:57.413+0000] {processor.py:753} INFO - DAG(s) dict_keys(['example_python_operator']) retrieved from /home/airflow/.local/lib/python3.7/site-packages/airflow/example_dags/example_python_operator.py
[2022-12-04T15:53:57.841+0000] {logging_mixin.py:137} INFO - [2022-12-04T15:53:57.840+0000] {dag.py:2676} INFO - Sync 1 DAGs
[2022-12-04T15:53:58.237+0000] {logging_mixin.py:137} INFO - [2022-12-04T15:53:58.236+0000] {dag.py:3427} INFO - Setting next_dagrun for example_python_operator to None, run_after=None
[2022-12-04T15:53:58.416+0000] {processor.py:175} INFO - Processing /home/airflow/.local/lib/python3.7/site-packages/airflow/example_dags/example_python_operator.py took 1.364 seconds
[2022-12-04T15:54:28.629+0000] {processor.py:153} INFO - Started process (PID=302) to work on /home/airflow/.local/lib/python3.7/site-packages/airflow/example_dags/example_python_operator.py
[2022-12-04T15:54:28.630+0000] {processor.py:743} INFO - Processing file /home/airflow/.local/lib/python3.7/site-packages/airflow/example_dags/example_python_operator.py for tasks to queue
[2022-12-04T15:54:28.633+0000] {logging_mixin.py:137} INFO - [2022-12-04T15:54:28.632+0000] {dagbag.py:538} INFO - Filling up the DagBag from /home/airflow/.local/lib/python3.7/site-packages/airflow/example_dags/example_python_operator.py
[2022-12-04T15:54:28.687+0000] {logging_mixin.py:137} INFO - [2022-12-04T15:54:28.686+0000] {taskmixin.py:205} WARNING - Dependency <Task(_PythonDecoratedOperator): print_the_context>, log_sql_query already registered for DAG: example_python_operator
[2022-12-04T15:54:28.687+0000] {logging_mixin.py:137} INFO - [2022-12-04T15:54:28.687+0000] {taskmixin.py:205} WARNING - Dependency <Task(_PythonDecoratedOperator): log_sql_query>, print_the_context already registered for DAG: example_python_operator
[2022-12-04T15:54:28.689+0000] {logging_mixin.py:137} INFO - [2022-12-04T15:54:28.689+0000] {taskmixin.py:205} WARNING - Dependency <Task(_PythonDecoratedOperator): print_the_context>, log_sql_query already registered for DAG: example_python_operator
[2022-12-04T15:54:28.690+0000] {logging_mixin.py:137} INFO - [2022-12-04T15:54:28.689+0000] {taskmixin.py:205} WARNING - Dependency <Task(_PythonDecoratedOperator): log_sql_query>, print_the_context already registered for DAG: example_python_operator
[2022-12-04T15:54:28.691+0000] {logging_mixin.py:137} INFO - [2022-12-04T15:54:28.691+0000] {taskmixin.py:205} WARNING - Dependency <Task(_PythonDecoratedOperator): print_the_context>, log_sql_query already registered for DAG: example_python_operator
[2022-12-04T15:54:28.692+0000] {logging_mixin.py:137} INFO - [2022-12-04T15:54:28.692+0000] {taskmixin.py:205} WARNING - Dependency <Task(_PythonDecoratedOperator): log_sql_query>, print_the_context already registered for DAG: example_python_operator
[2022-12-04T15:54:28.693+0000] {logging_mixin.py:137} INFO - [2022-12-04T15:54:28.693+0000] {taskmixin.py:205} WARNING - Dependency <Task(_PythonDecoratedOperator): print_the_context>, log_sql_query already registered for DAG: example_python_operator
[2022-12-04T15:54:28.694+0000] {logging_mixin.py:137} INFO - [2022-12-04T15:54:28.694+0000] {taskmixin.py:205} WARNING - Dependency <Task(_PythonDecoratedOperator): log_sql_query>, print_the_context already registered for DAG: example_python_operator
[2022-12-04T15:54:28.709+0000] {processor.py:753} INFO - DAG(s) dict_keys(['example_python_operator']) retrieved from /home/airflow/.local/lib/python3.7/site-packages/airflow/example_dags/example_python_operator.py
[2022-12-04T15:54:28.800+0000] {logging_mixin.py:137} INFO - [2022-12-04T15:54:28.799+0000] {dag.py:2676} INFO - Sync 1 DAGs
[2022-12-04T15:54:28.867+0000] {logging_mixin.py:137} INFO - [2022-12-04T15:54:28.867+0000] {dag.py:3427} INFO - Setting next_dagrun for example_python_operator to None, run_after=None
[2022-12-04T15:54:28.914+0000] {processor.py:175} INFO - Processing /home/airflow/.local/lib/python3.7/site-packages/airflow/example_dags/example_python_operator.py took 0.295 seconds
