[2022-12-04T15:53:21.827+0000] {processor.py:153} INFO - Started process (PID=185) to work on /home/airflow/.local/lib/python3.7/site-packages/airflow/example_dags/example_skip_dag.py
[2022-12-04T15:53:21.883+0000] {processor.py:743} INFO - Processing file /home/airflow/.local/lib/python3.7/site-packages/airflow/example_dags/example_skip_dag.py for tasks to queue
[2022-12-04T15:53:21.897+0000] {logging_mixin.py:137} INFO - [2022-12-04T15:53:21.896+0000] {dagbag.py:538} INFO - Filling up the DagBag from /home/airflow/.local/lib/python3.7/site-packages/airflow/example_dags/example_skip_dag.py
[2022-12-04T15:53:22.490+0000] {processor.py:753} INFO - DAG(s) dict_keys(['example_skip_dag']) retrieved from /home/airflow/.local/lib/python3.7/site-packages/airflow/example_dags/example_skip_dag.py
[2022-12-04T15:53:23.413+0000] {logging_mixin.py:137} INFO - [2022-12-04T15:53:23.413+0000] {dag.py:2676} INFO - Sync 1 DAGs
[2022-12-04T15:53:23.850+0000] {logging_mixin.py:137} INFO - [2022-12-04T15:53:23.849+0000] {dag.py:3427} INFO - Setting next_dagrun for example_skip_dag to 2022-12-03T15:53:23.849383+00:00, run_after=2022-12-04T15:53:23.849383+00:00
[2022-12-04T15:53:24.123+0000] {processor.py:175} INFO - Processing /home/airflow/.local/lib/python3.7/site-packages/airflow/example_dags/example_skip_dag.py took 2.458 seconds
[2022-12-04T15:53:54.390+0000] {processor.py:153} INFO - Started process (PID=244) to work on /home/airflow/.local/lib/python3.7/site-packages/airflow/example_dags/example_skip_dag.py
[2022-12-04T15:53:54.400+0000] {processor.py:743} INFO - Processing file /home/airflow/.local/lib/python3.7/site-packages/airflow/example_dags/example_skip_dag.py for tasks to queue
[2022-12-04T15:53:54.402+0000] {logging_mixin.py:137} INFO - [2022-12-04T15:53:54.402+0000] {dagbag.py:538} INFO - Filling up the DagBag from /home/airflow/.local/lib/python3.7/site-packages/airflow/example_dags/example_skip_dag.py
[2022-12-04T15:53:54.548+0000] {processor.py:753} INFO - DAG(s) dict_keys(['example_skip_dag']) retrieved from /home/airflow/.local/lib/python3.7/site-packages/airflow/example_dags/example_skip_dag.py
[2022-12-04T15:53:54.913+0000] {logging_mixin.py:137} INFO - [2022-12-04T15:53:54.913+0000] {dag.py:2676} INFO - Sync 1 DAGs
[2022-12-04T15:53:55.278+0000] {logging_mixin.py:137} INFO - [2022-12-04T15:53:55.278+0000] {dag.py:3427} INFO - Setting next_dagrun for example_skip_dag to 2022-12-03T15:53:55.277764+00:00, run_after=2022-12-04T15:53:55.277764+00:00
[2022-12-04T15:53:55.573+0000] {processor.py:175} INFO - Processing /home/airflow/.local/lib/python3.7/site-packages/airflow/example_dags/example_skip_dag.py took 1.213 seconds
[2022-12-04T15:54:26.104+0000] {processor.py:153} INFO - Started process (PID=298) to work on /home/airflow/.local/lib/python3.7/site-packages/airflow/example_dags/example_skip_dag.py
[2022-12-04T15:54:26.114+0000] {processor.py:743} INFO - Processing file /home/airflow/.local/lib/python3.7/site-packages/airflow/example_dags/example_skip_dag.py for tasks to queue
[2022-12-04T15:54:26.118+0000] {logging_mixin.py:137} INFO - [2022-12-04T15:54:26.118+0000] {dagbag.py:538} INFO - Filling up the DagBag from /home/airflow/.local/lib/python3.7/site-packages/airflow/example_dags/example_skip_dag.py
[2022-12-04T15:54:26.179+0000] {processor.py:753} INFO - DAG(s) dict_keys(['example_skip_dag']) retrieved from /home/airflow/.local/lib/python3.7/site-packages/airflow/example_dags/example_skip_dag.py
[2022-12-04T15:54:26.273+0000] {logging_mixin.py:137} INFO - [2022-12-04T15:54:26.273+0000] {dag.py:2676} INFO - Sync 1 DAGs
[2022-12-04T15:54:26.334+0000] {logging_mixin.py:137} INFO - [2022-12-04T15:54:26.333+0000] {dag.py:3427} INFO - Setting next_dagrun for example_skip_dag to 2022-12-03T15:54:26.333219+00:00, run_after=2022-12-04T15:54:26.333219+00:00
[2022-12-04T15:54:26.382+0000] {processor.py:175} INFO - Processing /home/airflow/.local/lib/python3.7/site-packages/airflow/example_dags/example_skip_dag.py took 0.288 seconds
