[2022-12-04T15:52:46.717+0000] {processor.py:153} INFO - Started process (PID=142) to work on /home/airflow/.local/lib/python3.7/site-packages/airflow/example_dags/example_bash_operator.py
[2022-12-04T15:52:46.750+0000] {processor.py:743} INFO - Processing file /home/airflow/.local/lib/python3.7/site-packages/airflow/example_dags/example_bash_operator.py for tasks to queue
[2022-12-04T15:52:46.802+0000] {logging_mixin.py:137} INFO - [2022-12-04T15:52:46.801+0000] {dagbag.py:538} INFO - Filling up the DagBag from /home/airflow/.local/lib/python3.7/site-packages/airflow/example_dags/example_bash_operator.py
[2022-12-04T15:52:47.750+0000] {processor.py:753} INFO - DAG(s) dict_keys(['example_bash_operator']) retrieved from /home/airflow/.local/lib/python3.7/site-packages/airflow/example_dags/example_bash_operator.py
[2022-12-04T15:52:49.789+0000] {logging_mixin.py:137} INFO - [2022-12-04T15:52:49.789+0000] {dag.py:2676} INFO - Sync 1 DAGs
[2022-12-04T15:52:50.664+0000] {logging_mixin.py:137} INFO - [2022-12-04T15:52:50.663+0000] {dag.py:3427} INFO - Setting next_dagrun for example_bash_operator to 2022-12-03T00:00:00+00:00, run_after=2022-12-04T00:00:00+00:00
[2022-12-04T15:52:51.285+0000] {processor.py:175} INFO - Processing /home/airflow/.local/lib/python3.7/site-packages/airflow/example_dags/example_bash_operator.py took 4.790 seconds
[2022-12-04T15:53:36.587+0000] {processor.py:153} INFO - Started process (PID=212) to work on /home/airflow/.local/lib/python3.7/site-packages/airflow/example_dags/example_bash_operator.py
[2022-12-04T15:53:36.645+0000] {processor.py:743} INFO - Processing file /home/airflow/.local/lib/python3.7/site-packages/airflow/example_dags/example_bash_operator.py for tasks to queue
[2022-12-04T15:53:36.646+0000] {logging_mixin.py:137} INFO - [2022-12-04T15:53:36.646+0000] {dagbag.py:538} INFO - Filling up the DagBag from /home/airflow/.local/lib/python3.7/site-packages/airflow/example_dags/example_bash_operator.py
[2022-12-04T15:53:37.070+0000] {processor.py:753} INFO - DAG(s) dict_keys(['example_bash_operator']) retrieved from /home/airflow/.local/lib/python3.7/site-packages/airflow/example_dags/example_bash_operator.py
[2022-12-04T15:53:38.273+0000] {logging_mixin.py:137} INFO - [2022-12-04T15:53:38.273+0000] {dag.py:2676} INFO - Sync 1 DAGs
[2022-12-04T15:53:38.795+0000] {logging_mixin.py:137} INFO - [2022-12-04T15:53:38.794+0000] {dag.py:3427} INFO - Setting next_dagrun for example_bash_operator to 2022-12-03T00:00:00+00:00, run_after=2022-12-04T00:00:00+00:00
[2022-12-04T15:53:39.081+0000] {processor.py:175} INFO - Processing /home/airflow/.local/lib/python3.7/site-packages/airflow/example_dags/example_bash_operator.py took 2.550 seconds
[2022-12-04T15:54:09.380+0000] {processor.py:153} INFO - Started process (PID=265) to work on /home/airflow/.local/lib/python3.7/site-packages/airflow/example_dags/example_bash_operator.py
[2022-12-04T15:54:09.381+0000] {processor.py:743} INFO - Processing file /home/airflow/.local/lib/python3.7/site-packages/airflow/example_dags/example_bash_operator.py for tasks to queue
[2022-12-04T15:54:09.383+0000] {logging_mixin.py:137} INFO - [2022-12-04T15:54:09.383+0000] {dagbag.py:538} INFO - Filling up the DagBag from /home/airflow/.local/lib/python3.7/site-packages/airflow/example_dags/example_bash_operator.py
[2022-12-04T15:54:09.458+0000] {processor.py:753} INFO - DAG(s) dict_keys(['example_bash_operator']) retrieved from /home/airflow/.local/lib/python3.7/site-packages/airflow/example_dags/example_bash_operator.py
[2022-12-04T15:54:09.632+0000] {logging_mixin.py:137} INFO - [2022-12-04T15:54:09.631+0000] {dag.py:2676} INFO - Sync 1 DAGs
[2022-12-04T15:54:09.767+0000] {logging_mixin.py:137} INFO - [2022-12-04T15:54:09.767+0000] {dag.py:3427} INFO - Setting next_dagrun for example_bash_operator to 2022-12-03T00:00:00+00:00, run_after=2022-12-04T00:00:00+00:00
[2022-12-04T15:54:09.910+0000] {processor.py:175} INFO - Processing /home/airflow/.local/lib/python3.7/site-packages/airflow/example_dags/example_bash_operator.py took 0.538 seconds
