[2022-12-04T15:52:32.028+0000] {processor.py:153} INFO - Started process (PID=127) to work on /home/airflow/.local/lib/python3.7/site-packages/airflow/example_dags/example_branch_python_dop_operator_3.py
[2022-12-04T15:52:32.030+0000] {processor.py:743} INFO - Processing file /home/airflow/.local/lib/python3.7/site-packages/airflow/example_dags/example_branch_python_dop_operator_3.py for tasks to queue
[2022-12-04T15:52:32.055+0000] {logging_mixin.py:137} INFO - [2022-12-04T15:52:32.054+0000] {dagbag.py:538} INFO - Filling up the DagBag from /home/airflow/.local/lib/python3.7/site-packages/airflow/example_dags/example_branch_python_dop_operator_3.py
[2022-12-04T15:52:33.180+0000] {processor.py:753} INFO - DAG(s) dict_keys(['example_branch_dop_operator_v3']) retrieved from /home/airflow/.local/lib/python3.7/site-packages/airflow/example_dags/example_branch_python_dop_operator_3.py
[2022-12-04T15:52:34.597+0000] {logging_mixin.py:137} INFO - [2022-12-04T15:52:34.597+0000] {dag.py:2676} INFO - Sync 1 DAGs
[2022-12-04T15:52:35.789+0000] {logging_mixin.py:137} INFO - [2022-12-04T15:52:35.788+0000] {dag.py:3427} INFO - Setting next_dagrun for example_branch_dop_operator_v3 to 2022-12-04T15:51:00+00:00, run_after=2022-12-04T15:52:00+00:00
[2022-12-04T15:52:36.702+0000] {processor.py:175} INFO - Processing /home/airflow/.local/lib/python3.7/site-packages/airflow/example_dags/example_branch_python_dop_operator_3.py took 4.824 seconds
[2022-12-04T15:53:30.743+0000] {processor.py:153} INFO - Started process (PID=198) to work on /home/airflow/.local/lib/python3.7/site-packages/airflow/example_dags/example_branch_python_dop_operator_3.py
[2022-12-04T15:53:30.747+0000] {processor.py:743} INFO - Processing file /home/airflow/.local/lib/python3.7/site-packages/airflow/example_dags/example_branch_python_dop_operator_3.py for tasks to queue
[2022-12-04T15:53:30.753+0000] {logging_mixin.py:137} INFO - [2022-12-04T15:53:30.752+0000] {dagbag.py:538} INFO - Filling up the DagBag from /home/airflow/.local/lib/python3.7/site-packages/airflow/example_dags/example_branch_python_dop_operator_3.py
[2022-12-04T15:53:30.868+0000] {processor.py:753} INFO - DAG(s) dict_keys(['example_branch_dop_operator_v3']) retrieved from /home/airflow/.local/lib/python3.7/site-packages/airflow/example_dags/example_branch_python_dop_operator_3.py
[2022-12-04T15:53:31.078+0000] {logging_mixin.py:137} INFO - [2022-12-04T15:53:31.078+0000] {dag.py:2676} INFO - Sync 1 DAGs
[2022-12-04T15:53:31.270+0000] {logging_mixin.py:137} INFO - [2022-12-04T15:53:31.269+0000] {dag.py:3427} INFO - Setting next_dagrun for example_branch_dop_operator_v3 to 2022-12-04T15:52:00+00:00, run_after=2022-12-04T15:53:00+00:00
[2022-12-04T15:53:31.391+0000] {processor.py:175} INFO - Processing /home/airflow/.local/lib/python3.7/site-packages/airflow/example_dags/example_branch_python_dop_operator_3.py took 0.666 seconds
[2022-12-04T15:54:02.196+0000] {processor.py:153} INFO - Started process (PID=256) to work on /home/airflow/.local/lib/python3.7/site-packages/airflow/example_dags/example_branch_python_dop_operator_3.py
[2022-12-04T15:54:02.204+0000] {processor.py:743} INFO - Processing file /home/airflow/.local/lib/python3.7/site-packages/airflow/example_dags/example_branch_python_dop_operator_3.py for tasks to queue
[2022-12-04T15:54:02.206+0000] {logging_mixin.py:137} INFO - [2022-12-04T15:54:02.205+0000] {dagbag.py:538} INFO - Filling up the DagBag from /home/airflow/.local/lib/python3.7/site-packages/airflow/example_dags/example_branch_python_dop_operator_3.py
[2022-12-04T15:54:02.414+0000] {processor.py:753} INFO - DAG(s) dict_keys(['example_branch_dop_operator_v3']) retrieved from /home/airflow/.local/lib/python3.7/site-packages/airflow/example_dags/example_branch_python_dop_operator_3.py
[2022-12-04T15:54:02.726+0000] {logging_mixin.py:137} INFO - [2022-12-04T15:54:02.726+0000] {dag.py:2676} INFO - Sync 1 DAGs
[2022-12-04T15:54:03.012+0000] {logging_mixin.py:137} INFO - [2022-12-04T15:54:03.012+0000] {dag.py:3427} INFO - Setting next_dagrun for example_branch_dop_operator_v3 to 2022-12-04T15:53:00+00:00, run_after=2022-12-04T15:54:00+00:00
[2022-12-04T15:54:03.160+0000] {processor.py:175} INFO - Processing /home/airflow/.local/lib/python3.7/site-packages/airflow/example_dags/example_branch_python_dop_operator_3.py took 1.012 seconds
