[2022-12-04T15:53:01.438+0000] {processor.py:153} INFO - Started process (PID=156) to work on /home/airflow/.local/lib/python3.7/site-packages/airflow/example_dags/example_task_group_decorator.py
[2022-12-04T15:53:01.469+0000] {processor.py:743} INFO - Processing file /home/airflow/.local/lib/python3.7/site-packages/airflow/example_dags/example_task_group_decorator.py for tasks to queue
[2022-12-04T15:53:01.471+0000] {logging_mixin.py:137} INFO - [2022-12-04T15:53:01.470+0000] {dagbag.py:538} INFO - Filling up the DagBag from /home/airflow/.local/lib/python3.7/site-packages/airflow/example_dags/example_task_group_decorator.py
[2022-12-04T15:53:02.596+0000] {processor.py:753} INFO - DAG(s) dict_keys(['example_task_group_decorator']) retrieved from /home/airflow/.local/lib/python3.7/site-packages/airflow/example_dags/example_task_group_decorator.py
[2022-12-04T15:53:04.142+0000] {logging_mixin.py:137} INFO - [2022-12-04T15:53:04.141+0000] {dag.py:2676} INFO - Sync 1 DAGs
[2022-12-04T15:53:04.906+0000] {logging_mixin.py:137} INFO - [2022-12-04T15:53:04.905+0000] {dag.py:3427} INFO - Setting next_dagrun for example_task_group_decorator to 2022-12-03T15:53:04.905400+00:00, run_after=2022-12-04T15:53:04.905400+00:00
[2022-12-04T15:53:05.455+0000] {processor.py:175} INFO - Processing /home/airflow/.local/lib/python3.7/site-packages/airflow/example_dags/example_task_group_decorator.py took 4.090 seconds
[2022-12-04T15:53:43.617+0000] {processor.py:153} INFO - Started process (PID=220) to work on /home/airflow/.local/lib/python3.7/site-packages/airflow/example_dags/example_task_group_decorator.py
[2022-12-04T15:53:43.624+0000] {processor.py:743} INFO - Processing file /home/airflow/.local/lib/python3.7/site-packages/airflow/example_dags/example_task_group_decorator.py for tasks to queue
[2022-12-04T15:53:43.636+0000] {logging_mixin.py:137} INFO - [2022-12-04T15:53:43.636+0000] {dagbag.py:538} INFO - Filling up the DagBag from /home/airflow/.local/lib/python3.7/site-packages/airflow/example_dags/example_task_group_decorator.py
[2022-12-04T15:53:43.752+0000] {processor.py:753} INFO - DAG(s) dict_keys(['example_task_group_decorator']) retrieved from /home/airflow/.local/lib/python3.7/site-packages/airflow/example_dags/example_task_group_decorator.py
[2022-12-04T15:53:43.958+0000] {logging_mixin.py:137} INFO - [2022-12-04T15:53:43.957+0000] {dag.py:2676} INFO - Sync 1 DAGs
[2022-12-04T15:53:44.100+0000] {logging_mixin.py:137} INFO - [2022-12-04T15:53:44.099+0000] {dag.py:3427} INFO - Setting next_dagrun for example_task_group_decorator to 2022-12-03T15:53:44.098453+00:00, run_after=2022-12-04T15:53:44.098453+00:00
[2022-12-04T15:53:44.189+0000] {processor.py:175} INFO - Processing /home/airflow/.local/lib/python3.7/site-packages/airflow/example_dags/example_task_group_decorator.py took 0.610 seconds
[2022-12-04T15:54:14.692+0000] {processor.py:153} INFO - Started process (PID=279) to work on /home/airflow/.local/lib/python3.7/site-packages/airflow/example_dags/example_task_group_decorator.py
[2022-12-04T15:54:14.694+0000] {processor.py:743} INFO - Processing file /home/airflow/.local/lib/python3.7/site-packages/airflow/example_dags/example_task_group_decorator.py for tasks to queue
[2022-12-04T15:54:14.695+0000] {logging_mixin.py:137} INFO - [2022-12-04T15:54:14.695+0000] {dagbag.py:538} INFO - Filling up the DagBag from /home/airflow/.local/lib/python3.7/site-packages/airflow/example_dags/example_task_group_decorator.py
[2022-12-04T15:54:15.247+0000] {processor.py:753} INFO - DAG(s) dict_keys(['example_task_group_decorator']) retrieved from /home/airflow/.local/lib/python3.7/site-packages/airflow/example_dags/example_task_group_decorator.py
[2022-12-04T15:54:15.928+0000] {logging_mixin.py:137} INFO - [2022-12-04T15:54:15.923+0000] {dag.py:2676} INFO - Sync 1 DAGs
[2022-12-04T15:54:16.269+0000] {logging_mixin.py:137} INFO - [2022-12-04T15:54:16.269+0000] {dag.py:3427} INFO - Setting next_dagrun for example_task_group_decorator to 2022-12-03T15:54:16.268889+00:00, run_after=2022-12-04T15:54:16.268889+00:00
[2022-12-04T15:54:16.586+0000] {processor.py:175} INFO - Processing /home/airflow/.local/lib/python3.7/site-packages/airflow/example_dags/example_task_group_decorator.py took 1.913 seconds
