[2022-12-04T15:52:37.743+0000] {processor.py:153} INFO - Started process (PID=136) to work on /home/airflow/.local/lib/python3.7/site-packages/airflow/example_dags/example_short_circuit_operator.py
[2022-12-04T15:52:37.836+0000] {processor.py:743} INFO - Processing file /home/airflow/.local/lib/python3.7/site-packages/airflow/example_dags/example_short_circuit_operator.py for tasks to queue
[2022-12-04T15:52:37.853+0000] {logging_mixin.py:137} INFO - [2022-12-04T15:52:37.853+0000] {dagbag.py:538} INFO - Filling up the DagBag from /home/airflow/.local/lib/python3.7/site-packages/airflow/example_dags/example_short_circuit_operator.py
[2022-12-04T15:52:38.768+0000] {processor.py:753} INFO - DAG(s) dict_keys(['example_short_circuit_operator']) retrieved from /home/airflow/.local/lib/python3.7/site-packages/airflow/example_dags/example_short_circuit_operator.py
[2022-12-04T15:52:40.209+0000] {logging_mixin.py:137} INFO - [2022-12-04T15:52:40.209+0000] {dag.py:2676} INFO - Sync 1 DAGs
[2022-12-04T15:52:41.027+0000] {logging_mixin.py:137} INFO - [2022-12-04T15:52:41.027+0000] {dag.py:3427} INFO - Setting next_dagrun for example_short_circuit_operator to 2022-12-03T15:52:41.026422+00:00, run_after=2022-12-04T15:52:41.026422+00:00
[2022-12-04T15:52:41.752+0000] {processor.py:175} INFO - Processing /home/airflow/.local/lib/python3.7/site-packages/airflow/example_dags/example_short_circuit_operator.py took 4.154 seconds
[2022-12-04T15:53:32.180+0000] {processor.py:153} INFO - Started process (PID=200) to work on /home/airflow/.local/lib/python3.7/site-packages/airflow/example_dags/example_short_circuit_operator.py
[2022-12-04T15:53:32.183+0000] {processor.py:743} INFO - Processing file /home/airflow/.local/lib/python3.7/site-packages/airflow/example_dags/example_short_circuit_operator.py for tasks to queue
[2022-12-04T15:53:32.184+0000] {logging_mixin.py:137} INFO - [2022-12-04T15:53:32.184+0000] {dagbag.py:538} INFO - Filling up the DagBag from /home/airflow/.local/lib/python3.7/site-packages/airflow/example_dags/example_short_circuit_operator.py
[2022-12-04T15:53:32.298+0000] {processor.py:753} INFO - DAG(s) dict_keys(['example_short_circuit_operator']) retrieved from /home/airflow/.local/lib/python3.7/site-packages/airflow/example_dags/example_short_circuit_operator.py
[2022-12-04T15:53:32.502+0000] {logging_mixin.py:137} INFO - [2022-12-04T15:53:32.501+0000] {dag.py:2676} INFO - Sync 1 DAGs
[2022-12-04T15:53:32.582+0000] {logging_mixin.py:137} INFO - [2022-12-04T15:53:32.581+0000] {dag.py:3427} INFO - Setting next_dagrun for example_short_circuit_operator to 2022-12-03T15:53:32.581287+00:00, run_after=2022-12-04T15:53:32.581287+00:00
[2022-12-04T15:53:32.649+0000] {processor.py:175} INFO - Processing /home/airflow/.local/lib/python3.7/site-packages/airflow/example_dags/example_short_circuit_operator.py took 0.488 seconds
[2022-12-04T15:54:03.073+0000] {processor.py:153} INFO - Started process (PID=258) to work on /home/airflow/.local/lib/python3.7/site-packages/airflow/example_dags/example_short_circuit_operator.py
[2022-12-04T15:54:03.088+0000] {processor.py:743} INFO - Processing file /home/airflow/.local/lib/python3.7/site-packages/airflow/example_dags/example_short_circuit_operator.py for tasks to queue
[2022-12-04T15:54:03.094+0000] {logging_mixin.py:137} INFO - [2022-12-04T15:54:03.093+0000] {dagbag.py:538} INFO - Filling up the DagBag from /home/airflow/.local/lib/python3.7/site-packages/airflow/example_dags/example_short_circuit_operator.py
[2022-12-04T15:54:03.265+0000] {processor.py:753} INFO - DAG(s) dict_keys(['example_short_circuit_operator']) retrieved from /home/airflow/.local/lib/python3.7/site-packages/airflow/example_dags/example_short_circuit_operator.py
[2022-12-04T15:54:03.596+0000] {logging_mixin.py:137} INFO - [2022-12-04T15:54:03.596+0000] {dag.py:2676} INFO - Sync 1 DAGs
[2022-12-04T15:54:03.855+0000] {logging_mixin.py:137} INFO - [2022-12-04T15:54:03.854+0000] {dag.py:3427} INFO - Setting next_dagrun for example_short_circuit_operator to 2022-12-03T15:54:03.854158+00:00, run_after=2022-12-04T15:54:03.854158+00:00
[2022-12-04T15:54:03.898+0000] {processor.py:175} INFO - Processing /home/airflow/.local/lib/python3.7/site-packages/airflow/example_dags/example_short_circuit_operator.py took 0.838 seconds
