[2022-12-04T15:52:37.431+0000] {processor.py:153} INFO - Started process (PID=135) to work on /home/airflow/.local/lib/python3.7/site-packages/airflow/example_dags/example_latest_only_with_trigger.py
[2022-12-04T15:52:37.536+0000] {processor.py:743} INFO - Processing file /home/airflow/.local/lib/python3.7/site-packages/airflow/example_dags/example_latest_only_with_trigger.py for tasks to queue
[2022-12-04T15:52:37.573+0000] {logging_mixin.py:137} INFO - [2022-12-04T15:52:37.573+0000] {dagbag.py:538} INFO - Filling up the DagBag from /home/airflow/.local/lib/python3.7/site-packages/airflow/example_dags/example_latest_only_with_trigger.py
[2022-12-04T15:52:38.470+0000] {processor.py:753} INFO - DAG(s) dict_keys(['latest_only_with_trigger']) retrieved from /home/airflow/.local/lib/python3.7/site-packages/airflow/example_dags/example_latest_only_with_trigger.py
[2022-12-04T15:52:40.025+0000] {logging_mixin.py:137} INFO - [2022-12-04T15:52:40.025+0000] {dag.py:2676} INFO - Sync 1 DAGs
[2022-12-04T15:52:40.854+0000] {logging_mixin.py:137} INFO - [2022-12-04T15:52:40.854+0000] {dag.py:3427} INFO - Setting next_dagrun for latest_only_with_trigger to 2022-12-04T11:52:40.827920+00:00, run_after=2022-12-04T15:52:40.827920+00:00
[2022-12-04T15:52:41.581+0000] {processor.py:175} INFO - Processing /home/airflow/.local/lib/python3.7/site-packages/airflow/example_dags/example_latest_only_with_trigger.py took 4.259 seconds
[2022-12-04T15:53:31.509+0000] {processor.py:153} INFO - Started process (PID=199) to work on /home/airflow/.local/lib/python3.7/site-packages/airflow/example_dags/example_latest_only_with_trigger.py
[2022-12-04T15:53:31.513+0000] {processor.py:743} INFO - Processing file /home/airflow/.local/lib/python3.7/site-packages/airflow/example_dags/example_latest_only_with_trigger.py for tasks to queue
[2022-12-04T15:53:31.514+0000] {logging_mixin.py:137} INFO - [2022-12-04T15:53:31.514+0000] {dagbag.py:538} INFO - Filling up the DagBag from /home/airflow/.local/lib/python3.7/site-packages/airflow/example_dags/example_latest_only_with_trigger.py
[2022-12-04T15:53:31.606+0000] {processor.py:753} INFO - DAG(s) dict_keys(['latest_only_with_trigger']) retrieved from /home/airflow/.local/lib/python3.7/site-packages/airflow/example_dags/example_latest_only_with_trigger.py
[2022-12-04T15:53:31.835+0000] {logging_mixin.py:137} INFO - [2022-12-04T15:53:31.835+0000] {dag.py:2676} INFO - Sync 1 DAGs
[2022-12-04T15:53:31.990+0000] {logging_mixin.py:137} INFO - [2022-12-04T15:53:31.989+0000] {dag.py:3427} INFO - Setting next_dagrun for latest_only_with_trigger to 2022-12-04T11:53:31.989417+00:00, run_after=2022-12-04T15:53:31.989417+00:00
[2022-12-04T15:53:32.076+0000] {processor.py:175} INFO - Processing /home/airflow/.local/lib/python3.7/site-packages/airflow/example_dags/example_latest_only_with_trigger.py took 0.587 seconds
[2022-12-04T15:54:02.272+0000] {processor.py:153} INFO - Started process (PID=257) to work on /home/airflow/.local/lib/python3.7/site-packages/airflow/example_dags/example_latest_only_with_trigger.py
[2022-12-04T15:54:02.274+0000] {processor.py:743} INFO - Processing file /home/airflow/.local/lib/python3.7/site-packages/airflow/example_dags/example_latest_only_with_trigger.py for tasks to queue
[2022-12-04T15:54:02.275+0000] {logging_mixin.py:137} INFO - [2022-12-04T15:54:02.275+0000] {dagbag.py:538} INFO - Filling up the DagBag from /home/airflow/.local/lib/python3.7/site-packages/airflow/example_dags/example_latest_only_with_trigger.py
[2022-12-04T15:54:02.322+0000] {processor.py:753} INFO - DAG(s) dict_keys(['latest_only_with_trigger']) retrieved from /home/airflow/.local/lib/python3.7/site-packages/airflow/example_dags/example_latest_only_with_trigger.py
[2022-12-04T15:54:02.588+0000] {logging_mixin.py:137} INFO - [2022-12-04T15:54:02.588+0000] {dag.py:2676} INFO - Sync 1 DAGs
[2022-12-04T15:54:02.807+0000] {logging_mixin.py:137} INFO - [2022-12-04T15:54:02.806+0000] {dag.py:3427} INFO - Setting next_dagrun for latest_only_with_trigger to 2022-12-04T11:54:02.805698+00:00, run_after=2022-12-04T15:54:02.805698+00:00
[2022-12-04T15:54:02.949+0000] {processor.py:175} INFO - Processing /home/airflow/.local/lib/python3.7/site-packages/airflow/example_dags/example_latest_only_with_trigger.py took 0.717 seconds
