[2022-12-04T15:53:13.167+0000] {processor.py:153} INFO - Started process (PID=171) to work on /home/airflow/.local/lib/python3.7/site-packages/airflow/example_dags/example_xcomargs.py
[2022-12-04T15:53:13.185+0000] {processor.py:743} INFO - Processing file /home/airflow/.local/lib/python3.7/site-packages/airflow/example_dags/example_xcomargs.py for tasks to queue
[2022-12-04T15:53:13.189+0000] {logging_mixin.py:137} INFO - [2022-12-04T15:53:13.189+0000] {dagbag.py:538} INFO - Filling up the DagBag from /home/airflow/.local/lib/python3.7/site-packages/airflow/example_dags/example_xcomargs.py
[2022-12-04T15:53:13.518+0000] {processor.py:753} INFO - DAG(s) dict_keys(['example_xcom_args', 'example_xcom_args_with_operators']) retrieved from /home/airflow/.local/lib/python3.7/site-packages/airflow/example_dags/example_xcomargs.py
[2022-12-04T15:53:14.094+0000] {logging_mixin.py:137} INFO - [2022-12-04T15:53:14.093+0000] {dag.py:2676} INFO - Sync 2 DAGs
[2022-12-04T15:53:14.698+0000] {logging_mixin.py:137} INFO - [2022-12-04T15:53:14.697+0000] {dag.py:3427} INFO - Setting next_dagrun for example_xcom_args to None, run_after=None
[2022-12-04T15:53:14.873+0000] {logging_mixin.py:137} INFO - [2022-12-04T15:53:14.872+0000] {dag.py:3427} INFO - Setting next_dagrun for example_xcom_args_with_operators to None, run_after=None
[2022-12-04T15:53:15.344+0000] {processor.py:175} INFO - Processing /home/airflow/.local/lib/python3.7/site-packages/airflow/example_dags/example_xcomargs.py took 2.214 seconds
[2022-12-04T15:53:47.789+0000] {processor.py:153} INFO - Started process (PID=232) to work on /home/airflow/.local/lib/python3.7/site-packages/airflow/example_dags/example_xcomargs.py
[2022-12-04T15:53:47.793+0000] {processor.py:743} INFO - Processing file /home/airflow/.local/lib/python3.7/site-packages/airflow/example_dags/example_xcomargs.py for tasks to queue
[2022-12-04T15:53:47.794+0000] {logging_mixin.py:137} INFO - [2022-12-04T15:53:47.794+0000] {dagbag.py:538} INFO - Filling up the DagBag from /home/airflow/.local/lib/python3.7/site-packages/airflow/example_dags/example_xcomargs.py
[2022-12-04T15:53:47.866+0000] {processor.py:753} INFO - DAG(s) dict_keys(['example_xcom_args', 'example_xcom_args_with_operators']) retrieved from /home/airflow/.local/lib/python3.7/site-packages/airflow/example_dags/example_xcomargs.py
[2022-12-04T15:53:47.985+0000] {logging_mixin.py:137} INFO - [2022-12-04T15:53:47.985+0000] {dag.py:2676} INFO - Sync 2 DAGs
[2022-12-04T15:53:48.071+0000] {logging_mixin.py:137} INFO - [2022-12-04T15:53:48.070+0000] {dag.py:3427} INFO - Setting next_dagrun for example_xcom_args to None, run_after=None
[2022-12-04T15:53:48.081+0000] {logging_mixin.py:137} INFO - [2022-12-04T15:53:48.080+0000] {dag.py:3427} INFO - Setting next_dagrun for example_xcom_args_with_operators to None, run_after=None
[2022-12-04T15:53:48.136+0000] {processor.py:175} INFO - Processing /home/airflow/.local/lib/python3.7/site-packages/airflow/example_dags/example_xcomargs.py took 0.355 seconds
[2022-12-04T15:54:22.583+0000] {processor.py:153} INFO - Started process (PID=292) to work on /home/airflow/.local/lib/python3.7/site-packages/airflow/example_dags/example_xcomargs.py
[2022-12-04T15:54:22.606+0000] {processor.py:743} INFO - Processing file /home/airflow/.local/lib/python3.7/site-packages/airflow/example_dags/example_xcomargs.py for tasks to queue
[2022-12-04T15:54:22.608+0000] {logging_mixin.py:137} INFO - [2022-12-04T15:54:22.607+0000] {dagbag.py:538} INFO - Filling up the DagBag from /home/airflow/.local/lib/python3.7/site-packages/airflow/example_dags/example_xcomargs.py
[2022-12-04T15:54:22.758+0000] {processor.py:753} INFO - DAG(s) dict_keys(['example_xcom_args', 'example_xcom_args_with_operators']) retrieved from /home/airflow/.local/lib/python3.7/site-packages/airflow/example_dags/example_xcomargs.py
[2022-12-04T15:54:23.113+0000] {logging_mixin.py:137} INFO - [2022-12-04T15:54:23.112+0000] {dag.py:2676} INFO - Sync 2 DAGs
[2022-12-04T15:54:23.214+0000] {logging_mixin.py:137} INFO - [2022-12-04T15:54:23.214+0000] {dag.py:3427} INFO - Setting next_dagrun for example_xcom_args to None, run_after=None
[2022-12-04T15:54:23.227+0000] {logging_mixin.py:137} INFO - [2022-12-04T15:54:23.227+0000] {dag.py:3427} INFO - Setting next_dagrun for example_xcom_args_with_operators to None, run_after=None
[2022-12-04T15:54:23.310+0000] {processor.py:175} INFO - Processing /home/airflow/.local/lib/python3.7/site-packages/airflow/example_dags/example_xcomargs.py took 0.734 seconds
