[2022-12-04T15:53:10.662+0000] {processor.py:153} INFO - Started process (PID=166) to work on /home/airflow/.local/lib/python3.7/site-packages/airflow/example_dags/example_datasets.py
[2022-12-04T15:53:10.674+0000] {processor.py:743} INFO - Processing file /home/airflow/.local/lib/python3.7/site-packages/airflow/example_dags/example_datasets.py for tasks to queue
[2022-12-04T15:53:10.678+0000] {logging_mixin.py:137} INFO - [2022-12-04T15:53:10.678+0000] {dagbag.py:538} INFO - Filling up the DagBag from /home/airflow/.local/lib/python3.7/site-packages/airflow/example_dags/example_datasets.py
[2022-12-04T15:53:10.856+0000] {processor.py:753} INFO - DAG(s) dict_keys(['dataset_produces_1', 'dataset_consumes_1_and_2', 'dataset_consumes_1', 'dataset_produces_2', 'dataset_consumes_unknown_never_scheduled', 'dataset_consumes_1_never_scheduled']) retrieved from /home/airflow/.local/lib/python3.7/site-packages/airflow/example_dags/example_datasets.py
[2022-12-04T15:53:11.703+0000] {logging_mixin.py:137} INFO - [2022-12-04T15:53:11.702+0000] {dag.py:2676} INFO - Sync 6 DAGs
[2022-12-04T15:53:11.914+0000] {logging_mixin.py:137} INFO - [2022-12-04T15:53:11.900+0000] {dag.py:3427} INFO - Setting next_dagrun for dataset_consumes_1 to None, run_after=None
[2022-12-04T15:53:11.956+0000] {logging_mixin.py:137} INFO - [2022-12-04T15:53:11.955+0000] {dag.py:3427} INFO - Setting next_dagrun for dataset_consumes_1_and_2 to None, run_after=None
[2022-12-04T15:53:11.967+0000] {logging_mixin.py:137} INFO - [2022-12-04T15:53:11.966+0000] {dag.py:3427} INFO - Setting next_dagrun for dataset_consumes_1_never_scheduled to None, run_after=None
[2022-12-04T15:53:11.977+0000] {logging_mixin.py:137} INFO - [2022-12-04T15:53:11.977+0000] {dag.py:3427} INFO - Setting next_dagrun for dataset_consumes_unknown_never_scheduled to None, run_after=None
[2022-12-04T15:53:12.000+0000] {logging_mixin.py:137} INFO - [2022-12-04T15:53:11.984+0000] {dag.py:3427} INFO - Setting next_dagrun for dataset_produces_1 to 2022-12-03T00:00:00+00:00, run_after=2022-12-04T00:00:00+00:00
[2022-12-04T15:53:12.007+0000] {logging_mixin.py:137} INFO - [2022-12-04T15:53:12.007+0000] {dag.py:3427} INFO - Setting next_dagrun for dataset_produces_2 to None, run_after=None
[2022-12-04T15:53:12.320+0000] {processor.py:175} INFO - Processing /home/airflow/.local/lib/python3.7/site-packages/airflow/example_dags/example_datasets.py took 1.677 seconds
[2022-12-04T15:53:46.085+0000] {processor.py:153} INFO - Started process (PID=228) to work on /home/airflow/.local/lib/python3.7/site-packages/airflow/example_dags/example_datasets.py
[2022-12-04T15:53:46.095+0000] {processor.py:743} INFO - Processing file /home/airflow/.local/lib/python3.7/site-packages/airflow/example_dags/example_datasets.py for tasks to queue
[2022-12-04T15:53:46.101+0000] {logging_mixin.py:137} INFO - [2022-12-04T15:53:46.100+0000] {dagbag.py:538} INFO - Filling up the DagBag from /home/airflow/.local/lib/python3.7/site-packages/airflow/example_dags/example_datasets.py
[2022-12-04T15:53:46.189+0000] {processor.py:753} INFO - DAG(s) dict_keys(['dataset_consumes_1_and_2', 'dataset_consumes_unknown_never_scheduled', 'dataset_consumes_1', 'dataset_produces_1', 'dataset_produces_2', 'dataset_consumes_1_never_scheduled']) retrieved from /home/airflow/.local/lib/python3.7/site-packages/airflow/example_dags/example_datasets.py
[2022-12-04T15:53:46.477+0000] {logging_mixin.py:137} INFO - [2022-12-04T15:53:46.477+0000] {dag.py:2676} INFO - Sync 6 DAGs
[2022-12-04T15:53:46.633+0000] {logging_mixin.py:137} INFO - [2022-12-04T15:53:46.633+0000] {dag.py:3427} INFO - Setting next_dagrun for dataset_consumes_1 to None, run_after=None
[2022-12-04T15:53:46.656+0000] {logging_mixin.py:137} INFO - [2022-12-04T15:53:46.648+0000] {dag.py:3427} INFO - Setting next_dagrun for dataset_consumes_1_and_2 to None, run_after=None
[2022-12-04T15:53:46.660+0000] {logging_mixin.py:137} INFO - [2022-12-04T15:53:46.660+0000] {dag.py:3427} INFO - Setting next_dagrun for dataset_consumes_1_never_scheduled to None, run_after=None
[2022-12-04T15:53:46.663+0000] {logging_mixin.py:137} INFO - [2022-12-04T15:53:46.663+0000] {dag.py:3427} INFO - Setting next_dagrun for dataset_consumes_unknown_never_scheduled to None, run_after=None
[2022-12-04T15:53:46.678+0000] {logging_mixin.py:137} INFO - [2022-12-04T15:53:46.678+0000] {dag.py:3427} INFO - Setting next_dagrun for dataset_produces_1 to 2022-12-03T00:00:00+00:00, run_after=2022-12-04T00:00:00+00:00
[2022-12-04T15:53:46.685+0000] {logging_mixin.py:137} INFO - [2022-12-04T15:53:46.685+0000] {dag.py:3427} INFO - Setting next_dagrun for dataset_produces_2 to None, run_after=None
[2022-12-04T15:53:46.832+0000] {processor.py:175} INFO - Processing /home/airflow/.local/lib/python3.7/site-packages/airflow/example_dags/example_datasets.py took 0.781 seconds
[2022-12-04T15:54:19.966+0000] {processor.py:153} INFO - Started process (PID=288) to work on /home/airflow/.local/lib/python3.7/site-packages/airflow/example_dags/example_datasets.py
[2022-12-04T15:54:19.977+0000] {processor.py:743} INFO - Processing file /home/airflow/.local/lib/python3.7/site-packages/airflow/example_dags/example_datasets.py for tasks to queue
[2022-12-04T15:54:19.978+0000] {logging_mixin.py:137} INFO - [2022-12-04T15:54:19.978+0000] {dagbag.py:538} INFO - Filling up the DagBag from /home/airflow/.local/lib/python3.7/site-packages/airflow/example_dags/example_datasets.py
[2022-12-04T15:54:20.094+0000] {processor.py:753} INFO - DAG(s) dict_keys(['dataset_consumes_1_and_2', 'dataset_consumes_1', 'dataset_consumes_unknown_never_scheduled', 'dataset_consumes_1_never_scheduled', 'dataset_produces_1', 'dataset_produces_2']) retrieved from /home/airflow/.local/lib/python3.7/site-packages/airflow/example_dags/example_datasets.py
[2022-12-04T15:54:20.721+0000] {logging_mixin.py:137} INFO - [2022-12-04T15:54:20.720+0000] {dag.py:2676} INFO - Sync 6 DAGs
[2022-12-04T15:54:21.018+0000] {logging_mixin.py:137} INFO - [2022-12-04T15:54:21.017+0000] {dag.py:3427} INFO - Setting next_dagrun for dataset_consumes_1 to None, run_after=None
[2022-12-04T15:54:21.034+0000] {logging_mixin.py:137} INFO - [2022-12-04T15:54:21.033+0000] {dag.py:3427} INFO - Setting next_dagrun for dataset_consumes_1_and_2 to None, run_after=None
[2022-12-04T15:54:21.041+0000] {logging_mixin.py:137} INFO - [2022-12-04T15:54:21.041+0000] {dag.py:3427} INFO - Setting next_dagrun for dataset_consumes_1_never_scheduled to None, run_after=None
[2022-12-04T15:54:21.055+0000] {logging_mixin.py:137} INFO - [2022-12-04T15:54:21.055+0000] {dag.py:3427} INFO - Setting next_dagrun for dataset_consumes_unknown_never_scheduled to None, run_after=None
[2022-12-04T15:54:21.078+0000] {logging_mixin.py:137} INFO - [2022-12-04T15:54:21.078+0000] {dag.py:3427} INFO - Setting next_dagrun for dataset_produces_1 to 2022-12-03T00:00:00+00:00, run_after=2022-12-04T00:00:00+00:00
[2022-12-04T15:54:21.098+0000] {logging_mixin.py:137} INFO - [2022-12-04T15:54:21.097+0000] {dag.py:3427} INFO - Setting next_dagrun for dataset_produces_2 to None, run_after=None
[2022-12-04T15:54:21.375+0000] {processor.py:175} INFO - Processing /home/airflow/.local/lib/python3.7/site-packages/airflow/example_dags/example_datasets.py took 1.444 seconds
