[2022-12-04T15:52:05.499+0000] {processor.py:153} INFO - Started process (PID=112) to work on /home/airflow/.local/lib/python3.7/site-packages/airflow/example_dags/example_sla_dag.py
[2022-12-04T15:52:05.597+0000] {processor.py:743} INFO - Processing file /home/airflow/.local/lib/python3.7/site-packages/airflow/example_dags/example_sla_dag.py for tasks to queue
[2022-12-04T15:52:05.598+0000] {logging_mixin.py:137} INFO - [2022-12-04T15:52:05.598+0000] {dagbag.py:538} INFO - Filling up the DagBag from /home/airflow/.local/lib/python3.7/site-packages/airflow/example_dags/example_sla_dag.py
[2022-12-04T15:52:08.568+0000] {processor.py:753} INFO - DAG(s) dict_keys(['example_sla_dag']) retrieved from /home/airflow/.local/lib/python3.7/site-packages/airflow/example_dags/example_sla_dag.py
[2022-12-04T15:52:10.573+0000] {logging_mixin.py:137} INFO - [2022-12-04T15:52:10.572+0000] {dag.py:2676} INFO - Sync 1 DAGs
[2022-12-04T15:52:11.799+0000] {logging_mixin.py:137} INFO - [2022-12-04T15:52:11.798+0000] {dag.py:3427} INFO - Setting next_dagrun for example_sla_dag to 2022-12-04T15:50:00+00:00, run_after=2022-12-04T15:52:00+00:00
[2022-12-04T15:52:12.245+0000] {processor.py:175} INFO - Processing /home/airflow/.local/lib/python3.7/site-packages/airflow/example_dags/example_sla_dag.py took 6.856 seconds
[2022-12-04T15:53:25.705+0000] {processor.py:153} INFO - Started process (PID=191) to work on /home/airflow/.local/lib/python3.7/site-packages/airflow/example_dags/example_sla_dag.py
[2022-12-04T15:53:25.713+0000] {processor.py:743} INFO - Processing file /home/airflow/.local/lib/python3.7/site-packages/airflow/example_dags/example_sla_dag.py for tasks to queue
[2022-12-04T15:53:25.715+0000] {logging_mixin.py:137} INFO - [2022-12-04T15:53:25.715+0000] {dagbag.py:538} INFO - Filling up the DagBag from /home/airflow/.local/lib/python3.7/site-packages/airflow/example_dags/example_sla_dag.py
[2022-12-04T15:53:25.881+0000] {processor.py:753} INFO - DAG(s) dict_keys(['example_sla_dag']) retrieved from /home/airflow/.local/lib/python3.7/site-packages/airflow/example_dags/example_sla_dag.py
[2022-12-04T15:53:26.156+0000] {logging_mixin.py:137} INFO - [2022-12-04T15:53:26.156+0000] {dag.py:2676} INFO - Sync 1 DAGs
[2022-12-04T15:53:26.450+0000] {logging_mixin.py:137} INFO - [2022-12-04T15:53:26.450+0000] {dag.py:3427} INFO - Setting next_dagrun for example_sla_dag to 2022-12-04T15:50:00+00:00, run_after=2022-12-04T15:52:00+00:00
[2022-12-04T15:53:26.722+0000] {processor.py:175} INFO - Processing /home/airflow/.local/lib/python3.7/site-packages/airflow/example_dags/example_sla_dag.py took 1.035 seconds
[2022-12-04T15:53:57.342+0000] {processor.py:153} INFO - Started process (PID=249) to work on /home/airflow/.local/lib/python3.7/site-packages/airflow/example_dags/example_sla_dag.py
[2022-12-04T15:53:57.397+0000] {processor.py:743} INFO - Processing file /home/airflow/.local/lib/python3.7/site-packages/airflow/example_dags/example_sla_dag.py for tasks to queue
[2022-12-04T15:53:57.398+0000] {logging_mixin.py:137} INFO - [2022-12-04T15:53:57.398+0000] {dagbag.py:538} INFO - Filling up the DagBag from /home/airflow/.local/lib/python3.7/site-packages/airflow/example_dags/example_sla_dag.py
[2022-12-04T15:53:57.670+0000] {processor.py:753} INFO - DAG(s) dict_keys(['example_sla_dag']) retrieved from /home/airflow/.local/lib/python3.7/site-packages/airflow/example_dags/example_sla_dag.py
[2022-12-04T15:53:58.169+0000] {logging_mixin.py:137} INFO - [2022-12-04T15:53:58.169+0000] {dag.py:2676} INFO - Sync 1 DAGs
[2022-12-04T15:53:58.447+0000] {logging_mixin.py:137} INFO - [2022-12-04T15:53:58.447+0000] {dag.py:3427} INFO - Setting next_dagrun for example_sla_dag to 2022-12-04T15:50:00+00:00, run_after=2022-12-04T15:52:00+00:00
[2022-12-04T15:53:58.609+0000] {processor.py:175} INFO - Processing /home/airflow/.local/lib/python3.7/site-packages/airflow/example_dags/example_sla_dag.py took 1.286 seconds
[2022-12-04T15:54:28.968+0000] {processor.py:153} INFO - Started process (PID=303) to work on /home/airflow/.local/lib/python3.7/site-packages/airflow/example_dags/example_sla_dag.py
[2022-12-04T15:54:28.970+0000] {processor.py:743} INFO - Processing file /home/airflow/.local/lib/python3.7/site-packages/airflow/example_dags/example_sla_dag.py for tasks to queue
[2022-12-04T15:54:28.971+0000] {logging_mixin.py:137} INFO - [2022-12-04T15:54:28.971+0000] {dagbag.py:538} INFO - Filling up the DagBag from /home/airflow/.local/lib/python3.7/site-packages/airflow/example_dags/example_sla_dag.py
[2022-12-04T15:54:29.030+0000] {processor.py:753} INFO - DAG(s) dict_keys(['example_sla_dag']) retrieved from /home/airflow/.local/lib/python3.7/site-packages/airflow/example_dags/example_sla_dag.py
[2022-12-04T15:54:29.122+0000] {logging_mixin.py:137} INFO - [2022-12-04T15:54:29.122+0000] {dag.py:2676} INFO - Sync 1 DAGs
[2022-12-04T15:54:29.201+0000] {logging_mixin.py:137} INFO - [2022-12-04T15:54:29.200+0000] {dag.py:3427} INFO - Setting next_dagrun for example_sla_dag to 2022-12-04T15:52:00+00:00, run_after=2022-12-04T15:54:00+00:00
[2022-12-04T15:54:29.302+0000] {processor.py:175} INFO - Processing /home/airflow/.local/lib/python3.7/site-packages/airflow/example_dags/example_sla_dag.py took 0.345 seconds
