[2022-12-04T15:53:12.492+0000] {processor.py:153} INFO - Started process (PID=169) to work on /home/airflow/.local/lib/python3.7/site-packages/airflow/example_dags/example_branch_operator.py
[2022-12-04T15:53:12.495+0000] {processor.py:743} INFO - Processing file /home/airflow/.local/lib/python3.7/site-packages/airflow/example_dags/example_branch_operator.py for tasks to queue
[2022-12-04T15:53:12.509+0000] {logging_mixin.py:137} INFO - [2022-12-04T15:53:12.508+0000] {dagbag.py:538} INFO - Filling up the DagBag from /home/airflow/.local/lib/python3.7/site-packages/airflow/example_dags/example_branch_operator.py
[2022-12-04T15:53:12.706+0000] {processor.py:753} INFO - DAG(s) dict_keys(['example_branch_operator']) retrieved from /home/airflow/.local/lib/python3.7/site-packages/airflow/example_dags/example_branch_operator.py
[2022-12-04T15:53:13.000+0000] {logging_mixin.py:137} INFO - [2022-12-04T15:53:13.000+0000] {dag.py:2676} INFO - Sync 1 DAGs
[2022-12-04T15:53:13.223+0000] {logging_mixin.py:137} INFO - [2022-12-04T15:53:13.223+0000] {dag.py:3427} INFO - Setting next_dagrun for example_branch_operator to 2022-12-03T00:00:00+00:00, run_after=2022-12-04T00:00:00+00:00
[2022-12-04T15:53:13.406+0000] {processor.py:175} INFO - Processing /home/airflow/.local/lib/python3.7/site-packages/airflow/example_dags/example_branch_operator.py took 0.952 seconds
[2022-12-04T15:53:47.313+0000] {processor.py:153} INFO - Started process (PID=231) to work on /home/airflow/.local/lib/python3.7/site-packages/airflow/example_dags/example_branch_operator.py
[2022-12-04T15:53:47.318+0000] {processor.py:743} INFO - Processing file /home/airflow/.local/lib/python3.7/site-packages/airflow/example_dags/example_branch_operator.py for tasks to queue
[2022-12-04T15:53:47.320+0000] {logging_mixin.py:137} INFO - [2022-12-04T15:53:47.320+0000] {dagbag.py:538} INFO - Filling up the DagBag from /home/airflow/.local/lib/python3.7/site-packages/airflow/example_dags/example_branch_operator.py
[2022-12-04T15:53:47.368+0000] {processor.py:753} INFO - DAG(s) dict_keys(['example_branch_operator']) retrieved from /home/airflow/.local/lib/python3.7/site-packages/airflow/example_dags/example_branch_operator.py
[2022-12-04T15:53:47.469+0000] {logging_mixin.py:137} INFO - [2022-12-04T15:53:47.468+0000] {dag.py:2676} INFO - Sync 1 DAGs
[2022-12-04T15:53:47.550+0000] {logging_mixin.py:137} INFO - [2022-12-04T15:53:47.547+0000] {dag.py:3427} INFO - Setting next_dagrun for example_branch_operator to 2022-12-03T00:00:00+00:00, run_after=2022-12-04T00:00:00+00:00
[2022-12-04T15:53:47.670+0000] {processor.py:175} INFO - Processing /home/airflow/.local/lib/python3.7/site-packages/airflow/example_dags/example_branch_operator.py took 0.364 seconds
[2022-12-04T15:54:22.435+0000] {processor.py:153} INFO - Started process (PID=291) to work on /home/airflow/.local/lib/python3.7/site-packages/airflow/example_dags/example_branch_operator.py
[2022-12-04T15:54:22.440+0000] {processor.py:743} INFO - Processing file /home/airflow/.local/lib/python3.7/site-packages/airflow/example_dags/example_branch_operator.py for tasks to queue
[2022-12-04T15:54:22.446+0000] {logging_mixin.py:137} INFO - [2022-12-04T15:54:22.446+0000] {dagbag.py:538} INFO - Filling up the DagBag from /home/airflow/.local/lib/python3.7/site-packages/airflow/example_dags/example_branch_operator.py
[2022-12-04T15:54:22.588+0000] {processor.py:753} INFO - DAG(s) dict_keys(['example_branch_operator']) retrieved from /home/airflow/.local/lib/python3.7/site-packages/airflow/example_dags/example_branch_operator.py
[2022-12-04T15:54:22.793+0000] {logging_mixin.py:137} INFO - [2022-12-04T15:54:22.792+0000] {dag.py:2676} INFO - Sync 1 DAGs
[2022-12-04T15:54:22.927+0000] {logging_mixin.py:137} INFO - [2022-12-04T15:54:22.926+0000] {dag.py:3427} INFO - Setting next_dagrun for example_branch_operator to 2022-12-03T00:00:00+00:00, run_after=2022-12-04T00:00:00+00:00
[2022-12-04T15:54:22.990+0000] {processor.py:175} INFO - Processing /home/airflow/.local/lib/python3.7/site-packages/airflow/example_dags/example_branch_operator.py took 0.588 seconds
