[2022-12-04T15:52:28.523+0000] {processor.py:153} INFO - Started process (PID=126) to work on /home/airflow/.local/lib/python3.7/site-packages/airflow/example_dags/example_trigger_controller_dag.py
[2022-12-04T15:52:28.593+0000] {processor.py:743} INFO - Processing file /home/airflow/.local/lib/python3.7/site-packages/airflow/example_dags/example_trigger_controller_dag.py for tasks to queue
[2022-12-04T15:52:28.613+0000] {logging_mixin.py:137} INFO - [2022-12-04T15:52:28.613+0000] {dagbag.py:538} INFO - Filling up the DagBag from /home/airflow/.local/lib/python3.7/site-packages/airflow/example_dags/example_trigger_controller_dag.py
[2022-12-04T15:52:28.970+0000] {processor.py:753} INFO - DAG(s) dict_keys(['example_trigger_controller_dag']) retrieved from /home/airflow/.local/lib/python3.7/site-packages/airflow/example_dags/example_trigger_controller_dag.py
[2022-12-04T15:52:30.094+0000] {logging_mixin.py:137} INFO - [2022-12-04T15:52:30.093+0000] {dag.py:2676} INFO - Sync 1 DAGs
[2022-12-04T15:52:30.979+0000] {logging_mixin.py:137} INFO - [2022-12-04T15:52:30.979+0000] {dag.py:3427} INFO - Setting next_dagrun for example_trigger_controller_dag to 2021-01-01T00:00:00+00:00, run_after=2021-01-01T00:00:00+00:00
[2022-12-04T15:52:31.561+0000] {processor.py:175} INFO - Processing /home/airflow/.local/lib/python3.7/site-packages/airflow/example_dags/example_trigger_controller_dag.py took 3.173 seconds
[2022-12-04T15:53:30.207+0000] {processor.py:153} INFO - Started process (PID=197) to work on /home/airflow/.local/lib/python3.7/site-packages/airflow/example_dags/example_trigger_controller_dag.py
[2022-12-04T15:53:30.214+0000] {processor.py:743} INFO - Processing file /home/airflow/.local/lib/python3.7/site-packages/airflow/example_dags/example_trigger_controller_dag.py for tasks to queue
[2022-12-04T15:53:30.222+0000] {logging_mixin.py:137} INFO - [2022-12-04T15:53:30.221+0000] {dagbag.py:538} INFO - Filling up the DagBag from /home/airflow/.local/lib/python3.7/site-packages/airflow/example_dags/example_trigger_controller_dag.py
[2022-12-04T15:53:30.296+0000] {processor.py:753} INFO - DAG(s) dict_keys(['example_trigger_controller_dag']) retrieved from /home/airflow/.local/lib/python3.7/site-packages/airflow/example_dags/example_trigger_controller_dag.py
[2022-12-04T15:53:30.395+0000] {logging_mixin.py:137} INFO - [2022-12-04T15:53:30.395+0000] {dag.py:2676} INFO - Sync 1 DAGs
[2022-12-04T15:53:30.561+0000] {logging_mixin.py:137} INFO - [2022-12-04T15:53:30.561+0000] {dag.py:3427} INFO - Setting next_dagrun for example_trigger_controller_dag to 2021-01-01T00:00:00+00:00, run_after=2021-01-01T00:00:00+00:00
[2022-12-04T15:53:30.650+0000] {processor.py:175} INFO - Processing /home/airflow/.local/lib/python3.7/site-packages/airflow/example_dags/example_trigger_controller_dag.py took 0.509 seconds
[2022-12-04T15:54:00.968+0000] {processor.py:153} INFO - Started process (PID=255) to work on /home/airflow/.local/lib/python3.7/site-packages/airflow/example_dags/example_trigger_controller_dag.py
[2022-12-04T15:54:00.995+0000] {processor.py:743} INFO - Processing file /home/airflow/.local/lib/python3.7/site-packages/airflow/example_dags/example_trigger_controller_dag.py for tasks to queue
[2022-12-04T15:54:01.001+0000] {logging_mixin.py:137} INFO - [2022-12-04T15:54:01.000+0000] {dagbag.py:538} INFO - Filling up the DagBag from /home/airflow/.local/lib/python3.7/site-packages/airflow/example_dags/example_trigger_controller_dag.py
[2022-12-04T15:54:01.141+0000] {processor.py:753} INFO - DAG(s) dict_keys(['example_trigger_controller_dag']) retrieved from /home/airflow/.local/lib/python3.7/site-packages/airflow/example_dags/example_trigger_controller_dag.py
[2022-12-04T15:54:01.657+0000] {logging_mixin.py:137} INFO - [2022-12-04T15:54:01.657+0000] {dag.py:2676} INFO - Sync 1 DAGs
[2022-12-04T15:54:01.975+0000] {logging_mixin.py:137} INFO - [2022-12-04T15:54:01.975+0000] {dag.py:3427} INFO - Setting next_dagrun for example_trigger_controller_dag to 2021-01-01T00:00:00+00:00, run_after=2021-01-01T00:00:00+00:00
[2022-12-04T15:54:02.062+0000] {processor.py:175} INFO - Processing /home/airflow/.local/lib/python3.7/site-packages/airflow/example_dags/example_trigger_controller_dag.py took 1.164 seconds
