[2022-12-04T15:53:18.391+0000] {processor.py:153} INFO - Started process (PID=181) to work on /home/airflow/.local/lib/python3.7/site-packages/airflow/example_dags/example_branch_labels.py
[2022-12-04T15:53:18.473+0000] {processor.py:743} INFO - Processing file /home/airflow/.local/lib/python3.7/site-packages/airflow/example_dags/example_branch_labels.py for tasks to queue
[2022-12-04T15:53:18.475+0000] {logging_mixin.py:137} INFO - [2022-12-04T15:53:18.474+0000] {dagbag.py:538} INFO - Filling up the DagBag from /home/airflow/.local/lib/python3.7/site-packages/airflow/example_dags/example_branch_labels.py
[2022-12-04T15:53:19.073+0000] {processor.py:753} INFO - DAG(s) dict_keys(['example_branch_labels']) retrieved from /home/airflow/.local/lib/python3.7/site-packages/airflow/example_dags/example_branch_labels.py
[2022-12-04T15:53:20.176+0000] {logging_mixin.py:137} INFO - [2022-12-04T15:53:20.175+0000] {dag.py:2676} INFO - Sync 1 DAGs
[2022-12-04T15:53:20.874+0000] {logging_mixin.py:137} INFO - [2022-12-04T15:53:20.855+0000] {dag.py:3427} INFO - Setting next_dagrun for example_branch_labels to 2022-12-03T00:00:00+00:00, run_after=2022-12-04T00:00:00+00:00
[2022-12-04T15:53:21.300+0000] {processor.py:175} INFO - Processing /home/airflow/.local/lib/python3.7/site-packages/airflow/example_dags/example_branch_labels.py took 2.990 seconds
[2022-12-04T15:53:51.791+0000] {processor.py:153} INFO - Started process (PID=235) to work on /home/airflow/.local/lib/python3.7/site-packages/airflow/example_dags/example_branch_labels.py
[2022-12-04T15:53:51.802+0000] {processor.py:743} INFO - Processing file /home/airflow/.local/lib/python3.7/site-packages/airflow/example_dags/example_branch_labels.py for tasks to queue
[2022-12-04T15:53:51.804+0000] {logging_mixin.py:137} INFO - [2022-12-04T15:53:51.803+0000] {dagbag.py:538} INFO - Filling up the DagBag from /home/airflow/.local/lib/python3.7/site-packages/airflow/example_dags/example_branch_labels.py
[2022-12-04T15:53:51.880+0000] {processor.py:753} INFO - DAG(s) dict_keys(['example_branch_labels']) retrieved from /home/airflow/.local/lib/python3.7/site-packages/airflow/example_dags/example_branch_labels.py
[2022-12-04T15:53:52.053+0000] {logging_mixin.py:137} INFO - [2022-12-04T15:53:52.052+0000] {dag.py:2676} INFO - Sync 1 DAGs
[2022-12-04T15:53:52.157+0000] {logging_mixin.py:137} INFO - [2022-12-04T15:53:52.157+0000] {dag.py:3427} INFO - Setting next_dagrun for example_branch_labels to 2022-12-03T00:00:00+00:00, run_after=2022-12-04T00:00:00+00:00
[2022-12-04T15:53:52.226+0000] {processor.py:175} INFO - Processing /home/airflow/.local/lib/python3.7/site-packages/airflow/example_dags/example_branch_labels.py took 0.449 seconds
[2022-12-04T15:54:23.607+0000] {processor.py:153} INFO - Started process (PID=295) to work on /home/airflow/.local/lib/python3.7/site-packages/airflow/example_dags/example_branch_labels.py
[2022-12-04T15:54:23.609+0000] {processor.py:743} INFO - Processing file /home/airflow/.local/lib/python3.7/site-packages/airflow/example_dags/example_branch_labels.py for tasks to queue
[2022-12-04T15:54:23.611+0000] {logging_mixin.py:137} INFO - [2022-12-04T15:54:23.610+0000] {dagbag.py:538} INFO - Filling up the DagBag from /home/airflow/.local/lib/python3.7/site-packages/airflow/example_dags/example_branch_labels.py
[2022-12-04T15:54:23.695+0000] {processor.py:753} INFO - DAG(s) dict_keys(['example_branch_labels']) retrieved from /home/airflow/.local/lib/python3.7/site-packages/airflow/example_dags/example_branch_labels.py
[2022-12-04T15:54:23.902+0000] {logging_mixin.py:137} INFO - [2022-12-04T15:54:23.902+0000] {dag.py:2676} INFO - Sync 1 DAGs
[2022-12-04T15:54:23.983+0000] {logging_mixin.py:137} INFO - [2022-12-04T15:54:23.983+0000] {dag.py:3427} INFO - Setting next_dagrun for example_branch_labels to 2022-12-03T00:00:00+00:00, run_after=2022-12-04T00:00:00+00:00
[2022-12-04T15:54:24.021+0000] {processor.py:175} INFO - Processing /home/airflow/.local/lib/python3.7/site-packages/airflow/example_dags/example_branch_labels.py took 0.434 seconds
