[2022-12-04T15:52:18.408+0000] {processor.py:153} INFO - Started process (PID=121) to work on /home/airflow/.local/lib/python3.7/site-packages/airflow/example_dags/example_sensors.py
[2022-12-04T15:52:18.411+0000] {processor.py:743} INFO - Processing file /home/airflow/.local/lib/python3.7/site-packages/airflow/example_dags/example_sensors.py for tasks to queue
[2022-12-04T15:52:18.439+0000] {logging_mixin.py:137} INFO - [2022-12-04T15:52:18.438+0000] {dagbag.py:538} INFO - Filling up the DagBag from /home/airflow/.local/lib/python3.7/site-packages/airflow/example_dags/example_sensors.py
[2022-12-04T15:52:19.328+0000] {processor.py:753} INFO - DAG(s) dict_keys(['example_sensors']) retrieved from /home/airflow/.local/lib/python3.7/site-packages/airflow/example_dags/example_sensors.py
[2022-12-04T15:52:20.721+0000] {logging_mixin.py:137} INFO - [2022-12-04T15:52:20.721+0000] {dag.py:2676} INFO - Sync 1 DAGs
[2022-12-04T15:52:21.685+0000] {logging_mixin.py:137} INFO - [2022-12-04T15:52:21.685+0000] {dag.py:3427} INFO - Setting next_dagrun for example_sensors to None, run_after=None
[2022-12-04T15:52:22.659+0000] {processor.py:175} INFO - Processing /home/airflow/.local/lib/python3.7/site-packages/airflow/example_dags/example_sensors.py took 4.414 seconds
[2022-12-04T15:53:28.338+0000] {processor.py:153} INFO - Started process (PID=194) to work on /home/airflow/.local/lib/python3.7/site-packages/airflow/example_dags/example_sensors.py
[2022-12-04T15:53:28.349+0000] {processor.py:743} INFO - Processing file /home/airflow/.local/lib/python3.7/site-packages/airflow/example_dags/example_sensors.py for tasks to queue
[2022-12-04T15:53:28.357+0000] {logging_mixin.py:137} INFO - [2022-12-04T15:53:28.357+0000] {dagbag.py:538} INFO - Filling up the DagBag from /home/airflow/.local/lib/python3.7/site-packages/airflow/example_dags/example_sensors.py
[2022-12-04T15:53:28.478+0000] {processor.py:753} INFO - DAG(s) dict_keys(['example_sensors']) retrieved from /home/airflow/.local/lib/python3.7/site-packages/airflow/example_dags/example_sensors.py
[2022-12-04T15:53:28.665+0000] {logging_mixin.py:137} INFO - [2022-12-04T15:53:28.664+0000] {dag.py:2676} INFO - Sync 1 DAGs
[2022-12-04T15:53:28.797+0000] {logging_mixin.py:137} INFO - [2022-12-04T15:53:28.797+0000] {dag.py:3427} INFO - Setting next_dagrun for example_sensors to None, run_after=None
[2022-12-04T15:53:28.879+0000] {processor.py:175} INFO - Processing /home/airflow/.local/lib/python3.7/site-packages/airflow/example_dags/example_sensors.py took 0.583 seconds
[2022-12-04T15:53:59.704+0000] {processor.py:153} INFO - Started process (PID=253) to work on /home/airflow/.local/lib/python3.7/site-packages/airflow/example_dags/example_sensors.py
[2022-12-04T15:53:59.709+0000] {processor.py:743} INFO - Processing file /home/airflow/.local/lib/python3.7/site-packages/airflow/example_dags/example_sensors.py for tasks to queue
[2022-12-04T15:53:59.721+0000] {logging_mixin.py:137} INFO - [2022-12-04T15:53:59.721+0000] {dagbag.py:538} INFO - Filling up the DagBag from /home/airflow/.local/lib/python3.7/site-packages/airflow/example_dags/example_sensors.py
[2022-12-04T15:53:59.980+0000] {processor.py:753} INFO - DAG(s) dict_keys(['example_sensors']) retrieved from /home/airflow/.local/lib/python3.7/site-packages/airflow/example_dags/example_sensors.py
[2022-12-04T15:54:00.266+0000] {logging_mixin.py:137} INFO - [2022-12-04T15:54:00.266+0000] {dag.py:2676} INFO - Sync 1 DAGs
[2022-12-04T15:54:00.509+0000] {logging_mixin.py:137} INFO - [2022-12-04T15:54:00.509+0000] {dag.py:3427} INFO - Setting next_dagrun for example_sensors to None, run_after=None
[2022-12-04T15:54:00.626+0000] {processor.py:175} INFO - Processing /home/airflow/.local/lib/python3.7/site-packages/airflow/example_dags/example_sensors.py took 0.974 seconds
