[2022-12-04T15:53:19.781+0000] {processor.py:153} INFO - Started process (PID=182) to work on /home/airflow/.local/lib/python3.7/site-packages/airflow/example_dags/example_complex.py
[2022-12-04T15:53:19.783+0000] {processor.py:743} INFO - Processing file /home/airflow/.local/lib/python3.7/site-packages/airflow/example_dags/example_complex.py for tasks to queue
[2022-12-04T15:53:19.855+0000] {logging_mixin.py:137} INFO - [2022-12-04T15:53:19.854+0000] {dagbag.py:538} INFO - Filling up the DagBag from /home/airflow/.local/lib/python3.7/site-packages/airflow/example_dags/example_complex.py
[2022-12-04T15:53:20.270+0000] {logging_mixin.py:137} INFO - [2022-12-04T15:53:20.269+0000] {taskmixin.py:205} WARNING - Dependency <Task(BashOperator): create_entry_group>, delete_entry_group already registered for DAG: example_complex
[2022-12-04T15:53:20.271+0000] {logging_mixin.py:137} INFO - [2022-12-04T15:53:20.270+0000] {taskmixin.py:205} WARNING - Dependency <Task(BashOperator): delete_entry_group>, create_entry_group already registered for DAG: example_complex
[2022-12-04T15:53:20.271+0000] {logging_mixin.py:137} INFO - [2022-12-04T15:53:20.271+0000] {taskmixin.py:205} WARNING - Dependency <Task(BashOperator): create_entry_gcs>, delete_entry already registered for DAG: example_complex
[2022-12-04T15:53:20.271+0000] {logging_mixin.py:137} INFO - [2022-12-04T15:53:20.271+0000] {taskmixin.py:205} WARNING - Dependency <Task(BashOperator): delete_entry>, create_entry_gcs already registered for DAG: example_complex
[2022-12-04T15:53:20.309+0000] {logging_mixin.py:137} INFO - [2022-12-04T15:53:20.308+0000] {taskmixin.py:205} WARNING - Dependency <Task(BashOperator): create_tag>, delete_tag already registered for DAG: example_complex
[2022-12-04T15:53:20.309+0000] {logging_mixin.py:137} INFO - [2022-12-04T15:53:20.309+0000] {taskmixin.py:205} WARNING - Dependency <Task(BashOperator): delete_tag>, create_tag already registered for DAG: example_complex
[2022-12-04T15:53:20.564+0000] {processor.py:753} INFO - DAG(s) dict_keys(['example_complex']) retrieved from /home/airflow/.local/lib/python3.7/site-packages/airflow/example_dags/example_complex.py
[2022-12-04T15:53:21.621+0000] {logging_mixin.py:137} INFO - [2022-12-04T15:53:21.621+0000] {dag.py:2676} INFO - Sync 1 DAGs
[2022-12-04T15:53:22.456+0000] {logging_mixin.py:137} INFO - [2022-12-04T15:53:22.432+0000] {dag.py:3427} INFO - Setting next_dagrun for example_complex to None, run_after=None
[2022-12-04T15:53:22.977+0000] {processor.py:175} INFO - Processing /home/airflow/.local/lib/python3.7/site-packages/airflow/example_dags/example_complex.py took 3.326 seconds
[2022-12-04T15:53:53.280+0000] {processor.py:153} INFO - Started process (PID=236) to work on /home/airflow/.local/lib/python3.7/site-packages/airflow/example_dags/example_complex.py
[2022-12-04T15:53:53.283+0000] {processor.py:743} INFO - Processing file /home/airflow/.local/lib/python3.7/site-packages/airflow/example_dags/example_complex.py for tasks to queue
[2022-12-04T15:53:53.285+0000] {logging_mixin.py:137} INFO - [2022-12-04T15:53:53.285+0000] {dagbag.py:538} INFO - Filling up the DagBag from /home/airflow/.local/lib/python3.7/site-packages/airflow/example_dags/example_complex.py
[2022-12-04T15:53:53.313+0000] {logging_mixin.py:137} INFO - [2022-12-04T15:53:53.312+0000] {taskmixin.py:205} WARNING - Dependency <Task(BashOperator): create_entry_group>, delete_entry_group already registered for DAG: example_complex
[2022-12-04T15:53:53.313+0000] {logging_mixin.py:137} INFO - [2022-12-04T15:53:53.313+0000] {taskmixin.py:205} WARNING - Dependency <Task(BashOperator): delete_entry_group>, create_entry_group already registered for DAG: example_complex
[2022-12-04T15:53:53.314+0000] {logging_mixin.py:137} INFO - [2022-12-04T15:53:53.314+0000] {taskmixin.py:205} WARNING - Dependency <Task(BashOperator): create_entry_gcs>, delete_entry already registered for DAG: example_complex
[2022-12-04T15:53:53.315+0000] {logging_mixin.py:137} INFO - [2022-12-04T15:53:53.314+0000] {taskmixin.py:205} WARNING - Dependency <Task(BashOperator): delete_entry>, create_entry_gcs already registered for DAG: example_complex
[2022-12-04T15:53:53.315+0000] {logging_mixin.py:137} INFO - [2022-12-04T15:53:53.315+0000] {taskmixin.py:205} WARNING - Dependency <Task(BashOperator): create_tag>, delete_tag already registered for DAG: example_complex
[2022-12-04T15:53:53.316+0000] {logging_mixin.py:137} INFO - [2022-12-04T15:53:53.316+0000] {taskmixin.py:205} WARNING - Dependency <Task(BashOperator): delete_tag>, create_tag already registered for DAG: example_complex
[2022-12-04T15:53:53.360+0000] {processor.py:753} INFO - DAG(s) dict_keys(['example_complex']) retrieved from /home/airflow/.local/lib/python3.7/site-packages/airflow/example_dags/example_complex.py
[2022-12-04T15:53:53.733+0000] {logging_mixin.py:137} INFO - [2022-12-04T15:53:53.733+0000] {dag.py:2676} INFO - Sync 1 DAGs
[2022-12-04T15:53:54.181+0000] {logging_mixin.py:137} INFO - [2022-12-04T15:53:54.181+0000] {dag.py:3427} INFO - Setting next_dagrun for example_complex to None, run_after=None
[2022-12-04T15:53:54.320+0000] {processor.py:175} INFO - Processing /home/airflow/.local/lib/python3.7/site-packages/airflow/example_dags/example_complex.py took 1.048 seconds
[2022-12-04T15:54:24.997+0000] {processor.py:153} INFO - Started process (PID=297) to work on /home/airflow/.local/lib/python3.7/site-packages/airflow/example_dags/example_complex.py
[2022-12-04T15:54:24.999+0000] {processor.py:743} INFO - Processing file /home/airflow/.local/lib/python3.7/site-packages/airflow/example_dags/example_complex.py for tasks to queue
[2022-12-04T15:54:25.008+0000] {logging_mixin.py:137} INFO - [2022-12-04T15:54:25.008+0000] {dagbag.py:538} INFO - Filling up the DagBag from /home/airflow/.local/lib/python3.7/site-packages/airflow/example_dags/example_complex.py
[2022-12-04T15:54:25.055+0000] {logging_mixin.py:137} INFO - [2022-12-04T15:54:25.055+0000] {taskmixin.py:205} WARNING - Dependency <Task(BashOperator): create_entry_group>, delete_entry_group already registered for DAG: example_complex
[2022-12-04T15:54:25.056+0000] {logging_mixin.py:137} INFO - [2022-12-04T15:54:25.056+0000] {taskmixin.py:205} WARNING - Dependency <Task(BashOperator): delete_entry_group>, create_entry_group already registered for DAG: example_complex
[2022-12-04T15:54:25.057+0000] {logging_mixin.py:137} INFO - [2022-12-04T15:54:25.057+0000] {taskmixin.py:205} WARNING - Dependency <Task(BashOperator): create_entry_gcs>, delete_entry already registered for DAG: example_complex
[2022-12-04T15:54:25.058+0000] {logging_mixin.py:137} INFO - [2022-12-04T15:54:25.058+0000] {taskmixin.py:205} WARNING - Dependency <Task(BashOperator): delete_entry>, create_entry_gcs already registered for DAG: example_complex
[2022-12-04T15:54:25.068+0000] {logging_mixin.py:137} INFO - [2022-12-04T15:54:25.068+0000] {taskmixin.py:205} WARNING - Dependency <Task(BashOperator): create_tag>, delete_tag already registered for DAG: example_complex
[2022-12-04T15:54:25.073+0000] {logging_mixin.py:137} INFO - [2022-12-04T15:54:25.073+0000] {taskmixin.py:205} WARNING - Dependency <Task(BashOperator): delete_tag>, create_tag already registered for DAG: example_complex
[2022-12-04T15:54:25.104+0000] {processor.py:753} INFO - DAG(s) dict_keys(['example_complex']) retrieved from /home/airflow/.local/lib/python3.7/site-packages/airflow/example_dags/example_complex.py
[2022-12-04T15:54:25.212+0000] {logging_mixin.py:137} INFO - [2022-12-04T15:54:25.212+0000] {dag.py:2676} INFO - Sync 1 DAGs
[2022-12-04T15:54:25.291+0000] {logging_mixin.py:137} INFO - [2022-12-04T15:54:25.290+0000] {dag.py:3427} INFO - Setting next_dagrun for example_complex to None, run_after=None
[2022-12-04T15:54:25.340+0000] {processor.py:175} INFO - Processing /home/airflow/.local/lib/python3.7/site-packages/airflow/example_dags/example_complex.py took 0.366 seconds
