[2022-12-04T15:53:00.629+0000] {processor.py:153} INFO - Started process (PID=155) to work on /home/airflow/.local/lib/python3.7/site-packages/airflow/example_dags/example_short_circuit_decorator.py
[2022-12-04T15:53:00.661+0000] {processor.py:743} INFO - Processing file /home/airflow/.local/lib/python3.7/site-packages/airflow/example_dags/example_short_circuit_decorator.py for tasks to queue
[2022-12-04T15:53:00.662+0000] {logging_mixin.py:137} INFO - [2022-12-04T15:53:00.662+0000] {dagbag.py:538} INFO - Filling up the DagBag from /home/airflow/.local/lib/python3.7/site-packages/airflow/example_dags/example_short_circuit_decorator.py
[2022-12-04T15:53:01.203+0000] {processor.py:753} INFO - DAG(s) dict_keys(['example_short_circuit_decorator']) retrieved from /home/airflow/.local/lib/python3.7/site-packages/airflow/example_dags/example_short_circuit_decorator.py
[2022-12-04T15:53:02.347+0000] {logging_mixin.py:137} INFO - [2022-12-04T15:53:02.347+0000] {dag.py:2676} INFO - Sync 1 DAGs
[2022-12-04T15:53:03.387+0000] {logging_mixin.py:137} INFO - [2022-12-04T15:53:03.327+0000] {dag.py:3427} INFO - Setting next_dagrun for example_short_circuit_decorator to 2022-12-03T15:53:03.326739+00:00, run_after=2022-12-04T15:53:03.326739+00:00
[2022-12-04T15:53:04.176+0000] {processor.py:175} INFO - Processing /home/airflow/.local/lib/python3.7/site-packages/airflow/example_dags/example_short_circuit_decorator.py took 3.600 seconds
[2022-12-04T15:53:43.245+0000] {processor.py:153} INFO - Started process (PID=219) to work on /home/airflow/.local/lib/python3.7/site-packages/airflow/example_dags/example_short_circuit_decorator.py
[2022-12-04T15:53:43.257+0000] {processor.py:743} INFO - Processing file /home/airflow/.local/lib/python3.7/site-packages/airflow/example_dags/example_short_circuit_decorator.py for tasks to queue
[2022-12-04T15:53:43.261+0000] {logging_mixin.py:137} INFO - [2022-12-04T15:53:43.261+0000] {dagbag.py:538} INFO - Filling up the DagBag from /home/airflow/.local/lib/python3.7/site-packages/airflow/example_dags/example_short_circuit_decorator.py
[2022-12-04T15:53:43.530+0000] {processor.py:753} INFO - DAG(s) dict_keys(['example_short_circuit_decorator']) retrieved from /home/airflow/.local/lib/python3.7/site-packages/airflow/example_dags/example_short_circuit_decorator.py
[2022-12-04T15:53:43.869+0000] {logging_mixin.py:137} INFO - [2022-12-04T15:53:43.869+0000] {dag.py:2676} INFO - Sync 1 DAGs
[2022-12-04T15:53:44.022+0000] {logging_mixin.py:137} INFO - [2022-12-04T15:53:44.022+0000] {dag.py:3427} INFO - Setting next_dagrun for example_short_circuit_decorator to 2022-12-03T15:53:44.021511+00:00, run_after=2022-12-04T15:53:44.021511+00:00
[2022-12-04T15:53:44.117+0000] {processor.py:175} INFO - Processing /home/airflow/.local/lib/python3.7/site-packages/airflow/example_dags/example_short_circuit_decorator.py took 0.914 seconds
[2022-12-04T15:54:14.349+0000] {processor.py:153} INFO - Started process (PID=278) to work on /home/airflow/.local/lib/python3.7/site-packages/airflow/example_dags/example_short_circuit_decorator.py
[2022-12-04T15:54:14.365+0000] {processor.py:743} INFO - Processing file /home/airflow/.local/lib/python3.7/site-packages/airflow/example_dags/example_short_circuit_decorator.py for tasks to queue
[2022-12-04T15:54:14.366+0000] {logging_mixin.py:137} INFO - [2022-12-04T15:54:14.366+0000] {dagbag.py:538} INFO - Filling up the DagBag from /home/airflow/.local/lib/python3.7/site-packages/airflow/example_dags/example_short_circuit_decorator.py
[2022-12-04T15:54:14.591+0000] {processor.py:753} INFO - DAG(s) dict_keys(['example_short_circuit_decorator']) retrieved from /home/airflow/.local/lib/python3.7/site-packages/airflow/example_dags/example_short_circuit_decorator.py
[2022-12-04T15:54:15.041+0000] {logging_mixin.py:137} INFO - [2022-12-04T15:54:15.041+0000] {dag.py:2676} INFO - Sync 1 DAGs
[2022-12-04T15:54:15.541+0000] {logging_mixin.py:137} INFO - [2022-12-04T15:54:15.540+0000] {dag.py:3427} INFO - Setting next_dagrun for example_short_circuit_decorator to 2022-12-03T15:54:15.539873+00:00, run_after=2022-12-04T15:54:15.539873+00:00
[2022-12-04T15:54:15.901+0000] {processor.py:175} INFO - Processing /home/airflow/.local/lib/python3.7/site-packages/airflow/example_dags/example_short_circuit_decorator.py took 1.613 seconds
