[2022-12-04T15:53:10.944+0000] {processor.py:153} INFO - Started process (PID=167) to work on /home/airflow/.local/lib/python3.7/site-packages/airflow/example_dags/example_dag_decorator.py
[2022-12-04T15:53:10.946+0000] {processor.py:743} INFO - Processing file /home/airflow/.local/lib/python3.7/site-packages/airflow/example_dags/example_dag_decorator.py for tasks to queue
[2022-12-04T15:53:10.948+0000] {logging_mixin.py:137} INFO - [2022-12-04T15:53:10.947+0000] {dagbag.py:538} INFO - Filling up the DagBag from /home/airflow/.local/lib/python3.7/site-packages/airflow/example_dags/example_dag_decorator.py
[2022-12-04T15:53:11.070+0000] {logging_mixin.py:137} INFO - [2022-12-04T15:53:11.070+0000] {taskmixin.py:205} WARNING - Dependency <Task(_PythonDecoratedOperator): prepare_email>, send_email already registered for DAG: example_dag_decorator
[2022-12-04T15:53:11.072+0000] {logging_mixin.py:137} INFO - [2022-12-04T15:53:11.072+0000] {taskmixin.py:205} WARNING - Dependency <Task(EmailOperator): send_email>, prepare_email already registered for DAG: example_dag_decorator
[2022-12-04T15:53:11.181+0000] {processor.py:753} INFO - DAG(s) dict_keys(['example_dag_decorator']) retrieved from /home/airflow/.local/lib/python3.7/site-packages/airflow/example_dags/example_dag_decorator.py
[2022-12-04T15:53:11.756+0000] {logging_mixin.py:137} INFO - [2022-12-04T15:53:11.755+0000] {dag.py:2676} INFO - Sync 1 DAGs
[2022-12-04T15:53:11.953+0000] {logging_mixin.py:137} INFO - [2022-12-04T15:53:11.953+0000] {dag.py:3427} INFO - Setting next_dagrun for example_dag_decorator to None, run_after=None
[2022-12-04T15:53:12.096+0000] {processor.py:175} INFO - Processing /home/airflow/.local/lib/python3.7/site-packages/airflow/example_dags/example_dag_decorator.py took 1.242 seconds
[2022-12-04T15:53:46.628+0000] {processor.py:153} INFO - Started process (PID=229) to work on /home/airflow/.local/lib/python3.7/site-packages/airflow/example_dags/example_dag_decorator.py
[2022-12-04T15:53:46.632+0000] {processor.py:743} INFO - Processing file /home/airflow/.local/lib/python3.7/site-packages/airflow/example_dags/example_dag_decorator.py for tasks to queue
[2022-12-04T15:53:46.641+0000] {logging_mixin.py:137} INFO - [2022-12-04T15:53:46.641+0000] {dagbag.py:538} INFO - Filling up the DagBag from /home/airflow/.local/lib/python3.7/site-packages/airflow/example_dags/example_dag_decorator.py
[2022-12-04T15:53:46.734+0000] {logging_mixin.py:137} INFO - [2022-12-04T15:53:46.734+0000] {taskmixin.py:205} WARNING - Dependency <Task(_PythonDecoratedOperator): prepare_email>, send_email already registered for DAG: example_dag_decorator
[2022-12-04T15:53:46.737+0000] {logging_mixin.py:137} INFO - [2022-12-04T15:53:46.736+0000] {taskmixin.py:205} WARNING - Dependency <Task(EmailOperator): send_email>, prepare_email already registered for DAG: example_dag_decorator
[2022-12-04T15:53:46.771+0000] {processor.py:753} INFO - DAG(s) dict_keys(['example_dag_decorator']) retrieved from /home/airflow/.local/lib/python3.7/site-packages/airflow/example_dags/example_dag_decorator.py
[2022-12-04T15:53:47.021+0000] {logging_mixin.py:137} INFO - [2022-12-04T15:53:47.021+0000] {dag.py:2676} INFO - Sync 1 DAGs
[2022-12-04T15:53:47.158+0000] {logging_mixin.py:137} INFO - [2022-12-04T15:53:47.158+0000] {dag.py:3427} INFO - Setting next_dagrun for example_dag_decorator to None, run_after=None
[2022-12-04T15:53:47.255+0000] {processor.py:175} INFO - Processing /home/airflow/.local/lib/python3.7/site-packages/airflow/example_dags/example_dag_decorator.py took 0.642 seconds
[2022-12-04T15:54:20.575+0000] {processor.py:153} INFO - Started process (PID=289) to work on /home/airflow/.local/lib/python3.7/site-packages/airflow/example_dags/example_dag_decorator.py
[2022-12-04T15:54:20.607+0000] {processor.py:743} INFO - Processing file /home/airflow/.local/lib/python3.7/site-packages/airflow/example_dags/example_dag_decorator.py for tasks to queue
[2022-12-04T15:54:20.613+0000] {logging_mixin.py:137} INFO - [2022-12-04T15:54:20.612+0000] {dagbag.py:538} INFO - Filling up the DagBag from /home/airflow/.local/lib/python3.7/site-packages/airflow/example_dags/example_dag_decorator.py
[2022-12-04T15:54:20.755+0000] {logging_mixin.py:137} INFO - [2022-12-04T15:54:20.755+0000] {taskmixin.py:205} WARNING - Dependency <Task(_PythonDecoratedOperator): prepare_email>, send_email already registered for DAG: example_dag_decorator
[2022-12-04T15:54:20.773+0000] {logging_mixin.py:137} INFO - [2022-12-04T15:54:20.772+0000] {taskmixin.py:205} WARNING - Dependency <Task(EmailOperator): send_email>, prepare_email already registered for DAG: example_dag_decorator
[2022-12-04T15:54:20.920+0000] {processor.py:753} INFO - DAG(s) dict_keys(['example_dag_decorator']) retrieved from /home/airflow/.local/lib/python3.7/site-packages/airflow/example_dags/example_dag_decorator.py
[2022-12-04T15:54:21.755+0000] {logging_mixin.py:137} INFO - [2022-12-04T15:54:21.754+0000] {dag.py:2676} INFO - Sync 1 DAGs
[2022-12-04T15:54:21.973+0000] {logging_mixin.py:137} INFO - [2022-12-04T15:54:21.964+0000] {dag.py:3427} INFO - Setting next_dagrun for example_dag_decorator to None, run_after=None
[2022-12-04T15:54:22.259+0000] {processor.py:175} INFO - Processing /home/airflow/.local/lib/python3.7/site-packages/airflow/example_dags/example_dag_decorator.py took 1.700 seconds
