[2022-12-04T15:52:56.666+0000] {processor.py:153} INFO - Started process (PID=154) to work on /home/airflow/.local/lib/python3.7/site-packages/airflow/example_dags/tutorial.py
[2022-12-04T15:52:56.704+0000] {processor.py:743} INFO - Processing file /home/airflow/.local/lib/python3.7/site-packages/airflow/example_dags/tutorial.py for tasks to queue
[2022-12-04T15:52:56.706+0000] {logging_mixin.py:137} INFO - [2022-12-04T15:52:56.706+0000] {dagbag.py:538} INFO - Filling up the DagBag from /home/airflow/.local/lib/python3.7/site-packages/airflow/example_dags/tutorial.py
[2022-12-04T15:52:57.187+0000] {processor.py:753} INFO - DAG(s) dict_keys(['tutorial']) retrieved from /home/airflow/.local/lib/python3.7/site-packages/airflow/example_dags/tutorial.py
[2022-12-04T15:52:58.661+0000] {logging_mixin.py:137} INFO - [2022-12-04T15:52:58.660+0000] {dag.py:2676} INFO - Sync 1 DAGs
[2022-12-04T15:52:59.578+0000] {logging_mixin.py:137} INFO - [2022-12-04T15:52:59.578+0000] {dag.py:3427} INFO - Setting next_dagrun for tutorial to 2022-12-03T15:52:59.577667+00:00, run_after=2022-12-04T15:52:59.577667+00:00
[2022-12-04T15:53:00.268+0000] {processor.py:175} INFO - Processing /home/airflow/.local/lib/python3.7/site-packages/airflow/example_dags/tutorial.py took 3.679 seconds
[2022-12-04T15:53:42.197+0000] {processor.py:153} INFO - Started process (PID=218) to work on /home/airflow/.local/lib/python3.7/site-packages/airflow/example_dags/tutorial.py
[2022-12-04T15:53:42.225+0000] {processor.py:743} INFO - Processing file /home/airflow/.local/lib/python3.7/site-packages/airflow/example_dags/tutorial.py for tasks to queue
[2022-12-04T15:53:42.227+0000] {logging_mixin.py:137} INFO - [2022-12-04T15:53:42.226+0000] {dagbag.py:538} INFO - Filling up the DagBag from /home/airflow/.local/lib/python3.7/site-packages/airflow/example_dags/tutorial.py
[2022-12-04T15:53:42.550+0000] {processor.py:753} INFO - DAG(s) dict_keys(['tutorial']) retrieved from /home/airflow/.local/lib/python3.7/site-packages/airflow/example_dags/tutorial.py
[2022-12-04T15:53:42.930+0000] {logging_mixin.py:137} INFO - [2022-12-04T15:53:42.929+0000] {dag.py:2676} INFO - Sync 1 DAGs
[2022-12-04T15:53:43.238+0000] {logging_mixin.py:137} INFO - [2022-12-04T15:53:43.237+0000] {dag.py:3427} INFO - Setting next_dagrun for tutorial to 2022-12-03T15:53:43.236806+00:00, run_after=2022-12-04T15:53:43.236806+00:00
[2022-12-04T15:53:43.419+0000] {processor.py:175} INFO - Processing /home/airflow/.local/lib/python3.7/site-packages/airflow/example_dags/tutorial.py took 1.288 seconds
[2022-12-04T15:54:13.583+0000] {processor.py:153} INFO - Started process (PID=270) to work on /home/airflow/.local/lib/python3.7/site-packages/airflow/example_dags/tutorial.py
[2022-12-04T15:54:13.585+0000] {processor.py:743} INFO - Processing file /home/airflow/.local/lib/python3.7/site-packages/airflow/example_dags/tutorial.py for tasks to queue
[2022-12-04T15:54:13.589+0000] {logging_mixin.py:137} INFO - [2022-12-04T15:54:13.588+0000] {dagbag.py:538} INFO - Filling up the DagBag from /home/airflow/.local/lib/python3.7/site-packages/airflow/example_dags/tutorial.py
[2022-12-04T15:54:13.719+0000] {processor.py:753} INFO - DAG(s) dict_keys(['tutorial']) retrieved from /home/airflow/.local/lib/python3.7/site-packages/airflow/example_dags/tutorial.py
[2022-12-04T15:54:14.051+0000] {logging_mixin.py:137} INFO - [2022-12-04T15:54:14.051+0000] {dag.py:2676} INFO - Sync 1 DAGs
[2022-12-04T15:54:14.294+0000] {logging_mixin.py:137} INFO - [2022-12-04T15:54:14.294+0000] {dag.py:3427} INFO - Setting next_dagrun for tutorial to 2022-12-03T15:54:14.293380+00:00, run_after=2022-12-04T15:54:14.293380+00:00
[2022-12-04T15:54:14.464+0000] {processor.py:175} INFO - Processing /home/airflow/.local/lib/python3.7/site-packages/airflow/example_dags/tutorial.py took 0.904 seconds
